<?xml version="1.0" encoding="UTF-8"?>
<coverage generated="1772431302505" clover="3.2.0">
  <project timestamp="1772431302507" name="All files">
    <metrics statements="822" coveredstatements="759" conditionals="619" coveredconditionals="442" methods="231" coveredmethods="210" elements="1672" coveredelements="1411" complexity="0" loc="822" ncloc="822" packages="12" files="47" classes="47"/>
    <package name="src.server.knowledge">
      <metrics statements="168" coveredstatements="157" conditionals="139" coveredconditionals="106" methods="24" coveredmethods="23"/>
      <file name="answerSafetyPolicy.ts" path="D:\web\clawtest\src\server\knowledge\answerSafetyPolicy.ts">
        <metrics statements="10" coveredstatements="9" conditionals="18" coveredconditionals="16" methods="2" coveredmethods="2"/>
        <line num="21" count="10" type="cond" truecount="4" falsecount="0"/>
        <line num="24" count="9" type="cond" truecount="4" falsecount="0"/>
        <line num="27" count="8" type="cond" truecount="4" falsecount="0"/>
        <line num="30" count="1" type="cond" truecount="1" falsecount="1"/>
        <line num="33" count="1" type="stmt"/>
        <line num="41" count="10" type="cond" truecount="3" falsecount="1"/>
        <line num="43" count="2" type="stmt"/>
        <line num="45" count="7" type="stmt"/>
        <line num="51" count="0" type="stmt"/>
        <line num="57" count="1" type="stmt"/>
      </file>
      <file name="eventAnswerComputer.ts" path="D:\web\clawtest\src\server\knowledge\eventAnswerComputer.ts">
        <metrics statements="10" coveredstatements="10" conditionals="12" coveredconditionals="6" methods="2" coveredmethods="2"/>
        <line num="22" count="2" type="stmt"/>
        <line num="44" count="1" type="stmt"/>
        <line num="53" count="1" type="stmt"/>
        <line num="55" count="1" type="cond" truecount="1" falsecount="1"/>
        <line num="57" count="1" type="cond" truecount="1" falsecount="1"/>
        <line num="61" count="1" type="cond" truecount="2" falsecount="2"/>
        <line num="62" count="1" type="cond" truecount="1" falsecount="1"/>
        <line num="64" count="1" type="stmt"/>
        <line num="68" count="1" type="cond" truecount="1" falsecount="1"/>
        <line num="69" count="1" type="stmt"/>
      </file>
      <file name="personaStrategies.ts" path="D:\web\clawtest\src\server\knowledge\personaStrategies.ts">
        <metrics statements="10" coveredstatements="7" conditionals="12" coveredconditionals="8" methods="1" coveredmethods="1"/>
        <line num="27" count="3" type="stmt"/>
        <line num="113" count="2" type="cond" truecount="1" falsecount="1"/>
        <line num="114" count="2" type="stmt"/>
        <line num="117" count="2" type="cond" truecount="1" falsecount="1"/>
        <line num="118" count="0" type="stmt"/>
        <line num="122" count="2" type="cond" truecount="3" falsecount="1"/>
        <line num="123" count="0" type="stmt"/>
        <line num="127" count="2" type="cond" truecount="3" falsecount="1"/>
        <line num="128" count="0" type="stmt"/>
        <line num="131" count="2" type="stmt"/>
      </file>
      <file name="queryPlanner.ts" path="D:\web\clawtest\src\server\knowledge\queryPlanner.ts">
        <metrics statements="78" coveredstatements="75" conditionals="55" coveredconditionals="46" methods="12" coveredmethods="12"/>
        <line num="39" count="5" type="stmt"/>
        <line num="43" count="1" type="stmt"/>
        <line num="47" count="1" type="stmt"/>
        <line num="53" count="2" type="stmt"/>
        <line num="54" count="2" type="stmt"/>
        <line num="55" count="2" type="stmt"/>
        <line num="59" count="1" type="stmt"/>
        <line num="60" count="1" type="stmt"/>
        <line num="61" count="1" type="stmt"/>
        <line num="65" count="17" type="stmt"/>
        <line num="66" count="17" type="cond" truecount="2" falsecount="0"/>
        <line num="67" count="2" type="stmt"/>
        <line num="68" count="2" type="stmt"/>
        <line num="69" count="2" type="stmt"/>
        <line num="75" count="15" type="cond" truecount="1" falsecount="1"/>
        <line num="76" count="0" type="stmt"/>
        <line num="77" count="0" type="stmt"/>
        <line num="83" count="15" type="cond" truecount="2" falsecount="0"/>
        <line num="84" count="1" type="stmt"/>
        <line num="85" count="1" type="stmt"/>
        <line num="91" count="14" type="cond" truecount="4" falsecount="0"/>
        <line num="92" count="2" type="stmt"/>
        <line num="93" count="2" type="stmt"/>
        <line num="94" count="2" type="stmt"/>
        <line num="95" count="2" type="stmt"/>
        <line num="101" count="12" type="stmt"/>
        <line num="105" count="17" type="stmt"/>
        <line num="106" count="17" type="cond" truecount="2" falsecount="0"/>
        <line num="107" count="4" type="stmt"/>
        <line num="111" count="17" type="stmt"/>
        <line num="112" count="17" type="cond" truecount="2" falsecount="0"/>
        <line num="115" count="15" type="stmt"/>
        <line num="127" count="15" type="stmt"/>
        <line num="128" count="147" type="stmt"/>
        <line num="129" count="147" type="stmt"/>
        <line num="130" count="147" type="cond" truecount="2" falsecount="0"/>
        <line num="131" count="1" type="stmt"/>
        <line num="132" count="1" type="stmt"/>
        <line num="133" count="1" type="stmt"/>
        <line num="134" count="1" type="cond" truecount="1" falsecount="1"/>
        <line num="137" count="14" type="stmt"/>
        <line num="138" count="14" type="stmt"/>
        <line num="142" count="14" type="stmt"/>
        <line num="143" count="14" type="cond" truecount="1" falsecount="1"/>
        <line num="144" count="17" type="stmt"/>
        <line num="146" count="17" type="stmt"/>
        <line num="147" count="69" type="cond" truecount="2" falsecount="0"/>
        <line num="151" count="6" type="cond" truecount="2" falsecount="0"/>
        <line num="152" count="69" type="cond" truecount="4" falsecount="0"/>
        <line num="155" count="11" type="stmt"/>
        <line num="159" count="17" type="stmt"/>
        <line num="160" count="17" type="cond" truecount="2" falsecount="0"/>
        <line num="161" count="2" type="stmt"/>
        <line num="163" count="15" type="cond" truecount="2" falsecount="0"/>
        <line num="164" count="2" type="stmt"/>
        <line num="166" count="13" type="cond" truecount="2" falsecount="0"/>
        <line num="167" count="1" type="stmt"/>
        <line num="169" count="12" type="stmt"/>
        <line num="173" count="17" type="stmt"/>
        <line num="174" count="17" type="cond" truecount="2" falsecount="0"/>
        <line num="175" count="15" type="cond" truecount="1" falsecount="1"/>
        <line num="176" count="0" type="stmt"/>
        <line num="178" count="15" type="cond" truecount="2" falsecount="0"/>
        <line num="179" count="11" type="stmt"/>
        <line num="181" count="4" type="stmt"/>
        <line num="184" count="3" type="stmt"/>
        <line num="199" count="2" type="stmt"/>
        <line num="202" count="2" type="stmt"/>
        <line num="203" count="2" type="cond" truecount="1" falsecount="1"/>
        <line num="204" count="2" type="stmt"/>
        <line num="205" count="2" type="stmt"/>
        <line num="209" count="2" type="cond" truecount="2" falsecount="2"/>
        <line num="211" count="2" type="stmt"/>
        <line num="218" count="17" type="cond" truecount="1" falsecount="1"/>
        <line num="219" count="17" type="stmt"/>
        <line num="220" count="17" type="stmt"/>
        <line num="222" count="17" type="cond" truecount="2" falsecount="0"/>
        <line num="224" count="17" type="stmt"/>
      </file>
      <file name="recallBudgetCalculator.ts" path="D:\web\clawtest\src\server\knowledge\recallBudgetCalculator.ts">
        <metrics statements="17" coveredstatements="17" conditionals="8" coveredconditionals="7" methods="2" coveredmethods="2"/>
        <line num="35" count="2" type="stmt"/>
        <line num="74" count="10" type="cond" truecount="2" falsecount="0"/>
        <line num="75" count="1" type="stmt"/>
        <line num="77" count="9" type="cond" truecount="2" falsecount="0"/>
        <line num="79" count="8" type="cond" truecount="2" falsecount="0"/>
        <line num="80" count="1" type="stmt"/>
        <line num="82" count="7" type="stmt"/>
        <line num="89" count="10" type="cond" truecount="1" falsecount="1"/>
        <line num="92" count="10" type="stmt"/>
        <line num="93" count="10" type="stmt"/>
        <line num="95" count="10" type="stmt"/>
        <line num="96" count="10" type="stmt"/>
        <line num="97" count="10" type="stmt"/>
        <line num="98" count="10" type="stmt"/>
        <line num="99" count="10" type="stmt"/>
        <line num="101" count="10" type="stmt"/>
        <line num="103" count="10" type="stmt"/>
      </file>
      <file name="recallScoring.ts" path="D:\web\clawtest\src\server\knowledge\recallScoring.ts">
        <metrics statements="16" coveredstatements="13" conditionals="12" coveredconditionals="9" methods="2" coveredmethods="1"/>
        <line num="22" count="0" type="stmt"/>
        <line num="37" count="8" type="cond" truecount="1" falsecount="1"/>
        <line num="39" count="8" type="stmt"/>
        <line num="42" count="8" type="cond" truecount="2" falsecount="0"/>
        <line num="43" count="1" type="stmt"/>
        <line num="44" count="7" type="cond" truecount="2" falsecount="0"/>
        <line num="45" count="3" type="stmt"/>
        <line num="46" count="4" type="cond" truecount="2" falsecount="0"/>
        <line num="47" count="2" type="stmt"/>
        <line num="49" count="2" type="stmt"/>
        <line num="52" count="8" type="stmt"/>
        <line num="53" count="8" type="cond" truecount="1" falsecount="1"/>
        <line num="54" count="0" type="stmt"/>
        <line num="55" count="8" type="cond" truecount="1" falsecount="1"/>
        <line num="56" count="0" type="stmt"/>
        <line num="59" count="8" type="stmt"/>
      </file>
      <file name="retrievalService.ts" path="D:\web\clawtest\src\server\knowledge\retrievalService.ts">
        <metrics statements="0" coveredstatements="0" conditionals="0" coveredconditionals="0" methods="0" coveredmethods="0"/>
      </file>
      <file name="tokenBudget.ts" path="D:\web\clawtest\src\server\knowledge\tokenBudget.ts">
        <metrics statements="27" coveredstatements="26" conditionals="22" coveredconditionals="14" methods="3" coveredmethods="3"/>
        <line num="2" count="505" type="cond" truecount="1" falsecount="1"/>
        <line num="3" count="505" type="cond" truecount="1" falsecount="1"/>
        <line num="4" count="505" type="stmt"/>
        <line num="8" count="40" type="cond" truecount="1" falsecount="1"/>
        <line num="9" count="40" type="cond" truecount="1" falsecount="1"/>
        <line num="10" count="40" type="cond" truecount="1" falsecount="1"/>
        <line num="12" count="40" type="stmt"/>
        <line num="13" count="40" type="stmt"/>
        <line num="15" count="40" type="stmt"/>
        <line num="16" count="445" type="cond" truecount="2" falsecount="0"/>
        <line num="17" count="445" type="cond" truecount="2" falsecount="0"/>
        <line num="18" count="443" type="stmt"/>
        <line num="21" count="40" type="stmt"/>
        <line num="22" count="40" type="cond" truecount="2" falsecount="0"/>
        <line num="23" count="0" type="stmt"/>
        <line num="26" count="40" type="stmt"/>
        <line num="34" count="10" type="stmt"/>
        <line num="35" count="10" type="stmt"/>
        <line num="37" count="10" type="stmt"/>
        <line num="38" count="10" type="stmt"/>
        <line num="39" count="40" type="cond" truecount="1" falsecount="1"/>
        <line num="41" count="10" type="cond" truecount="1" falsecount="1"/>
        <line num="43" count="10" type="stmt"/>
        <line num="44" count="40" type="cond" truecount="1" falsecount="1"/>
        <line num="45" count="40" type="stmt"/>
        <line num="46" count="40" type="stmt"/>
        <line num="49" count="10" type="stmt"/>
      </file>
    </package>
    <package name="src.server.knowledge.retrieval">
      <metrics statements="0" coveredstatements="0" conditionals="0" coveredconditionals="0" methods="0" coveredmethods="0"/>
      <file name="index.ts" path="D:\web\clawtest\src\server\knowledge\retrieval\index.ts">
        <metrics statements="0" coveredstatements="0" conditionals="0" coveredconditionals="0" methods="0" coveredmethods="0"/>
      </file>
    </package>
    <package name="src.server.knowledge.retrieval.formatters">
      <metrics statements="104" coveredstatements="97" conditionals="115" coveredconditionals="82" methods="32" coveredmethods="30"/>
      <file name="answerDraftBuilder.ts" path="D:\web\clawtest\src\server\knowledge\retrieval\formatters\answerDraftBuilder.ts">
        <metrics statements="22" coveredstatements="21" conditionals="27" coveredconditionals="20" methods="12" coveredmethods="11"/>
        <line num="31" count="10" type="stmt"/>
        <line num="33" count="10" type="cond" truecount="2" falsecount="0"/>
        <line num="34" count="2" type="stmt"/>
        <line num="38" count="0" type="stmt"/>
        <line num="43" count="1" type="stmt"/>
        <line num="52" count="6" type="stmt"/>
        <line num="55" count="8" type="stmt"/>
        <line num="56" count="8" type="stmt"/>
        <line num="70" count="10" type="cond" truecount="2" falsecount="0"/>
        <line num="71" count="8" type="stmt"/>
        <line num="73" count="2" type="stmt"/>
        <line num="74" count="5" type="stmt"/>
        <line num="75" count="1" type="stmt"/>
        <line num="88" count="10" type="stmt"/>
        <line num="89" count="10" type="stmt"/>
        <line num="90" count="5" type="stmt"/>
        <line num="91" count="5" type="stmt"/>
        <line num="95" count="10" type="stmt"/>
        <line num="96" count="5" type="stmt"/>
        <line num="97" count="5" type="stmt"/>
        <line num="100" count="10" type="stmt"/>
        <line num="104" count="10" type="stmt"/>
      </file>
      <file name="budgetCalculator.ts" path="D:\web\clawtest\src\server\knowledge\retrieval\formatters\budgetCalculator.ts">
        <metrics statements="14" coveredstatements="13" conditionals="8" coveredconditionals="6" methods="1" coveredmethods="1"/>
        <line num="35" count="10" type="stmt"/>
        <line num="38" count="10" type="stmt"/>
        <line num="39" count="10" type="stmt"/>
        <line num="46" count="10" type="stmt"/>
        <line num="47" count="10" type="stmt"/>
        <line num="52" count="10" type="stmt"/>
        <line num="60" count="10" type="stmt"/>
        <line num="67" count="10" type="stmt"/>
        <line num="68" count="10" type="stmt"/>
        <line num="70" count="10" type="stmt"/>
        <line num="78" count="10" type="cond" truecount="1" falsecount="1"/>
        <line num="79" count="0" type="stmt"/>
        <line num="82" count="10" type="stmt"/>
        <line num="84" count="10" type="stmt"/>
      </file>
      <file name="contextFormatter.ts" path="D:\web\clawtest\src\server\knowledge\retrieval\formatters\contextFormatter.ts">
        <metrics statements="27" coveredstatements="26" conditionals="24" coveredconditionals="19" methods="9" coveredmethods="8"/>
        <line num="7" count="9" type="cond" truecount="2" falsecount="0"/>
        <line num="10" count="9" type="cond" truecount="2" falsecount="0"/>
        <line num="11" count="1" type="stmt"/>
        <line num="18" count="12" type="stmt"/>
        <line num="19" count="12" type="cond" truecount="2" falsecount="0"/>
        <line num="20" count="3" type="stmt"/>
        <line num="21" count="2" type="stmt"/>
        <line num="26" count="2" type="stmt"/>
        <line num="27" count="3" type="cond" truecount="2" falsecount="0"/>
        <line num="29" count="2" type="cond" truecount="2" falsecount="0"/>
        <line num="30" count="0" type="stmt"/>
        <line num="32" count="3" type="cond" truecount="1" falsecount="1"/>
        <line num="33" count="2" type="stmt"/>
        <line num="36" count="9" type="stmt"/>
        <line num="37" count="1" type="cond" truecount="1" falsecount="1"/>
        <line num="38" count="1" type="stmt"/>
        <line num="40" count="1" type="stmt"/>
        <line num="42" count="9" type="cond" truecount="2" falsecount="0"/>
        <line num="43" count="8" type="cond" truecount="2" falsecount="0"/>
        <line num="51" count="1" type="stmt"/>
        <line num="52" count="1" type="stmt"/>
        <line num="53" count="1" type="stmt"/>
        <line num="54" count="2" type="cond" truecount="1" falsecount="1"/>
        <line num="56" count="1" type="stmt"/>
        <line num="57" count="2" type="cond" truecount="1" falsecount="1"/>
        <line num="58" count="2" type="stmt"/>
        <line num="60" count="1" type="stmt"/>
      </file>
      <file name="displayUtils.ts" path="D:\web\clawtest\src\server\knowledge\retrieval\formatters\displayUtils.ts">
        <metrics statements="11" coveredstatements="11" conditionals="17" coveredconditionals="16" methods="3" coveredmethods="3"/>
        <line num="5" count="10" type="cond" truecount="2" falsecount="0"/>
        <line num="6" count="10" type="cond" truecount="2" falsecount="0"/>
        <line num="7" count="4" type="stmt"/>
        <line num="14" count="10" type="cond" truecount="2" falsecount="0"/>
        <line num="15" count="10" type="cond" truecount="2" falsecount="0"/>
        <line num="16" count="5" type="cond" truecount="2" falsecount="0"/>
        <line num="17" count="10" type="cond" truecount="2" falsecount="0"/>
        <line num="18" count="2" type="stmt"/>
        <line num="22" count="4" type="cond" truecount="1" falsecount="1"/>
        <line num="23" count="4" type="stmt"/>
        <line num="24" count="4" type="cond" truecount="3" falsecount="0"/>
      </file>
      <file name="evidenceBuilder.ts" path="D:\web\clawtest\src\server\knowledge\retrieval\formatters\evidenceBuilder.ts">
        <metrics statements="30" coveredstatements="26" conditionals="39" coveredconditionals="21" methods="7" coveredmethods="7"/>
        <line num="19" count="10" type="cond" truecount="1" falsecount="1"/>
        <line num="20" count="10" type="cond" truecount="1" falsecount="1"/>
        <line num="22" count="10" type="stmt"/>
        <line num="23" count="5" type="cond" truecount="1" falsecount="1"/>
        <line num="24" count="8" type="cond" truecount="1" falsecount="1"/>
        <line num="27" count="27" type="stmt"/>
        <line num="31" count="27" type="cond" truecount="2" falsecount="0"/>
        <line num="33" count="27" type="stmt"/>
        <line num="34" count="12" type="stmt"/>
        <line num="35" count="12" type="stmt"/>
        <line num="41" count="10" type="stmt"/>
        <line num="42" count="10" type="stmt"/>
        <line num="43" count="11" type="cond" truecount="1" falsecount="1"/>
        <line num="44" count="11" type="cond" truecount="3" falsecount="1"/>
        <line num="45" count="11" type="stmt"/>
        <line num="48" count="10" type="stmt"/>
        <line num="49" count="10" type="stmt"/>
        <line num="50" count="10" type="stmt"/>
        <line num="51" count="12" type="stmt"/>
        <line num="52" count="12" type="cond" truecount="3" falsecount="1"/>
        <line num="53" count="12" type="cond" truecount="1" falsecount="1"/>
        <line num="54" count="12" type="stmt"/>
        <line num="55" count="12" type="stmt"/>
        <line num="58" count="10" type="cond" truecount="4" falsecount="0"/>
        <line num="59" count="1" type="stmt"/>
        <line num="60" count="0" type="cond" truecount="0" falsecount="2"/>
        <line num="61" count="0" type="cond" truecount="0" falsecount="4"/>
        <line num="62" count="0" type="cond" truecount="0" falsecount="2"/>
        <line num="63" count="0" type="stmt"/>
        <line num="67" count="10" type="stmt"/>
      </file>
    </package>
    <package name="src.server.knowledge.retrieval.query">
      <metrics statements="69" coveredstatements="61" conditionals="59" coveredconditionals="37" methods="21" coveredmethods="20"/>
      <file name="intentDetector.ts" path="D:\web\clawtest\src\server\knowledge\retrieval\query\intentDetector.ts">
        <metrics statements="23" coveredstatements="20" conditionals="13" coveredconditionals="6" methods="13" coveredmethods="12"/>
        <line num="4" count="3" type="stmt"/>
        <line num="7" count="12" type="stmt"/>
        <line num="11" count="7" type="stmt"/>
        <line num="15" count="121" type="cond" truecount="1" falsecount="1"/>
        <line num="25" count="10" type="stmt"/>
        <line num="28" count="48" type="stmt"/>
        <line num="29" count="48" type="stmt"/>
        <line num="31" count="10" type="cond" truecount="2" falsecount="0"/>
        <line num="33" count="9" type="stmt"/>
        <line num="34" count="4" type="stmt"/>
        <line num="35" count="4" type="stmt"/>
        <line num="36" count="1" type="stmt"/>
        <line num="38" count="9" type="stmt"/>
        <line num="39" count="3" type="stmt"/>
        <line num="41" count="3" type="stmt"/>
        <line num="42" count="3" type="stmt"/>
        <line num="43" count="3" type="cond" truecount="1" falsecount="1"/>
        <line num="44" count="3" type="stmt"/>
        <line num="45" count="3" type="cond" truecount="2" falsecount="0"/>
        <line num="48" count="7" type="stmt"/>
        <line num="52" count="0" type="cond" truecount="0" falsecount="2"/>
        <line num="53" count="0" type="stmt"/>
        <line num="54" count="0" type="cond" truecount="0" falsecount="3"/>
      </file>
      <file name="queryParser.ts" path="D:\web\clawtest\src\server\knowledge\retrieval\query\queryParser.ts">
        <metrics statements="5" coveredstatements="5" conditionals="2" coveredconditionals="2" methods="3" coveredmethods="3"/>
        <line num="4" count="28" type="stmt"/>
        <line num="5" count="28" type="stmt"/>
        <line num="31" count="28" type="stmt"/>
        <line num="33" count="138" type="stmt"/>
        <line num="34" count="138" type="cond" truecount="2" falsecount="0"/>
      </file>
      <file name="rulesExtractor.ts" path="D:\web\clawtest\src\server\knowledge\retrieval\query\rulesExtractor.ts">
        <metrics statements="41" coveredstatements="36" conditionals="44" coveredconditionals="29" methods="5" coveredmethods="5"/>
        <line num="5" count="7" type="cond" truecount="1" falsecount="1"/>
        <line num="8" count="7" type="cond" truecount="1" falsecount="1"/>
        <line num="9" count="0" type="stmt"/>
        <line num="13" count="24" type="stmt"/>
        <line num="14" count="24" type="cond" truecount="1" falsecount="1"/>
        <line num="15" count="24" type="cond" truecount="2" falsecount="0"/>
        <line num="20" count="3" type="stmt"/>
        <line num="22" count="21" type="cond" truecount="2" falsecount="0"/>
        <line num="23" count="13" type="cond" truecount="2" falsecount="0"/>
        <line num="24" count="7" type="cond" truecount="2" falsecount="2"/>
        <line num="30" count="0" type="stmt"/>
        <line num="32" count="7" type="stmt"/>
        <line num="36" count="8" type="cond" truecount="2" falsecount="0"/>
        <line num="37" count="8" type="cond" truecount="2" falsecount="0"/>
        <line num="38" count="6" type="stmt"/>
        <line num="40" count="6" type="stmt"/>
        <line num="41" count="6" type="stmt"/>
        <line num="42" count="6" type="cond" truecount="2" falsecount="0"/>
        <line num="43" count="8" type="stmt"/>
        <line num="44" count="8" type="stmt"/>
        <line num="45" count="12" type="stmt"/>
        <line num="49" count="12" type="cond" truecount="2" falsecount="0"/>
        <line num="50" count="7" type="stmt"/>
        <line num="51" count="7" type="cond" truecount="1" falsecount="1"/>
        <line num="52" count="7" type="stmt"/>
        <line num="53" count="7" type="cond" truecount="1" falsecount="1"/>
        <line num="55" count="6" type="cond" truecount="2" falsecount="0"/>
        <line num="56" count="4" type="stmt"/>
        <line num="59" count="2" type="stmt"/>
        <line num="61" count="5" type="stmt"/>
        <line num="62" count="5" type="stmt"/>
        <line num="64" count="2" type="stmt"/>
        <line num="65" count="2" type="stmt"/>
        <line num="66" count="5" type="cond" truecount="1" falsecount="1"/>
        <line num="67" count="5" type="cond" truecount="1" falsecount="1"/>
        <line num="68" count="5" type="cond" truecount="1" falsecount="1"/>
        <line num="73" count="0" type="stmt"/>
        <line num="75" count="5" type="cond" truecount="1" falsecount="1"/>
        <line num="76" count="0" type="stmt"/>
        <line num="77" count="0" type="cond" truecount="0" falsecount="2"/>
        <line num="79" count="2" type="stmt"/>
      </file>
    </package>
    <package name="src.server.knowledge.retrieval.ranking">
      <metrics statements="34" coveredstatements="33" conditionals="49" coveredconditionals="30" methods="7" coveredmethods="7"/>
      <file name="episodeRanker.ts" path="D:\web\clawtest\src\server\knowledge\retrieval\ranking\episodeRanker.ts">
        <metrics statements="14" coveredstatements="13" conditionals="25" coveredconditionals="13" methods="3" coveredmethods="3"/>
        <line num="9" count="8" type="cond" truecount="1" falsecount="1"/>
        <line num="10" count="8" type="cond" truecount="1" falsecount="1"/>
        <line num="11" count="8" type="stmt"/>
        <line num="19" count="12" type="stmt"/>
        <line num="20" count="12" type="cond" truecount="2" falsecount="0"/>
        <line num="21" count="11" type="stmt"/>
        <line num="22" count="1" type="stmt"/>
        <line num="26" count="1" type="stmt"/>
        <line num="31" count="1" type="stmt"/>
        <line num="36" count="1" type="stmt"/>
        <line num="42" count="1" type="stmt"/>
        <line num="46" count="1" type="stmt"/>
        <line num="50" count="1" type="cond" truecount="1" falsecount="1"/>
        <line num="51" count="0" type="cond" truecount="1" falsecount="3"/>
      </file>
      <file name="ledgerRanker.ts" path="D:\web\clawtest\src\server\knowledge\retrieval\ranking\ledgerRanker.ts">
        <metrics statements="9" coveredstatements="9" conditionals="16" coveredconditionals="12" methods="2" coveredmethods="2"/>
        <line num="11" count="16" type="stmt"/>
        <line num="12" count="16" type="cond" truecount="2" falsecount="0"/>
        <line num="13" count="14" type="stmt"/>
        <line num="14" count="3" type="stmt"/>
        <line num="20" count="3" type="stmt"/>
        <line num="27" count="3" type="stmt"/>
        <line num="32" count="3" type="stmt"/>
        <line num="37" count="3" type="cond" truecount="2" falsecount="0"/>
        <line num="38" count="1" type="cond" truecount="2" falsecount="2"/>
      </file>
      <file name="scoring.ts" path="D:\web\clawtest\src\server\knowledge\retrieval\ranking\scoring.ts">
        <metrics statements="11" coveredstatements="11" conditionals="8" coveredconditionals="5" methods="2" coveredmethods="2"/>
        <line num="4" count="8" type="cond" truecount="1" falsecount="1"/>
        <line num="5" count="8" type="stmt"/>
        <line num="6" count="8" type="cond" truecount="1" falsecount="1"/>
        <line num="7" count="8" type="stmt"/>
        <line num="8" count="8" type="stmt"/>
        <line num="9" count="22" type="cond" truecount="2" falsecount="0"/>
        <line num="11" count="8" type="stmt"/>
        <line num="16" count="2" type="stmt"/>
        <line num="18" count="2" type="stmt"/>
        <line num="19" count="2" type="stmt"/>
        <line num="20" count="2" type="cond" truecount="1" falsecount="1"/>
      </file>
    </package>
    <package name="src.server.knowledge.retrieval.service">
      <metrics statements="184" coveredstatements="178" conditionals="165" coveredconditionals="127" methods="29" coveredmethods="28"/>
      <file name="constants.ts" path="D:\web\clawtest\src\server\knowledge\retrieval\service\constants.ts">
        <metrics statements="4" coveredstatements="4" conditionals="0" coveredconditionals="0" methods="0" coveredmethods="0"/>
        <line num="2" count="2" type="stmt"/>
        <line num="4" count="2" type="stmt"/>
        <line num="6" count="2" type="stmt"/>
        <line num="21" count="2" type="stmt"/>
      </file>
      <file name="counterpartCache.ts" path="D:\web\clawtest\src\server\knowledge\retrieval\service\counterpartCache.ts">
        <metrics statements="14" coveredstatements="12" conditionals="8" coveredconditionals="3" methods="4" coveredmethods="3"/>
        <line num="24" count="3" type="stmt"/>
        <line num="25" count="3" type="stmt"/>
        <line num="26" count="3" type="stmt"/>
        <line num="27" count="3" type="cond" truecount="2" falsecount="2"/>
        <line num="28" count="0" type="stmt"/>
        <line num="31" count="3" type="stmt"/>
        <line num="32" count="3" type="stmt"/>
        <line num="33" count="3" type="stmt"/>
        <line num="35" count="3" type="stmt"/>
        <line num="36" count="1" type="cond" truecount="1" falsecount="1"/>
        <line num="37" count="0" type="cond" truecount="0" falsecount="2"/>
        <line num="38" count="1" type="stmt"/>
        <line num="40" count="3" type="stmt"/>
        <line num="45" count="3" type="stmt"/>
      </file>
      <file name="index.ts" path="D:\web\clawtest\src\server\knowledge\retrieval\service\index.ts">
        <metrics statements="5" coveredstatements="5" conditionals="0" coveredconditionals="0" methods="0" coveredmethods="0"/>
        <line num="16" count="2" type="stmt"/>
        <line num="17" count="2" type="stmt"/>
        <line num="18" count="2" type="stmt"/>
        <line num="19" count="2" type="stmt"/>
        <line num="20" count="2" type="stmt"/>
      </file>
      <file name="knowledgeRetrievalService.ts" path="D:\web\clawtest\src\server\knowledge\retrieval\service\knowledgeRetrievalService.ts">
        <metrics statements="7" coveredstatements="7" conditionals="2" coveredconditionals="1" methods="3" coveredmethods="3"/>
        <line num="15" count="15" type="stmt"/>
        <line num="16" count="15" type="stmt"/>
        <line num="18" count="15" type="stmt"/>
        <line num="19" count="15" type="cond" truecount="1" falsecount="1"/>
        <line num="23" count="3" type="stmt"/>
        <line num="31" count="3" type="stmt"/>
        <line num="35" count="12" type="stmt"/>
      </file>
      <file name="queryPlanning.ts" path="D:\web\clawtest\src\server\knowledge\retrieval\service\queryPlanning.ts">
        <metrics statements="24" coveredstatements="23" conditionals="33" coveredconditionals="27" methods="4" coveredmethods="4"/>
        <line num="15" count="15" type="stmt"/>
        <line num="24" count="3" type="stmt"/>
        <line num="25" count="3" type="cond" truecount="1" falsecount="1"/>
        <line num="28" count="3" type="cond" truecount="2" falsecount="0"/>
        <line num="31" count="3" type="stmt"/>
        <line num="34" count="3" type="stmt"/>
        <line num="35" count="3" type="cond" truecount="5" falsecount="0"/>
        <line num="36" count="1" type="cond" truecount="2" falsecount="2"/>
        <line num="39" count="1" type="stmt"/>
        <line num="43" count="1" type="stmt"/>
        <line num="46" count="1" type="cond" truecount="2" falsecount="2"/>
        <line num="48" count="1" type="stmt"/>
        <line num="57" count="12" type="cond" truecount="2" falsecount="0"/>
        <line num="64" count="11" type="stmt"/>
        <line num="67" count="1" type="stmt"/>
        <line num="68" count="1" type="stmt"/>
        <line num="69" count="1" type="cond" truecount="3" falsecount="1"/>
        <line num="70" count="0" type="stmt"/>
        <line num="73" count="1" type="stmt"/>
        <line num="74" count="1" type="stmt"/>
        <line num="75" count="1" type="stmt"/>
        <line num="84" count="12" type="cond" truecount="5" falsecount="0"/>
        <line num="85" count="11" type="stmt"/>
        <line num="88" count="1" type="stmt"/>
      </file>
      <file name="retrievalExecution.ts" path="D:\web\clawtest\src\server\knowledge\retrieval\service\retrievalExecution.ts">
        <metrics statements="89" coveredstatements="86" conditionals="96" coveredconditionals="82" methods="10" coveredmethods="10"/>
        <line num="40" count="12" type="stmt"/>
        <line num="41" count="12" type="stmt"/>
        <line num="42" count="12" type="cond" truecount="4" falsecount="0"/>
        <line num="43" count="12" type="stmt"/>
        <line num="45" count="12" type="stmt"/>
        <line num="46" count="12" type="cond" truecount="4" falsecount="0"/>
        <line num="47" count="2" type="stmt"/>
        <line num="48" count="2" type="cond" truecount="2" falsecount="0"/>
        <line num="49" count="1" type="stmt"/>
        <line num="50" count="1" type="stmt"/>
        <line num="51" count="1" type="stmt"/>
        <line num="52" count="1" type="cond" truecount="1" falsecount="1"/>
        <line num="53" count="1" type="stmt"/>
        <line num="56" count="1" type="stmt"/>
        <line num="57" count="1" type="stmt"/>
        <line num="60" count="1" type="stmt"/>
        <line num="62" count="1" type="cond" truecount="1" falsecount="1"/>
        <line num="63" count="1" type="stmt"/>
        <line num="68" count="12" type="stmt"/>
        <line num="74" count="12" type="stmt"/>
        <line num="81" count="12" type="stmt"/>
        <line num="91" count="12" type="stmt"/>
        <line num="99" count="12" type="stmt"/>
        <line num="100" count="12" type="stmt"/>
        <line num="101" count="12" type="stmt"/>
        <line num="102" count="12" type="stmt"/>
        <line num="104" count="12" type="cond" truecount="5" falsecount="0"/>
        <line num="105" count="1" type="stmt"/>
        <line num="109" count="1" type="stmt"/>
        <line num="110" count="1" type="stmt"/>
        <line num="111" count="1" type="stmt"/>
        <line num="114" count="12" type="cond" truecount="2" falsecount="0"/>
        <line num="115" count="12" type="cond" truecount="2" falsecount="0"/>
        <line num="117" count="12" type="cond" truecount="2" falsecount="0"/>
        <line num="118" count="9" type="stmt"/>
        <line num="119" count="6" type="cond" truecount="2" falsecount="0"/>
        <line num="120" count="9" type="cond" truecount="2" falsecount="0"/>
        <line num="122" count="9" type="stmt"/>
        <line num="123" count="9" type="cond" truecount="2" falsecount="0"/>
        <line num="124" count="2" type="stmt"/>
        <line num="127" count="2" type="stmt"/>
        <line num="133" count="12" type="stmt"/>
        <line num="134" count="12" type="stmt"/>
        <line num="135" count="12" type="stmt"/>
        <line num="137" count="12" type="cond" truecount="2" falsecount="0"/>
        <line num="138" count="3" type="stmt"/>
        <line num="139" count="2" type="cond" truecount="2" falsecount="0"/>
        <line num="140" count="1" type="stmt"/>
        <line num="147" count="3" type="stmt"/>
        <line num="148" count="1" type="cond" truecount="2" falsecount="0"/>
        <line num="152" count="3" type="stmt"/>
        <line num="153" count="3" type="stmt"/>
        <line num="155" count="3" type="cond" truecount="2" falsecount="0"/>
        <line num="158" count="3" type="cond" truecount="2" falsecount="0"/>
        <line num="169" count="3" type="stmt"/>
        <line num="170" count="3" type="stmt"/>
        <line num="173" count="12" type="stmt"/>
        <line num="174" count="12" type="stmt"/>
        <line num="175" count="12" type="cond" truecount="2" falsecount="0"/>
        <line num="177" count="12" type="stmt"/>
        <line num="179" count="12" type="cond" truecount="3" falsecount="1"/>
        <line num="182" count="12" type="stmt"/>
        <line num="183" count="12" type="stmt"/>
        <line num="186" count="12" type="cond" truecount="6" falsecount="0"/>
        <line num="193" count="12" type="cond" truecount="2" falsecount="0"/>
        <line num="194" count="2" type="stmt"/>
        <line num="203" count="2" type="cond" truecount="2" falsecount="0"/>
        <line num="204" count="1" type="stmt"/>
        <line num="217" count="1" type="stmt"/>
        <line num="225" count="10" type="cond" truecount="2" falsecount="0"/>
        <line num="226" count="12" type="cond" truecount="1" falsecount="1"/>
        <line num="229" count="12" type="stmt"/>
        <line num="231" count="12" type="stmt"/>
        <line num="236" count="12" type="cond" truecount="2" falsecount="0"/>
        <line num="237" count="4" type="stmt"/>
        <line num="240" count="12" type="stmt"/>
        <line num="246" count="12" type="stmt"/>
        <line num="250" count="4" type="stmt"/>
        <line num="259" count="12" type="stmt"/>
        <line num="260" count="4" type="stmt"/>
        <line num="264" count="12" type="stmt"/>
        <line num="265" count="12" type="stmt"/>
        <line num="268" count="12" type="cond" truecount="3" falsecount="1"/>
        <line num="292" count="12" type="stmt"/>
        <line num="300" count="12" type="stmt"/>
        <line num="310" count="12" type="stmt"/>
        <line num="318" count="0" type="cond" truecount="0" falsecount="2"/>
        <line num="320" count="0" type="stmt"/>
        <line num="331" count="0" type="stmt"/>
      </file>
      <file name="ruleEvidenceCollector.ts" path="D:\web\clawtest\src\server\knowledge\retrieval\service\ruleEvidenceCollector.ts">
        <metrics statements="41" coveredstatements="41" conditionals="26" coveredconditionals="14" methods="8" coveredmethods="8"/>
        <line num="13" count="3" type="stmt"/>
        <line num="14" count="3" type="stmt"/>
        <line num="15" count="1" type="cond" truecount="1" falsecount="1"/>
        <line num="16" count="1" type="cond" truecount="1" falsecount="1"/>
        <line num="17" count="1" type="stmt"/>
        <line num="18" count="1" type="cond" truecount="1" falsecount="1"/>
        <line num="19" count="2" type="stmt"/>
        <line num="20" count="1" type="stmt"/>
        <line num="24" count="1" type="stmt"/>
        <line num="25" count="3" type="cond" truecount="1" falsecount="1"/>
        <line num="26" count="3" type="stmt"/>
        <line num="30" count="3" type="stmt"/>
        <line num="31" count="3" type="stmt"/>
        <line num="32" count="1" type="cond" truecount="1" falsecount="1"/>
        <line num="33" count="1" type="cond" truecount="1" falsecount="1"/>
        <line num="34" count="1" type="cond" truecount="1" falsecount="1"/>
        <line num="35" count="1" type="stmt"/>
        <line num="36" count="1" type="stmt"/>
        <line num="41" count="1" type="stmt"/>
        <line num="42" count="3" type="cond" truecount="1" falsecount="1"/>
        <line num="43" count="3" type="stmt"/>
        <line num="44" count="9" type="stmt"/>
        <line num="45" count="7" type="stmt"/>
        <line num="46" count="3" type="cond" truecount="1" falsecount="1"/>
        <line num="47" count="3" type="stmt"/>
        <line num="52" count="3" type="stmt"/>
        <line num="53" count="3" type="stmt"/>
        <line num="54" count="3" type="stmt"/>
        <line num="55" count="6" type="stmt"/>
        <line num="56" count="6" type="cond" truecount="1" falsecount="1"/>
        <line num="57" count="6" type="stmt"/>
        <line num="58" count="6" type="cond" truecount="2" falsecount="0"/>
        <line num="59" count="4" type="stmt"/>
        <line num="60" count="4" type="stmt"/>
        <line num="62" count="2" type="stmt"/>
        <line num="63" count="4" type="stmt"/>
        <line num="64" count="8" type="stmt"/>
        <line num="66" count="4" type="stmt"/>
        <line num="67" count="4" type="stmt"/>
        <line num="72" count="2" type="stmt"/>
        <line num="78" count="4" type="stmt"/>
      </file>
      <file name="types.ts" path="D:\web\clawtest\src\server\knowledge\retrieval\service\types.ts">
        <metrics statements="0" coveredstatements="0" conditionals="0" coveredconditionals="0" methods="0" coveredmethods="0"/>
      </file>
    </package>
    <package name="src.server.knowledge.retrieval.service.formatters">
      <metrics statements="3" coveredstatements="3" conditionals="0" coveredconditionals="0" methods="0" coveredmethods="0"/>
      <file name="answer.ts" path="D:\web\clawtest\src\server\knowledge\retrieval\service\formatters\answer.ts">
        <metrics statements="0" coveredstatements="0" conditionals="0" coveredconditionals="0" methods="0" coveredmethods="0"/>
      </file>
      <file name="context.ts" path="D:\web\clawtest\src\server\knowledge\retrieval\service\formatters\context.ts">
        <metrics statements="0" coveredstatements="0" conditionals="0" coveredconditionals="0" methods="0" coveredmethods="0"/>
      </file>
      <file name="evidence.ts" path="D:\web\clawtest\src\server\knowledge\retrieval\service\formatters\evidence.ts">
        <metrics statements="0" coveredstatements="0" conditionals="0" coveredconditionals="0" methods="0" coveredmethods="0"/>
      </file>
      <file name="index.ts" path="D:\web\clawtest\src\server\knowledge\retrieval\service\formatters\index.ts">
        <metrics statements="3" coveredstatements="3" conditionals="0" coveredconditionals="0" methods="0" coveredmethods="0"/>
        <line num="2" count="2" type="stmt"/>
        <line num="3" count="2" type="stmt"/>
        <line num="4" count="2" type="stmt"/>
      </file>
    </package>
    <package name="src.server.knowledge.retrieval.service.query">
      <metrics statements="67" coveredstatements="62" conditionals="56" coveredconditionals="37" methods="27" coveredmethods="25"/>
      <file name="index.ts" path="D:\web\clawtest\src\server\knowledge\retrieval\service\query\index.ts">
        <metrics statements="3" coveredstatements="3" conditionals="0" coveredconditionals="0" methods="0" coveredmethods="0"/>
        <line num="2" count="2" type="stmt"/>
        <line num="3" count="2" type="stmt"/>
        <line num="4" count="2" type="stmt"/>
      </file>
      <file name="intent.ts" path="D:\web\clawtest\src\server\knowledge\retrieval\service\query\intent.ts">
        <metrics statements="36" coveredstatements="32" conditionals="26" coveredconditionals="16" methods="13" coveredmethods="11"/>
        <line num="13" count="10" type="stmt"/>
        <line num="14" count="10" type="cond" truecount="1" falsecount="1"/>
        <line num="15" count="10" type="stmt"/>
        <line num="19" count="2" type="stmt"/>
        <line num="20" count="2" type="cond" truecount="1" falsecount="1"/>
        <line num="21" count="2" type="stmt"/>
        <line num="23" count="17" type="stmt"/>
        <line num="24" count="17" type="stmt"/>
        <line num="25" count="8" type="stmt"/>
        <line num="26" count="2" type="cond" truecount="1" falsecount="1"/>
        <line num="30" count="4" type="stmt"/>
        <line num="31" count="4" type="cond" truecount="3" falsecount="1"/>
        <line num="32" count="10" type="stmt"/>
        <line num="39" count="10" type="cond" truecount="2" falsecount="0"/>
        <line num="40" count="8" type="stmt"/>
        <line num="43" count="2" type="stmt"/>
        <line num="44" count="2" type="cond" truecount="1" falsecount="1"/>
        <line num="45" count="0" type="stmt"/>
        <line num="48" count="4" type="stmt"/>
        <line num="49" count="2" type="stmt"/>
        <line num="50" count="2" type="stmt"/>
        <line num="52" count="2" type="stmt"/>
        <line num="53" count="2" type="stmt"/>
        <line num="54" count="2" type="stmt"/>
        <line num="55" count="1" type="stmt"/>
        <line num="56" count="1" type="stmt"/>
        <line num="59" count="1" type="stmt"/>
        <line num="62" count="1" type="cond" truecount="1" falsecount="1"/>
        <line num="63" count="0" type="stmt"/>
        <line num="66" count="1" type="cond" truecount="1" falsecount="1"/>
        <line num="67" count="1" type="cond" truecount="1" falsecount="1"/>
        <line num="68" count="1" type="cond" truecount="1" falsecount="1"/>
        <line num="69" count="1" type="cond" truecount="1" falsecount="1"/>
        <line num="73" count="2" type="stmt"/>
        <line num="75" count="0" type="stmt"/>
        <line num="76" count="0" type="stmt"/>
      </file>
      <file name="parser.ts" path="D:\web\clawtest\src\server\knowledge\retrieval\service\query\parser.ts">
        <metrics statements="11" coveredstatements="10" conditionals="8" coveredconditionals="5" methods="7" coveredmethods="7"/>
        <line num="2" count="22" type="cond" truecount="1" falsecount="1"/>
        <line num="9" count="4" type="stmt"/>
        <line num="11" count="30" type="stmt"/>
        <line num="12" count="30" type="stmt"/>
        <line num="16" count="1" type="stmt"/>
        <line num="17" count="1" type="stmt"/>
        <line num="18" count="1" type="cond" truecount="1" falsecount="1"/>
        <line num="19" count="1" type="stmt"/>
        <line num="20" count="2" type="cond" truecount="1" falsecount="1"/>
        <line num="21" count="2" type="cond" truecount="2" falsecount="0"/>
        <line num="23" count="0" type="stmt"/>
      </file>
      <file name="rules.ts" path="D:\web\clawtest\src\server\knowledge\retrieval\service\query\rules.ts">
        <metrics statements="17" coveredstatements="17" conditionals="22" coveredconditionals="16" methods="7" coveredmethods="7"/>
        <line num="8" count="9" type="stmt"/>
        <line num="9" count="9" type="stmt"/>
        <line num="10" count="9" type="cond" truecount="3" falsecount="1"/>
        <line num="11" count="9" type="cond" truecount="4" falsecount="0"/>
        <line num="13" count="2" type="stmt"/>
        <line num="14" count="2" type="stmt"/>
        <line num="15" count="2" type="cond" truecount="3" falsecount="1"/>
        <line num="17" count="2" type="stmt"/>
        <line num="18" count="2" type="stmt"/>
        <line num="19" count="5" type="cond" truecount="1" falsecount="1"/>
        <line num="22" count="2" type="stmt"/>
        <line num="28" count="3" type="cond" truecount="2" falsecount="2"/>
        <line num="32" count="2" type="stmt"/>
        <line num="33" count="6" type="cond" truecount="1" falsecount="1"/>
        <line num="34" count="6" type="stmt"/>
        <line num="35" count="5" type="cond" truecount="2" falsecount="0"/>
        <line num="36" count="1" type="stmt"/>
      </file>
    </package>
    <package name="src.server.knowledge.retrieval.service.ranking">
      <metrics statements="3" coveredstatements="3" conditionals="0" coveredconditionals="0" methods="0" coveredmethods="0"/>
      <file name="episodes.ts" path="D:\web\clawtest\src\server\knowledge\retrieval\service\ranking\episodes.ts">
        <metrics statements="0" coveredstatements="0" conditionals="0" coveredconditionals="0" methods="0" coveredmethods="0"/>
      </file>
      <file name="index.ts" path="D:\web\clawtest\src\server\knowledge\retrieval\service\ranking\index.ts">
        <metrics statements="3" coveredstatements="3" conditionals="0" coveredconditionals="0" methods="0" coveredmethods="0"/>
        <line num="2" count="2" type="stmt"/>
        <line num="3" count="2" type="stmt"/>
        <line num="4" count="2" type="stmt"/>
      </file>
      <file name="ledgers.ts" path="D:\web\clawtest\src\server\knowledge\retrieval\service\ranking\ledgers.ts">
        <metrics statements="0" coveredstatements="0" conditionals="0" coveredconditionals="0" methods="0" coveredmethods="0"/>
      </file>
      <file name="scoring.ts" path="D:\web\clawtest\src\server\knowledge\retrieval\service\ranking\scoring.ts">
        <metrics statements="0" coveredstatements="0" conditionals="0" coveredconditionals="0" methods="0" coveredmethods="0"/>
      </file>
    </package>
    <package name="src.server.knowledge.retrieval.utils">
      <metrics statements="10" coveredstatements="10" conditionals="6" coveredconditionals="6" methods="1" coveredmethods="1"/>
      <file name="arrayUtils.ts" path="D:\web\clawtest\src\server\knowledge\retrieval\utils\arrayUtils.ts">
        <metrics statements="10" coveredstatements="10" conditionals="6" coveredconditionals="6" methods="1" coveredmethods="1"/>
        <line num="2" count="68" type="stmt"/>
        <line num="3" count="68" type="stmt"/>
        <line num="4" count="68" type="stmt"/>
        <line num="5" count="105" type="cond" truecount="2" falsecount="0"/>
        <line num="6" count="105" type="cond" truecount="2" falsecount="0"/>
        <line num="7" count="96" type="stmt"/>
        <line num="8" count="96" type="cond" truecount="2" falsecount="0"/>
        <line num="9" count="66" type="stmt"/>
        <line num="10" count="66" type="stmt"/>
        <line num="12" count="68" type="stmt"/>
      </file>
    </package>
    <package name="tests.helpers">
      <metrics statements="23" coveredstatements="10" conditionals="20" coveredconditionals="7" methods="4" coveredmethods="2"/>
      <file name="testArtifacts.ts" path="D:\web\clawtest\tests\helpers\testArtifacts.ts">
        <metrics statements="23" coveredstatements="10" conditionals="20" coveredconditionals="7" methods="4" coveredmethods="2"/>
        <line num="4" count="4" type="stmt"/>
        <line num="7" count="124" type="cond" truecount="2" falsecount="0"/>
        <line num="8" count="124" type="cond" truecount="1" falsecount="1"/>
        <line num="9" count="124" type="stmt"/>
        <line num="10" count="124" type="stmt"/>
        <line num="14" count="124" type="stmt"/>
        <line num="15" count="124" type="stmt"/>
        <line num="16" count="124" type="cond" truecount="1" falsecount="1"/>
        <line num="17" count="124" type="cond" truecount="3" falsecount="1"/>
        <line num="18" count="0" type="stmt"/>
        <line num="20" count="124" type="stmt"/>
        <line num="25" count="0" type="cond" truecount="0" falsecount="4"/>
        <line num="31" count="0" type="stmt"/>
        <line num="32" count="0" type="stmt"/>
        <line num="36" count="0" type="stmt"/>
        <line num="38" count="0" type="cond" truecount="0" falsecount="4"/>
        <line num="39" count="0" type="stmt"/>
        <line num="40" count="0" type="stmt"/>
        <line num="43" count="0" type="stmt"/>
        <line num="44" count="0" type="stmt"/>
        <line num="45" count="0" type="stmt"/>
        <line num="46" count="0" type="cond" truecount="0" falsecount="2"/>
        <line num="47" count="0" type="stmt"/>
      </file>
    </package>
    <package name="tests.unit.knowledge.retrieval-service">
      <metrics statements="157" coveredstatements="145" conditionals="10" coveredconditionals="10" methods="86" coveredmethods="74"/>
      <file name="retrieval-service.core.cases.ts" path="D:\web\clawtest\tests\unit\knowledge\retrieval-service\retrieval-service.core.cases.ts">
        <metrics statements="29" coveredstatements="29" conditionals="0" coveredconditionals="0" methods="14" coveredmethods="14"/>
        <line num="5" count="1" type="stmt"/>
        <line num="6" count="1" type="stmt"/>
        <line num="7" count="1" type="stmt"/>
        <line num="9" count="1" type="stmt"/>
        <line num="13" count="1" type="stmt"/>
        <line num="14" count="1" type="stmt"/>
        <line num="35" count="1" type="stmt"/>
        <line num="36" count="1" type="stmt"/>
        <line num="55" count="1" type="stmt"/>
        <line num="70" count="1" type="stmt"/>
        <line num="71" count="1" type="stmt"/>
        <line num="79" count="1" type="stmt"/>
        <line num="80" count="1" type="stmt"/>
        <line num="85" count="1" type="stmt"/>
        <line num="92" count="1" type="stmt"/>
        <line num="93" count="1" type="stmt"/>
        <line num="94" count="1" type="stmt"/>
        <line num="95" count="1" type="stmt"/>
        <line num="98" count="1" type="stmt"/>
        <line num="99" count="2000" type="stmt"/>
        <line num="101" count="1" type="stmt"/>
        <line num="104" count="1" type="stmt"/>
        <line num="105" count="1" type="stmt"/>
        <line num="123" count="1" type="stmt"/>
        <line num="137" count="1" type="stmt"/>
        <line num="140" count="1" type="stmt"/>
        <line num="144" count="1" type="stmt"/>
        <line num="151" count="1" type="stmt"/>
        <line num="152" count="1" type="stmt"/>
      </file>
      <file name="retrieval-service.harness.ts" path="D:\web\clawtest\tests\unit\knowledge\retrieval-service\retrieval-service.harness.ts">
        <metrics statements="1" coveredstatements="1" conditionals="2" coveredconditionals="2" methods="1" coveredmethods="1"/>
        <line num="4" count="9" type="stmt"/>
      </file>
      <file name="retrieval-service.ranking.cases.ts" path="D:\web\clawtest\tests\unit\knowledge\retrieval-service\retrieval-service.ranking.cases.ts">
        <metrics statements="48" coveredstatements="46" conditionals="8" coveredconditionals="8" methods="23" coveredmethods="21"/>
        <line num="6" count="1" type="stmt"/>
        <line num="7" count="1" type="stmt"/>
        <line num="8" count="1" type="stmt"/>
        <line num="9" count="2" type="cond" truecount="2" falsecount="0"/>
        <line num="10" count="1" type="stmt"/>
        <line num="30" count="1" type="stmt"/>
        <line num="31" count="2" type="cond" truecount="2" falsecount="0"/>
        <line num="32" count="1" type="stmt"/>
        <line num="52" count="1" type="stmt"/>
        <line num="57" count="1" type="stmt"/>
        <line num="71" count="1" type="stmt"/>
        <line num="74" count="1" type="stmt"/>
        <line num="78" count="1" type="stmt"/>
        <line num="85" count="1" type="stmt"/>
        <line num="86" count="1" type="stmt"/>
        <line num="87" count="1" type="stmt"/>
        <line num="88" count="1" type="stmt"/>
        <line num="90" count="2" type="cond" truecount="2" falsecount="0"/>
        <line num="93" count="1" type="stmt"/>
        <line num="95" count="2" type="cond" truecount="2" falsecount="0"/>
        <line num="100" count="1" type="stmt"/>
        <line num="101" count="1" type="stmt"/>
        <line num="102" count="1" type="stmt"/>
        <line num="103" count="1" type="stmt"/>
        <line num="105" count="1" type="stmt"/>
        <line num="108" count="1" type="stmt"/>
        <line num="109" count="1" type="stmt"/>
        <line num="143" count="1" type="stmt"/>
        <line num="157" count="1" type="stmt"/>
        <line num="160" count="1" type="stmt"/>
        <line num="177" count="1" type="stmt"/>
        <line num="186" count="1" type="stmt"/>
        <line num="187" count="1" type="stmt"/>
        <line num="189" count="1" type="stmt"/>
        <line num="192" count="1" type="stmt"/>
        <line num="193" count="1" type="stmt"/>
        <line num="196" count="1" type="stmt"/>
        <line num="218" count="1" type="stmt"/>
        <line num="239" count="0" type="stmt"/>
        <line num="240" count="0" type="stmt"/>
        <line num="241" count="1" type="stmt"/>
        <line num="255" count="1" type="stmt"/>
        <line num="258" count="1" type="stmt"/>
        <line num="265" count="1" type="stmt"/>
        <line num="272" count="1" type="stmt"/>
        <line num="273" count="1" type="stmt"/>
        <line num="274" count="1" type="stmt"/>
        <line num="275" count="1" type="stmt"/>
      </file>
      <file name="retrieval-service.rules.cases.ts" path="D:\web\clawtest\tests\unit\knowledge\retrieval-service\retrieval-service.rules.cases.ts">
        <metrics statements="51" coveredstatements="50" conditionals="0" coveredconditionals="0" methods="29" coveredmethods="28"/>
        <line num="5" count="1" type="stmt"/>
        <line num="6" count="1" type="stmt"/>
        <line num="7" count="1" type="stmt"/>
        <line num="10" count="1" type="stmt"/>
        <line num="46" count="1" type="stmt"/>
        <line num="80" count="1" type="stmt"/>
        <line num="94" count="1" type="stmt"/>
        <line num="97" count="1" type="stmt"/>
        <line num="101" count="1" type="stmt"/>
        <line num="108" count="1" type="stmt"/>
        <line num="109" count="1" type="stmt"/>
        <line num="110" count="1" type="stmt"/>
        <line num="113" count="1" type="stmt"/>
        <line num="114" count="1" type="stmt"/>
        <line num="117" count="1" type="stmt"/>
        <line num="136" count="1" type="stmt"/>
        <line num="154" count="1" type="stmt"/>
        <line num="168" count="1" type="stmt"/>
        <line num="185" count="1" type="stmt"/>
        <line num="189" count="1" type="stmt"/>
        <line num="196" count="1" type="stmt"/>
        <line num="197" count="1" type="stmt"/>
        <line num="198" count="1" type="stmt"/>
        <line num="199" count="1" type="stmt"/>
        <line num="202" count="1" type="stmt"/>
        <line num="203" count="1" type="stmt"/>
        <line num="206" count="1" type="stmt"/>
        <line num="207" count="1" type="stmt"/>
        <line num="208" count="1" type="stmt"/>
        <line num="224" count="1" type="stmt"/>
        <line num="248" count="1" type="stmt"/>
        <line num="262" count="1" type="stmt"/>
        <line num="265" count="1" type="stmt"/>
        <line num="272" count="1" type="stmt"/>
        <line num="279" count="1" type="stmt"/>
        <line num="280" count="1" type="stmt"/>
        <line num="281" count="1" type="stmt"/>
        <line num="282" count="1" type="stmt"/>
        <line num="285" count="1" type="stmt"/>
        <line num="286" count="1" type="stmt"/>
        <line num="289" count="1" type="stmt"/>
        <line num="308" count="1" type="stmt"/>
        <line num="309" count="1" type="stmt"/>
        <line num="310" count="1" type="stmt"/>
        <line num="311" count="1" type="stmt"/>
        <line num="325" count="1" type="stmt"/>
        <line num="328" count="0" type="stmt"/>
        <line num="332" count="1" type="stmt"/>
        <line num="339" count="1" type="stmt"/>
        <line num="340" count="1" type="stmt"/>
        <line num="341" count="1" type="stmt"/>
      </file>
      <file name="retrieval-service.trigger.cases.ts" path="D:\web\clawtest\tests\unit\knowledge\retrieval-service\retrieval-service.trigger.cases.ts">
        <metrics statements="28" coveredstatements="19" conditionals="0" coveredconditionals="0" methods="19" coveredmethods="10"/>
        <line num="4" count="1" type="stmt"/>
        <line num="5" count="1" type="stmt"/>
        <line num="6" count="1" type="stmt"/>
        <line num="9" count="1" type="stmt"/>
        <line num="28" count="1" type="stmt"/>
        <line num="30" count="0" type="stmt"/>
        <line num="34" count="0" type="stmt"/>
        <line num="37" count="0" type="stmt"/>
        <line num="41" count="1" type="stmt"/>
        <line num="47" count="1" type="stmt"/>
        <line num="50" count="1" type="stmt"/>
        <line num="51" count="1" type="stmt"/>
        <line num="54" count="1" type="stmt"/>
        <line num="55" count="1" type="stmt"/>
        <line num="57" count="0" type="stmt"/>
        <line num="61" count="0" type="stmt"/>
        <line num="64" count="0" type="stmt"/>
        <line num="68" count="1" type="stmt"/>
        <line num="74" count="1" type="stmt"/>
        <line num="77" count="1" type="stmt"/>
        <line num="78" count="1" type="stmt"/>
        <line num="81" count="1" type="stmt"/>
        <line num="82" count="1" type="stmt"/>
        <line num="84" count="0" type="stmt"/>
        <line num="88" count="0" type="stmt"/>
        <line num="91" count="0" type="stmt"/>
        <line num="95" count="1" type="stmt"/>
        <line num="101" count="1" type="stmt"/>
      </file>
    </package>
  </project>
</coverage>
