{"total": {"lines":{"total":4424,"covered":1295,"skipped":0,"pct":29.27},"statements":{"total":4931,"covered":1382,"skipped":0,"pct":28.02},"functions":{"total":939,"covered":256,"skipped":0,"pct":27.26},"branches":{"total":3961,"covered":769,"skipped":0,"pct":19.41},"branchesTrue":{"total":0,"covered":0,"skipped":0,"pct":100}}
,"D:\\web\\clawtest\\app\\api\\knowledge\\graph\\route.ts": {"lines":{"total":61,"covered":60,"skipped":0,"pct":98.36},"functions":{"total":8,"covered":8,"skipped":0,"pct":100},"statements":{"total":65,"covered":64,"skipped":0,"pct":98.46},"branches":{"total":36,"covered":31,"skipped":0,"pct":86.11}}
,"D:\\web\\clawtest\\src\\server\\auth\\constants.ts": {"lines":{"total":1,"covered":1,"skipped":0,"pct":100},"functions":{"total":0,"covered":0,"skipped":0,"pct":100},"statements":{"total":1,"covered":1,"skipped":0,"pct":100},"branches":{"total":0,"covered":0,"skipped":0,"pct":100}}
,"D:\\web\\clawtest\\src\\server\\channels\\messages\\attachments.ts": {"lines":{"total":88,"covered":4,"skipped":0,"pct":4.54},"functions":{"total":14,"covered":0,"skipped":0,"pct":0},"statements":{"total":94,"covered":4,"skipped":0,"pct":4.25},"branches":{"total":77,"covered":0,"skipped":0,"pct":0}}
,"D:\\web\\clawtest\\src\\server\\channels\\messages\\messageRowMappers.ts": {"lines":{"total":3,"covered":0,"skipped":0,"pct":0},"functions":{"total":3,"covered":0,"skipped":0,"pct":0},"statements":{"total":3,"covered":0,"skipped":0,"pct":0},"branches":{"total":28,"covered":0,"skipped":0,"pct":0}}
,"D:\\web\\clawtest\\src\\server\\channels\\messages\\sqliteMessageRepository.ts": {"lines":{"total":37,"covered":0,"skipped":0,"pct":0},"functions":{"total":27,"covered":0,"skipped":0,"pct":0},"statements":{"total":37,"covered":0,"skipped":0,"pct":0},"branches":{"total":11,"covered":0,"skipped":0,"pct":0}}
,"D:\\web\\clawtest\\src\\server\\channels\\messages\\repository\\constants\\stopWords.ts": {"lines":{"total":1,"covered":1,"skipped":0,"pct":100},"functions":{"total":0,"covered":0,"skipped":0,"pct":100},"statements":{"total":1,"covered":1,"skipped":0,"pct":100},"branches":{"total":0,"covered":0,"skipped":0,"pct":100}}
,"D:\\web\\clawtest\\src\\server\\channels\\messages\\repository\\migrations\\index.ts": {"lines":{"total":46,"covered":0,"skipped":0,"pct":0},"functions":{"total":6,"covered":0,"skipped":0,"pct":0},"statements":{"total":49,"covered":0,"skipped":0,"pct":0},"branches":{"total":18,"covered":0,"skipped":0,"pct":0}}
,"D:\\web\\clawtest\\src\\server\\channels\\messages\\repository\\queries\\channelBindings.ts": {"lines":{"total":19,"covered":0,"skipped":0,"pct":0},"functions":{"total":6,"covered":0,"skipped":0,"pct":0},"statements":{"total":19,"covered":0,"skipped":0,"pct":0},"branches":{"total":12,"covered":0,"skipped":0,"pct":0}}
,"D:\\web\\clawtest\\src\\server\\channels\\messages\\repository\\queries\\context.ts": {"lines":{"total":14,"covered":0,"skipped":0,"pct":0},"functions":{"total":3,"covered":0,"skipped":0,"pct":0},"statements":{"total":14,"covered":0,"skipped":0,"pct":0},"branches":{"total":6,"covered":0,"skipped":0,"pct":0}}
,"D:\\web\\clawtest\\src\\server\\channels\\messages\\repository\\queries\\conversations.ts": {"lines":{"total":31,"covered":0,"skipped":0,"pct":0},"functions":{"total":10,"covered":0,"skipped":0,"pct":0},"statements":{"total":32,"covered":0,"skipped":0,"pct":0},"branches":{"total":21,"covered":0,"skipped":0,"pct":0}}
,"D:\\web\\clawtest\\src\\server\\channels\\messages\\repository\\queries\\delete.ts": {"lines":{"total":18,"covered":0,"skipped":0,"pct":0},"functions":{"total":2,"covered":0,"skipped":0,"pct":0},"statements":{"total":19,"covered":0,"skipped":0,"pct":0},"branches":{"total":8,"covered":0,"skipped":0,"pct":0}}
,"D:\\web\\clawtest\\src\\server\\channels\\messages\\repository\\queries\\messages.ts": {"lines":{"total":33,"covered":0,"skipped":0,"pct":0},"functions":{"total":6,"covered":0,"skipped":0,"pct":0},"statements":{"total":34,"covered":0,"skipped":0,"pct":0},"branches":{"total":48,"covered":0,"skipped":0,"pct":0}}
,"D:\\web\\clawtest\\src\\server\\channels\\messages\\repository\\queries\\search.ts": {"lines":{"total":25,"covered":0,"skipped":0,"pct":0},"functions":{"total":2,"covered":0,"skipped":0,"pct":0},"statements":{"total":26,"covered":0,"skipped":0,"pct":0},"branches":{"total":15,"covered":0,"skipped":0,"pct":0}}
,"D:\\web\\clawtest\\src\\server\\channels\\messages\\repository\\utils\\ftsHelpers.ts": {"lines":{"total":9,"covered":0,"skipped":0,"pct":0},"functions":{"total":3,"covered":0,"skipped":0,"pct":0},"statements":{"total":11,"covered":0,"skipped":0,"pct":0},"branches":{"total":16,"covered":0,"skipped":0,"pct":0}}
,"D:\\web\\clawtest\\src\\server\\db\\sqlite.ts": {"lines":{"total":32,"covered":29,"skipped":0,"pct":90.62},"functions":{"total":4,"covered":4,"skipped":0,"pct":100},"statements":{"total":32,"covered":29,"skipped":0,"pct":90.62},"branches":{"total":29,"covered":23,"skipped":0,"pct":79.31}}
,"D:\\web\\clawtest\\src\\server\\knowledge\\answerSafetyPolicy.ts": {"lines":{"total":10,"covered":6,"skipped":0,"pct":60},"functions":{"total":2,"covered":2,"skipped":0,"pct":100},"statements":{"total":14,"covered":8,"skipped":0,"pct":57.14},"branches":{"total":18,"covered":11,"skipped":0,"pct":61.11}}
,"D:\\web\\clawtest\\src\\server\\knowledge\\cleanupDetector.ts": {"lines":{"total":11,"covered":5,"skipped":0,"pct":45.45},"functions":{"total":5,"covered":0,"skipped":0,"pct":0},"statements":{"total":15,"covered":5,"skipped":0,"pct":33.33},"branches":{"total":4,"covered":0,"skipped":0,"pct":0}}
,"D:\\web\\clawtest\\src\\server\\knowledge\\config.ts": {"lines":{"total":15,"covered":7,"skipped":0,"pct":46.66},"functions":{"total":4,"covered":0,"skipped":0,"pct":0},"statements":{"total":17,"covered":7,"skipped":0,"pct":41.17},"branches":{"total":11,"covered":0,"skipped":0,"pct":0}}
,"D:\\web\\clawtest\\src\\server\\knowledge\\contradictionDetector.ts": {"lines":{"total":38,"covered":25,"skipped":0,"pct":65.78},"functions":{"total":7,"covered":4,"skipped":0,"pct":57.14},"statements":{"total":45,"covered":27,"skipped":0,"pct":60},"branches":{"total":30,"covered":19,"skipped":0,"pct":63.33}}
,"D:\\web\\clawtest\\src\\server\\knowledge\\correctionDetector.ts": {"lines":{"total":10,"covered":4,"skipped":0,"pct":40},"functions":{"total":3,"covered":2,"skipped":0,"pct":66.66},"statements":{"total":11,"covered":5,"skipped":0,"pct":45.45},"branches":{"total":6,"covered":1,"skipped":0,"pct":16.66}}
,"D:\\web\\clawtest\\src\\server\\knowledge\\emotionTracker.ts": {"lines":{"total":21,"covered":7,"skipped":0,"pct":33.33},"functions":{"total":3,"covered":1,"skipped":0,"pct":33.33},"statements":{"total":24,"covered":7,"skipped":0,"pct":29.16},"branches":{"total":14,"covered":1,"skipped":0,"pct":7.14}}
,"D:\\web\\clawtest\\src\\server\\knowledge\\entityExtractor.ts": {"lines":{"total":55,"covered":27,"skipped":0,"pct":49.09},"functions":{"total":16,"covered":6,"skipped":0,"pct":37.5},"statements":{"total":65,"covered":29,"skipped":0,"pct":44.61},"branches":{"total":65,"covered":15,"skipped":0,"pct":23.07}}
,"D:\\web\\clawtest\\src\\server\\knowledge\\eventAnswerComputer.ts": {"lines":{"total":10,"covered":1,"skipped":0,"pct":10},"functions":{"total":2,"covered":0,"skipped":0,"pct":0},"statements":{"total":12,"covered":1,"skipped":0,"pct":8.33},"branches":{"total":12,"covered":0,"skipped":0,"pct":0}}
,"D:\\web\\clawtest\\src\\server\\knowledge\\eventDedup.ts": {"lines":{"total":9,"covered":9,"skipped":0,"pct":100},"functions":{"total":1,"covered":1,"skipped":0,"pct":100},"statements":{"total":9,"covered":9,"skipped":0,"pct":100},"branches":{"total":4,"covered":4,"skipped":0,"pct":100}}
,"D:\\web\\clawtest\\src\\server\\knowledge\\eventExtractor.ts": {"lines":{"total":47,"covered":1,"skipped":0,"pct":2.12},"functions":{"total":5,"covered":0,"skipped":0,"pct":0},"statements":{"total":51,"covered":1,"skipped":0,"pct":1.96},"branches":{"total":29,"covered":0,"skipped":0,"pct":0}}
,"D:\\web\\clawtest\\src\\server\\knowledge\\extractor.ts": {"lines":{"total":107,"covered":10,"skipped":0,"pct":9.34},"functions":{"total":43,"covered":5,"skipped":0,"pct":11.62},"statements":{"total":123,"covered":14,"skipped":0,"pct":11.38},"branches":{"total":121,"covered":4,"skipped":0,"pct":3.3}}
,"D:\\web\\clawtest\\src\\server\\knowledge\\factLifecycle.ts": {"lines":{"total":11,"covered":3,"skipped":0,"pct":27.27},"functions":{"total":2,"covered":1,"skipped":0,"pct":50},"statements":{"total":11,"covered":3,"skipped":0,"pct":27.27},"branches":{"total":10,"covered":1,"skipped":0,"pct":10}}
,"D:\\web\\clawtest\\src\\server\\knowledge\\ingestionCursor.ts": {"lines":{"total":54,"covered":3,"skipped":0,"pct":5.55},"functions":{"total":14,"covered":0,"skipped":0,"pct":0},"statements":{"total":66,"covered":3,"skipped":0,"pct":4.54},"branches":{"total":56,"covered":0,"skipped":0,"pct":0}}
,"D:\\web\\clawtest\\src\\server\\knowledge\\ingestionService.ts": {"lines":{"total":205,"covered":186,"skipped":0,"pct":90.73},"functions":{"total":13,"covered":12,"skipped":0,"pct":92.3},"statements":{"total":219,"covered":197,"skipped":0,"pct":89.95},"branches":{"total":217,"covered":156,"skipped":0,"pct":71.88}}
,"D:\\web\\clawtest\\src\\server\\knowledge\\multilingualAliases.ts": {"lines":{"total":9,"covered":9,"skipped":0,"pct":100},"functions":{"total":2,"covered":2,"skipped":0,"pct":100},"statements":{"total":10,"covered":10,"skipped":0,"pct":100},"branches":{"total":4,"covered":4,"skipped":0,"pct":100}}
,"D:\\web\\clawtest\\src\\server\\knowledge\\personaIsolationPolicy.ts": {"lines":{"total":6,"covered":0,"skipped":0,"pct":0},"functions":{"total":4,"covered":0,"skipped":0,"pct":0},"statements":{"total":7,"covered":0,"skipped":0,"pct":0},"branches":{"total":4,"covered":0,"skipped":0,"pct":0}}
,"D:\\web\\clawtest\\src\\server\\knowledge\\personaStrategies.ts": {"lines":{"total":10,"covered":7,"skipped":0,"pct":70},"functions":{"total":1,"covered":1,"skipped":0,"pct":100},"statements":{"total":10,"covered":7,"skipped":0,"pct":70},"branches":{"total":12,"covered":8,"skipped":0,"pct":66.66}}
,"D:\\web\\clawtest\\src\\server\\knowledge\\projectTracker.ts": {"lines":{"total":29,"covered":4,"skipped":0,"pct":13.79},"functions":{"total":5,"covered":0,"skipped":0,"pct":0},"statements":{"total":32,"covered":4,"skipped":0,"pct":12.5},"branches":{"total":14,"covered":0,"skipped":0,"pct":0}}
,"D:\\web\\clawtest\\src\\server\\knowledge\\prompts.ts": {"lines":{"total":7,"covered":0,"skipped":0,"pct":0},"functions":{"total":2,"covered":0,"skipped":0,"pct":0},"statements":{"total":7,"covered":0,"skipped":0,"pct":0},"branches":{"total":10,"covered":0,"skipped":0,"pct":0}}
,"D:\\web\\clawtest\\src\\server\\knowledge\\queryPlanner.ts": {"lines":{"total":65,"covered":41,"skipped":0,"pct":63.07},"functions":{"total":12,"covered":7,"skipped":0,"pct":58.33},"statements":{"total":71,"covered":44,"skipped":0,"pct":61.97},"branches":{"total":45,"covered":24,"skipped":0,"pct":53.33}}
,"D:\\web\\clawtest\\src\\server\\knowledge\\recallBudgetCalculator.ts": {"lines":{"total":17,"covered":16,"skipped":0,"pct":94.11},"functions":{"total":2,"covered":2,"skipped":0,"pct":100},"statements":{"total":18,"covered":16,"skipped":0,"pct":88.88},"branches":{"total":8,"covered":5,"skipped":0,"pct":62.5}}
,"D:\\web\\clawtest\\src\\server\\knowledge\\recallScoring.ts": {"lines":{"total":16,"covered":13,"skipped":0,"pct":81.25},"functions":{"total":2,"covered":1,"skipped":0,"pct":50},"statements":{"total":17,"covered":13,"skipped":0,"pct":76.47},"branches":{"total":12,"covered":9,"skipped":0,"pct":75}}
,"D:\\web\\clawtest\\src\\server\\knowledge\\reconciliation.ts": {"lines":{"total":7,"covered":0,"skipped":0,"pct":0},"functions":{"total":6,"covered":0,"skipped":0,"pct":0},"statements":{"total":10,"covered":0,"skipped":0,"pct":0},"branches":{"total":2,"covered":0,"skipped":0,"pct":0}}
,"D:\\web\\clawtest\\src\\server\\knowledge\\retrievalService.ts": {"lines":{"total":0,"covered":0,"skipped":0,"pct":100},"functions":{"total":0,"covered":0,"skipped":0,"pct":100},"statements":{"total":0,"covered":0,"skipped":0,"pct":100},"branches":{"total":0,"covered":0,"skipped":0,"pct":100}}
,"D:\\web\\clawtest\\src\\server\\knowledge\\runtime.ts": {"lines":{"total":76,"covered":74,"skipped":0,"pct":97.36},"functions":{"total":18,"covered":17,"skipped":0,"pct":94.44},"statements":{"total":78,"covered":76,"skipped":0,"pct":97.43},"branches":{"total":51,"covered":32,"skipped":0,"pct":62.74}}
,"D:\\web\\clawtest\\src\\server\\knowledge\\runtimeLoop.ts": {"lines":{"total":36,"covered":0,"skipped":0,"pct":0},"functions":{"total":6,"covered":0,"skipped":0,"pct":0},"statements":{"total":37,"covered":0,"skipped":0,"pct":0},"branches":{"total":18,"covered":0,"skipped":0,"pct":0}}
,"D:\\web\\clawtest\\src\\server\\knowledge\\sqliteKnowledgeRepository.ts": {"lines":{"total":67,"covered":62,"skipped":0,"pct":92.53},"functions":{"total":36,"covered":31,"skipped":0,"pct":86.11},"statements":{"total":67,"covered":62,"skipped":0,"pct":92.53},"branches":{"total":28,"covered":22,"skipped":0,"pct":78.57}}
,"D:\\web\\clawtest\\src\\server\\knowledge\\taskTracker.ts": {"lines":{"total":13,"covered":6,"skipped":0,"pct":46.15},"functions":{"total":3,"covered":1,"skipped":0,"pct":33.33},"statements":{"total":17,"covered":7,"skipped":0,"pct":41.17},"branches":{"total":8,"covered":3,"skipped":0,"pct":37.5}}
,"D:\\web\\clawtest\\src\\server\\knowledge\\textQuality.ts": {"lines":{"total":58,"covered":35,"skipped":0,"pct":60.34},"functions":{"total":11,"covered":8,"skipped":0,"pct":72.72},"statements":{"total":77,"covered":40,"skipped":0,"pct":51.94},"branches":{"total":54,"covered":19,"skipped":0,"pct":35.18}}
,"D:\\web\\clawtest\\src\\server\\knowledge\\timeResolver.ts": {"lines":{"total":55,"covered":22,"skipped":0,"pct":40},"functions":{"total":8,"covered":5,"skipped":0,"pct":62.5},"statements":{"total":60,"covered":25,"skipped":0,"pct":41.66},"branches":{"total":26,"covered":10,"skipped":0,"pct":38.46}}
,"D:\\web\\clawtest\\src\\server\\knowledge\\tokenBudget.ts": {"lines":{"total":27,"covered":26,"skipped":0,"pct":96.29},"functions":{"total":3,"covered":3,"skipped":0,"pct":100},"statements":{"total":32,"covered":27,"skipped":0,"pct":84.37},"branches":{"total":22,"covered":14,"skipped":0,"pct":63.63}}
,"D:\\web\\clawtest\\src\\server\\knowledge\\repositories\\auditRepository.ts": {"lines":{"total":16,"covered":16,"skipped":0,"pct":100},"functions":{"total":5,"covered":5,"skipped":0,"pct":100},"statements":{"total":17,"covered":17,"skipped":0,"pct":100},"branches":{"total":24,"covered":17,"skipped":0,"pct":70.83}}
,"D:\\web\\clawtest\\src\\server\\knowledge\\repositories\\checkpointRepository.ts": {"lines":{"total":8,"covered":8,"skipped":0,"pct":100},"functions":{"total":3,"covered":3,"skipped":0,"pct":100},"statements":{"total":9,"covered":9,"skipped":0,"pct":100},"branches":{"total":6,"covered":4,"skipped":0,"pct":66.66}}
,"D:\\web\\clawtest\\src\\server\\knowledge\\repositories\\entityRepository.ts": {"lines":{"total":95,"covered":89,"skipped":0,"pct":93.68},"functions":{"total":27,"covered":23,"skipped":0,"pct":85.18},"statements":{"total":106,"covered":97,"skipped":0,"pct":91.5},"branches":{"total":44,"covered":33,"skipped":0,"pct":75}}
,"D:\\web\\clawtest\\src\\server\\knowledge\\repositories\\episodeRepository.ts": {"lines":{"total":29,"covered":23,"skipped":0,"pct":79.31},"functions":{"total":5,"covered":5,"skipped":0,"pct":100},"statements":{"total":30,"covered":24,"skipped":0,"pct":80},"branches":{"total":46,"covered":30,"skipped":0,"pct":65.21}}
,"D:\\web\\clawtest\\src\\server\\knowledge\\repositories\\eventRepository.ts": {"lines":{"total":63,"covered":1,"skipped":0,"pct":1.58},"functions":{"total":10,"covered":1,"skipped":0,"pct":10},"statements":{"total":69,"covered":1,"skipped":0,"pct":1.44},"branches":{"total":57,"covered":0,"skipped":0,"pct":0}}
,"D:\\web\\clawtest\\src\\server\\knowledge\\repositories\\index.ts": {"lines":{"total":0,"covered":0,"skipped":0,"pct":100},"functions":{"total":0,"covered":0,"skipped":0,"pct":100},"statements":{"total":0,"covered":0,"skipped":0,"pct":100},"branches":{"total":0,"covered":0,"skipped":0,"pct":100}}
,"D:\\web\\clawtest\\src\\server\\knowledge\\repositories\\ledgerRepository.ts": {"lines":{"total":28,"covered":22,"skipped":0,"pct":78.57},"functions":{"total":5,"covered":5,"skipped":0,"pct":100},"statements":{"total":29,"covered":23,"skipped":0,"pct":79.31},"branches":{"total":44,"covered":28,"skipped":0,"pct":63.63}}
,"D:\\web\\clawtest\\src\\server\\knowledge\\repositories\\migrations.ts": {"lines":{"total":23,"covered":23,"skipped":0,"pct":100},"functions":{"total":1,"covered":1,"skipped":0,"pct":100},"statements":{"total":23,"covered":23,"skipped":0,"pct":100},"branches":{"total":0,"covered":0,"skipped":0,"pct":100}}
,"D:\\web\\clawtest\\src\\server\\knowledge\\repositories\\summaryRepository.ts": {"lines":{"total":18,"covered":16,"skipped":0,"pct":88.88},"functions":{"total":4,"covered":4,"skipped":0,"pct":100},"statements":{"total":19,"covered":17,"skipped":0,"pct":89.47},"branches":{"total":14,"covered":9,"skipped":0,"pct":64.28}}
,"D:\\web\\clawtest\\src\\server\\knowledge\\repositories\\utils.ts": {"lines":{"total":21,"covered":18,"skipped":0,"pct":85.71},"functions":{"total":10,"covered":10,"skipped":0,"pct":100},"statements":{"total":28,"covered":22,"skipped":0,"pct":78.57},"branches":{"total":32,"covered":24,"skipped":0,"pct":75}}
,"D:\\web\\clawtest\\src\\server\\knowledge\\retrieval\\index.ts": {"lines":{"total":0,"covered":0,"skipped":0,"pct":100},"functions":{"total":0,"covered":0,"skipped":0,"pct":100},"statements":{"total":0,"covered":0,"skipped":0,"pct":100},"branches":{"total":0,"covered":0,"skipped":0,"pct":100}}
,"D:\\web\\clawtest\\src\\server\\knowledge\\retrieval\\service.ts": {"lines":{"total":106,"covered":79,"skipped":0,"pct":74.52},"functions":{"total":15,"covered":14,"skipped":0,"pct":93.33},"statements":{"total":116,"covered":84,"skipped":0,"pct":72.41},"branches":{"total":107,"covered":59,"skipped":0,"pct":55.14}}
,"D:\\web\\clawtest\\src\\server\\knowledge\\retrieval\\formatters\\answerDraftBuilder.ts": {"lines":{"total":22,"covered":22,"skipped":0,"pct":100},"functions":{"total":12,"covered":12,"skipped":0,"pct":100},"statements":{"total":23,"covered":23,"skipped":0,"pct":100},"branches":{"total":25,"covered":18,"skipped":0,"pct":72}}
,"D:\\web\\clawtest\\src\\server\\knowledge\\retrieval\\formatters\\budgetCalculator.ts": {"lines":{"total":14,"covered":13,"skipped":0,"pct":92.85},"functions":{"total":1,"covered":1,"skipped":0,"pct":100},"statements":{"total":14,"covered":13,"skipped":0,"pct":92.85},"branches":{"total":8,"covered":4,"skipped":0,"pct":50}}
,"D:\\web\\clawtest\\src\\server\\knowledge\\retrieval\\formatters\\contextFormatter.ts": {"lines":{"total":27,"covered":13,"skipped":0,"pct":48.14},"functions":{"total":9,"covered":4,"skipped":0,"pct":44.44},"statements":{"total":32,"covered":15,"skipped":0,"pct":46.87},"branches":{"total":24,"covered":12,"skipped":0,"pct":50}}
,"D:\\web\\clawtest\\src\\server\\knowledge\\retrieval\\formatters\\displayUtils.ts": {"lines":{"total":11,"covered":10,"skipped":0,"pct":90.9},"functions":{"total":3,"covered":3,"skipped":0,"pct":100},"statements":{"total":14,"covered":13,"skipped":0,"pct":92.85},"branches":{"total":17,"covered":15,"skipped":0,"pct":88.23}}
,"D:\\web\\clawtest\\src\\server\\knowledge\\retrieval\\formatters\\evidenceBuilder.ts": {"lines":{"total":28,"covered":23,"skipped":0,"pct":82.14},"functions":{"total":7,"covered":7,"skipped":0,"pct":100},"statements":{"total":31,"covered":24,"skipped":0,"pct":77.41},"branches":{"total":32,"covered":15,"skipped":0,"pct":46.87}}
,"D:\\web\\clawtest\\src\\server\\knowledge\\retrieval\\query\\intentDetector.ts": {"lines":{"total":23,"covered":20,"skipped":0,"pct":86.95},"functions":{"total":13,"covered":12,"skipped":0,"pct":92.3},"statements":{"total":27,"covered":23,"skipped":0,"pct":85.18},"branches":{"total":13,"covered":6,"skipped":0,"pct":46.15}}
,"D:\\web\\clawtest\\src\\server\\knowledge\\retrieval\\query\\queryParser.ts": {"lines":{"total":5,"covered":5,"skipped":0,"pct":100},"functions":{"total":3,"covered":3,"skipped":0,"pct":100},"statements":{"total":5,"covered":5,"skipped":0,"pct":100},"branches":{"total":2,"covered":2,"skipped":0,"pct":100}}
,"D:\\web\\clawtest\\src\\server\\knowledge\\retrieval\\query\\rulesExtractor.ts": {"lines":{"total":41,"covered":36,"skipped":0,"pct":87.8},"functions":{"total":5,"covered":5,"skipped":0,"pct":100},"statements":{"total":53,"covered":40,"skipped":0,"pct":75.47},"branches":{"total":44,"covered":27,"skipped":0,"pct":61.36}}
,"D:\\web\\clawtest\\src\\server\\knowledge\\retrieval\\ranking\\episodeRanker.ts": {"lines":{"total":14,"covered":13,"skipped":0,"pct":92.85},"functions":{"total":3,"covered":3,"skipped":0,"pct":100},"statements":{"total":17,"covered":15,"skipped":0,"pct":88.23},"branches":{"total":25,"covered":13,"skipped":0,"pct":52}}
,"D:\\web\\clawtest\\src\\server\\knowledge\\retrieval\\ranking\\ledgerRanker.ts": {"lines":{"total":9,"covered":9,"skipped":0,"pct":100},"functions":{"total":2,"covered":2,"skipped":0,"pct":100},"statements":{"total":11,"covered":11,"skipped":0,"pct":100},"branches":{"total":16,"covered":12,"skipped":0,"pct":75}}
,"D:\\web\\clawtest\\src\\server\\knowledge\\retrieval\\ranking\\scoring.ts": {"lines":{"total":11,"covered":11,"skipped":0,"pct":100},"functions":{"total":2,"covered":2,"skipped":0,"pct":100},"statements":{"total":14,"covered":12,"skipped":0,"pct":85.71},"branches":{"total":8,"covered":5,"skipped":0,"pct":62.5}}
,"D:\\web\\clawtest\\src\\server\\knowledge\\retrieval\\utils\\arrayUtils.ts": {"lines":{"total":10,"covered":10,"skipped":0,"pct":100},"functions":{"total":1,"covered":1,"skipped":0,"pct":100},"statements":{"total":12,"covered":12,"skipped":0,"pct":100},"branches":{"total":6,"covered":6,"skipped":0,"pct":100}}
,"D:\\web\\clawtest\\src\\server\\knowledge\\security\\memoryPoisoningGuard.ts": {"lines":{"total":9,"covered":9,"skipped":0,"pct":100},"functions":{"total":1,"covered":1,"skipped":0,"pct":100},"statements":{"total":9,"covered":9,"skipped":0,"pct":100},"branches":{"total":4,"covered":4,"skipped":0,"pct":100}}
,"D:\\web\\clawtest\\src\\server\\memory\\constants.ts": {"lines":{"total":7,"covered":7,"skipped":0,"pct":100},"functions":{"total":0,"covered":0,"skipped":0,"pct":100},"statements":{"total":7,"covered":7,"skipped":0,"pct":100},"branches":{"total":0,"covered":0,"skipped":0,"pct":100}}
,"D:\\web\\clawtest\\src\\server\\memory\\errors.ts": {"lines":{"total":3,"covered":0,"skipped":0,"pct":0},"functions":{"total":1,"covered":0,"skipped":0,"pct":0},"statements":{"total":3,"covered":0,"skipped":0,"pct":0},"branches":{"total":1,"covered":0,"skipped":0,"pct":0}}
,"D:\\web\\clawtest\\src\\server\\memory\\mem0Client.ts": {"lines":{"total":202,"covered":4,"skipped":0,"pct":1.98},"functions":{"total":49,"covered":0,"skipped":0,"pct":0},"statements":{"total":230,"covered":4,"skipped":0,"pct":1.73},"branches":{"total":249,"covered":0,"skipped":0,"pct":0}}
,"D:\\web\\clawtest\\src\\server\\memory\\runtime.ts": {"lines":{"total":31,"covered":2,"skipped":0,"pct":6.45},"functions":{"total":6,"covered":0,"skipped":0,"pct":0},"statements":{"total":32,"covered":2,"skipped":0,"pct":6.25},"branches":{"total":27,"covered":0,"skipped":0,"pct":0}}
,"D:\\web\\clawtest\\src\\server\\memory\\service.ts": {"lines":{"total":116,"covered":0,"skipped":0,"pct":0},"functions":{"total":24,"covered":0,"skipped":0,"pct":0},"statements":{"total":131,"covered":0,"skipped":0,"pct":0},"branches":{"total":75,"covered":0,"skipped":0,"pct":0}}
,"D:\\web\\clawtest\\src\\server\\memory\\userScope.ts": {"lines":{"total":6,"covered":0,"skipped":0,"pct":0},"functions":{"total":3,"covered":0,"skipped":0,"pct":0},"statements":{"total":7,"covered":0,"skipped":0,"pct":0},"branches":{"total":8,"covered":0,"skipped":0,"pct":0}}
,"D:\\web\\clawtest\\src\\server\\memory\\formatters\\contextFormatter.ts": {"lines":{"total":10,"covered":0,"skipped":0,"pct":0},"functions":{"total":1,"covered":0,"skipped":0,"pct":0},"statements":{"total":12,"covered":0,"skipped":0,"pct":0},"branches":{"total":8,"covered":0,"skipped":0,"pct":0}}
,"D:\\web\\clawtest\\src\\server\\memory\\mappers\\nodeMappers.ts": {"lines":{"total":8,"covered":0,"skipped":0,"pct":0},"functions":{"total":4,"covered":0,"skipped":0,"pct":0},"statements":{"total":8,"covered":0,"skipped":0,"pct":0},"branches":{"total":26,"covered":0,"skipped":0,"pct":0}}
,"D:\\web\\clawtest\\src\\server\\memory\\operations\\bulk.ts": {"lines":{"total":14,"covered":0,"skipped":0,"pct":0},"functions":{"total":5,"covered":0,"skipped":0,"pct":0},"statements":{"total":18,"covered":0,"skipped":0,"pct":0},"branches":{"total":4,"covered":0,"skipped":0,"pct":0}}
,"D:\\web\\clawtest\\src\\server\\memory\\operations\\feedback.ts": {"lines":{"total":35,"covered":0,"skipped":0,"pct":0},"functions":{"total":3,"covered":0,"skipped":0,"pct":0},"statements":{"total":41,"covered":0,"skipped":0,"pct":0},"branches":{"total":25,"covered":0,"skipped":0,"pct":0}}
,"D:\\web\\clawtest\\src\\server\\memory\\operations\\recall.ts": {"lines":{"total":49,"covered":0,"skipped":0,"pct":0},"functions":{"total":12,"covered":0,"skipped":0,"pct":0},"statements":{"total":57,"covered":0,"skipped":0,"pct":0},"branches":{"total":30,"covered":0,"skipped":0,"pct":0}}
,"D:\\web\\clawtest\\src\\server\\memory\\operations\\store.ts": {"lines":{"total":8,"covered":0,"skipped":0,"pct":0},"functions":{"total":1,"covered":0,"skipped":0,"pct":0},"statements":{"total":8,"covered":0,"skipped":0,"pct":0},"branches":{"total":7,"covered":0,"skipped":0,"pct":0}}
,"D:\\web\\clawtest\\src\\server\\memory\\subject\\detector.ts": {"lines":{"total":22,"covered":2,"skipped":0,"pct":9.09},"functions":{"total":5,"covered":0,"skipped":0,"pct":0},"statements":{"total":33,"covered":2,"skipped":0,"pct":6.06},"branches":{"total":31,"covered":0,"skipped":0,"pct":0}}
,"D:\\web\\clawtest\\src\\server\\memory\\utils\\errorDetection.ts": {"lines":{"total":5,"covered":0,"skipped":0,"pct":0},"functions":{"total":2,"covered":0,"skipped":0,"pct":0},"statements":{"total":6,"covered":0,"skipped":0,"pct":0},"branches":{"total":10,"covered":0,"skipped":0,"pct":0}}
,"D:\\web\\clawtest\\src\\server\\memory\\utils\\queryUtils.ts": {"lines":{"total":7,"covered":0,"skipped":0,"pct":0},"functions":{"total":4,"covered":0,"skipped":0,"pct":0},"statements":{"total":9,"covered":0,"skipped":0,"pct":0},"branches":{"total":12,"covered":0,"skipped":0,"pct":0}}
,"D:\\web\\clawtest\\src\\server\\memory\\utils\\scoring.ts": {"lines":{"total":5,"covered":0,"skipped":0,"pct":0},"functions":{"total":1,"covered":0,"skipped":0,"pct":0},"statements":{"total":9,"covered":0,"skipped":0,"pct":0},"branches":{"total":14,"covered":0,"skipped":0,"pct":0}}
,"D:\\web\\clawtest\\src\\server\\memory\\utils\\timestamp.ts": {"lines":{"total":5,"covered":0,"skipped":0,"pct":0},"functions":{"total":1,"covered":0,"skipped":0,"pct":0},"statements":{"total":6,"covered":0,"skipped":0,"pct":0},"branches":{"total":4,"covered":0,"skipped":0,"pct":0}}
,"D:\\web\\clawtest\\src\\server\\memory\\validators\\typeValidators.ts": {"lines":{"total":17,"covered":0,"skipped":0,"pct":0},"functions":{"total":6,"covered":0,"skipped":0,"pct":0},"statements":{"total":21,"covered":0,"skipped":0,"pct":0},"branches":{"total":23,"covered":0,"skipped":0,"pct":0}}
,"D:\\web\\clawtest\\src\\server\\model-hub\\codexAuth.ts": {"lines":{"total":88,"covered":6,"skipped":0,"pct":6.81},"functions":{"total":16,"covered":0,"skipped":0,"pct":0},"statements":{"total":104,"covered":6,"skipped":0,"pct":5.76},"branches":{"total":83,"covered":0,"skipped":0,"pct":0}}
,"D:\\web\\clawtest\\src\\server\\model-hub\\crypto.ts": {"lines":{"total":19,"covered":0,"skipped":0,"pct":0},"functions":{"total":4,"covered":0,"skipped":0,"pct":0},"statements":{"total":19,"covered":0,"skipped":0,"pct":0},"branches":{"total":5,"covered":0,"skipped":0,"pct":0}}
,"D:\\web\\clawtest\\src\\server\\model-hub\\gateway.ts": {"lines":{"total":51,"covered":0,"skipped":0,"pct":0},"functions":{"total":5,"covered":0,"skipped":0,"pct":0},"statements":{"total":52,"covered":0,"skipped":0,"pct":0},"branches":{"total":48,"covered":0,"skipped":0,"pct":0}}
,"D:\\web\\clawtest\\src\\server\\model-hub\\modelFetcher.ts": {"lines":{"total":15,"covered":0,"skipped":0,"pct":0},"functions":{"total":5,"covered":0,"skipped":0,"pct":0},"statements":{"total":19,"covered":0,"skipped":0,"pct":0},"branches":{"total":12,"covered":0,"skipped":0,"pct":0}}
,"D:\\web\\clawtest\\src\\server\\model-hub\\providerCatalog.ts": {"lines":{"total":1,"covered":1,"skipped":0,"pct":100},"functions":{"total":0,"covered":0,"skipped":0,"pct":100},"statements":{"total":1,"covered":1,"skipped":0,"pct":100},"branches":{"total":0,"covered":0,"skipped":0,"pct":100}}
,"D:\\web\\clawtest\\src\\server\\model-hub\\runtime.ts": {"lines":{"total":12,"covered":1,"skipped":0,"pct":8.33},"functions":{"total":3,"covered":0,"skipped":0,"pct":0},"statements":{"total":13,"covered":1,"skipped":0,"pct":7.69},"branches":{"total":10,"covered":0,"skipped":0,"pct":0}}
,"D:\\web\\clawtest\\src\\server\\model-hub\\service.ts": {"lines":{"total":151,"covered":0,"skipped":0,"pct":0},"functions":{"total":25,"covered":0,"skipped":0,"pct":0},"statements":{"total":166,"covered":0,"skipped":0,"pct":0},"branches":{"total":138,"covered":0,"skipped":0,"pct":0}}
,"D:\\web\\clawtest\\src\\server\\model-hub\\Models\\index.ts": {"lines":{"total":0,"covered":0,"skipped":0,"pct":100},"functions":{"total":0,"covered":0,"skipped":0,"pct":100},"statements":{"total":0,"covered":0,"skipped":0,"pct":100},"branches":{"total":0,"covered":0,"skipped":0,"pct":100}}
,"D:\\web\\clawtest\\src\\server\\model-hub\\Models\\registry.ts": {"lines":{"total":3,"covered":1,"skipped":0,"pct":33.33},"functions":{"total":2,"covered":0,"skipped":0,"pct":0},"statements":{"total":3,"covered":1,"skipped":0,"pct":33.33},"branches":{"total":2,"covered":0,"skipped":0,"pct":0}}
,"D:\\web\\clawtest\\src\\server\\model-hub\\Models\\anthropic\\index.ts": {"lines":{"total":101,"covered":3,"skipped":0,"pct":2.97},"functions":{"total":19,"covered":0,"skipped":0,"pct":0},"statements":{"total":113,"covered":3,"skipped":0,"pct":2.65},"branches":{"total":115,"covered":0,"skipped":0,"pct":0}}
,"D:\\web\\clawtest\\src\\server\\model-hub\\Models\\bytedance\\index.ts": {"lines":{"total":8,"covered":1,"skipped":0,"pct":12.5},"functions":{"total":3,"covered":0,"skipped":0,"pct":0},"statements":{"total":8,"covered":1,"skipped":0,"pct":12.5},"branches":{"total":7,"covered":0,"skipped":0,"pct":0}}
,"D:\\web\\clawtest\\src\\server\\model-hub\\Models\\cohere\\index.ts": {"lines":{"total":33,"covered":1,"skipped":0,"pct":3.03},"functions":{"total":13,"covered":0,"skipped":0,"pct":0},"statements":{"total":38,"covered":1,"skipped":0,"pct":2.63},"branches":{"total":39,"covered":0,"skipped":0,"pct":0}}
,"D:\\web\\clawtest\\src\\server\\model-hub\\Models\\gemini\\index.ts": {"lines":{"total":95,"covered":1,"skipped":0,"pct":1.05},"functions":{"total":19,"covered":0,"skipped":0,"pct":0},"statements":{"total":102,"covered":1,"skipped":0,"pct":0.98},"branches":{"total":108,"covered":0,"skipped":0,"pct":0}}
,"D:\\web\\clawtest\\src\\server\\model-hub\\Models\\github-copilot\\index.ts": {"lines":{"total":20,"covered":1,"skipped":0,"pct":5},"functions":{"total":7,"covered":0,"skipped":0,"pct":0},"statements":{"total":22,"covered":1,"skipped":0,"pct":4.54},"branches":{"total":25,"covered":0,"skipped":0,"pct":0}}
,"D:\\web\\clawtest\\src\\server\\model-hub\\Models\\kimi\\index.ts": {"lines":{"total":20,"covered":2,"skipped":0,"pct":10},"functions":{"total":7,"covered":0,"skipped":0,"pct":0},"statements":{"total":22,"covered":2,"skipped":0,"pct":9.09},"branches":{"total":10,"covered":0,"skipped":0,"pct":0}}
,"D:\\web\\clawtest\\src\\server\\model-hub\\Models\\lmstudio\\index.ts": {"lines":{"total":5,"covered":2,"skipped":0,"pct":40},"functions":{"total":3,"covered":0,"skipped":0,"pct":0},"statements":{"total":5,"covered":2,"skipped":0,"pct":40},"branches":{"total":0,"covered":0,"skipped":0,"pct":100}}
,"D:\\web\\clawtest\\src\\server\\model-hub\\Models\\mistral\\index.ts": {"lines":{"total":4,"covered":1,"skipped":0,"pct":25},"functions":{"total":3,"covered":0,"skipped":0,"pct":0},"statements":{"total":4,"covered":1,"skipped":0,"pct":25},"branches":{"total":0,"covered":0,"skipped":0,"pct":100}}
,"D:\\web\\clawtest\\src\\server\\model-hub\\Models\\ollama\\index.ts": {"lines":{"total":27,"covered":3,"skipped":0,"pct":11.11},"functions":{"total":12,"covered":0,"skipped":0,"pct":0},"statements":{"total":31,"covered":3,"skipped":0,"pct":9.67},"branches":{"total":17,"covered":0,"skipped":0,"pct":0}}
,"D:\\web\\clawtest\\src\\server\\model-hub\\Models\\openai\\index.ts": {"lines":{"total":4,"covered":1,"skipped":0,"pct":25},"functions":{"total":3,"covered":0,"skipped":0,"pct":0},"statements":{"total":4,"covered":1,"skipped":0,"pct":25},"branches":{"total":0,"covered":0,"skipped":0,"pct":100}}
,"D:\\web\\clawtest\\src\\server\\model-hub\\Models\\openai-codex\\constants.ts": {"lines":{"total":6,"covered":6,"skipped":0,"pct":100},"functions":{"total":0,"covered":0,"skipped":0,"pct":100},"statements":{"total":6,"covered":6,"skipped":0,"pct":100},"branches":{"total":0,"covered":0,"skipped":0,"pct":100}}
,"D:\\web\\clawtest\\src\\server\\model-hub\\Models\\openai-codex\\index.ts": {"lines":{"total":5,"covered":1,"skipped":0,"pct":20},"functions":{"total":3,"covered":0,"skipped":0,"pct":0},"statements":{"total":5,"covered":1,"skipped":0,"pct":20},"branches":{"total":0,"covered":0,"skipped":0,"pct":100}}
,"D:\\web\\clawtest\\src\\server\\model-hub\\Models\\openai-codex\\attachments\\attachmentHandler.ts": {"lines":{"total":29,"covered":0,"skipped":0,"pct":0},"functions":{"total":5,"covered":0,"skipped":0,"pct":0},"statements":{"total":31,"covered":0,"skipped":0,"pct":0},"branches":{"total":24,"covered":0,"skipped":0,"pct":0}}
,"D:\\web\\clawtest\\src\\server\\model-hub\\Models\\openai-codex\\client\\config.ts": {"lines":{"total":22,"covered":0,"skipped":0,"pct":0},"functions":{"total":5,"covered":0,"skipped":0,"pct":0},"statements":{"total":29,"covered":0,"skipped":0,"pct":0},"branches":{"total":30,"covered":0,"skipped":0,"pct":0}}
,"D:\\web\\clawtest\\src\\server\\model-hub\\Models\\openai-codex\\client\\dispatch.ts": {"lines":{"total":18,"covered":0,"skipped":0,"pct":0},"functions":{"total":2,"covered":0,"skipped":0,"pct":0},"statements":{"total":19,"covered":0,"skipped":0,"pct":0},"branches":{"total":10,"covered":0,"skipped":0,"pct":0}}
,"D:\\web\\clawtest\\src\\server\\model-hub\\Models\\openai-codex\\connectivity\\testConnectivity.ts": {"lines":{"total":6,"covered":0,"skipped":0,"pct":0},"functions":{"total":1,"covered":0,"skipped":0,"pct":0},"statements":{"total":6,"covered":0,"skipped":0,"pct":0},"branches":{"total":4,"covered":0,"skipped":0,"pct":0}}
,"D:\\web\\clawtest\\src\\server\\model-hub\\Models\\openai-codex\\mappers\\messageMapper.ts": {"lines":{"total":19,"covered":0,"skipped":0,"pct":0},"functions":{"total":2,"covered":0,"skipped":0,"pct":0},"statements":{"total":25,"covered":0,"skipped":0,"pct":0},"branches":{"total":14,"covered":0,"skipped":0,"pct":0}}
,"D:\\web\\clawtest\\src\\server\\model-hub\\Models\\openai-codex\\mappers\\requestMapper.ts": {"lines":{"total":12,"covered":0,"skipped":0,"pct":0},"functions":{"total":4,"covered":0,"skipped":0,"pct":0},"statements":{"total":12,"covered":0,"skipped":0,"pct":0},"branches":{"total":8,"covered":0,"skipped":0,"pct":0}}
,"D:\\web\\clawtest\\src\\server\\model-hub\\Models\\openai-codex\\mappers\\toolMapper.ts": {"lines":{"total":19,"covered":0,"skipped":0,"pct":0},"functions":{"total":4,"covered":0,"skipped":0,"pct":0},"statements":{"total":26,"covered":0,"skipped":0,"pct":0},"branches":{"total":40,"covered":0,"skipped":0,"pct":0}}
,"D:\\web\\clawtest\\src\\server\\model-hub\\Models\\openai-codex\\parsers\\errorParser.ts": {"lines":{"total":18,"covered":0,"skipped":0,"pct":0},"functions":{"total":2,"covered":0,"skipped":0,"pct":0},"statements":{"total":23,"covered":0,"skipped":0,"pct":0},"branches":{"total":26,"covered":0,"skipped":0,"pct":0}}
,"D:\\web\\clawtest\\src\\server\\model-hub\\Models\\openai-codex\\parsers\\responseParser.ts": {"lines":{"total":51,"covered":0,"skipped":0,"pct":0},"functions":{"total":6,"covered":0,"skipped":0,"pct":0},"statements":{"total":62,"covered":0,"skipped":0,"pct":0},"branches":{"total":64,"covered":0,"skipped":0,"pct":0}}
,"D:\\web\\clawtest\\src\\server\\model-hub\\Models\\openai-codex\\parsers\\sseParser.ts": {"lines":{"total":85,"covered":0,"skipped":0,"pct":0},"functions":{"total":5,"covered":0,"skipped":0,"pct":0},"statements":{"total":98,"covered":0,"skipped":0,"pct":0},"branches":{"total":94,"covered":0,"skipped":0,"pct":0}}
,"D:\\web\\clawtest\\src\\server\\model-hub\\Models\\openai-codex\\utils\\models.ts": {"lines":{"total":10,"covered":0,"skipped":0,"pct":0},"functions":{"total":4,"covered":0,"skipped":0,"pct":0},"statements":{"total":12,"covered":0,"skipped":0,"pct":0},"branches":{"total":4,"covered":0,"skipped":0,"pct":0}}
,"D:\\web\\clawtest\\src\\server\\model-hub\\Models\\openai-codex\\utils\\typeGuards.ts": {"lines":{"total":3,"covered":0,"skipped":0,"pct":0},"functions":{"total":3,"covered":0,"skipped":0,"pct":0},"statements":{"total":3,"covered":0,"skipped":0,"pct":0},"branches":{"total":10,"covered":0,"skipped":0,"pct":0}}
,"D:\\web\\clawtest\\src\\server\\model-hub\\Models\\openrouter\\index.ts": {"lines":{"total":8,"covered":1,"skipped":0,"pct":12.5},"functions":{"total":4,"covered":0,"skipped":0,"pct":0},"statements":{"total":10,"covered":1,"skipped":0,"pct":10},"branches":{"total":8,"covered":0,"skipped":0,"pct":0}}
,"D:\\web\\clawtest\\src\\server\\model-hub\\Models\\shared\\http.ts": {"lines":{"total":31,"covered":1,"skipped":0,"pct":3.22},"functions":{"total":6,"covered":0,"skipped":0,"pct":0},"statements":{"total":37,"covered":1,"skipped":0,"pct":2.7},"branches":{"total":36,"covered":0,"skipped":0,"pct":0}}
,"D:\\web\\clawtest\\src\\server\\model-hub\\Models\\shared\\openaiCompatible.ts": {"lines":{"total":201,"covered":1,"skipped":0,"pct":0.49},"functions":{"total":24,"covered":0,"skipped":0,"pct":0},"statements":{"total":221,"covered":1,"skipped":0,"pct":0.45},"branches":{"total":188,"covered":0,"skipped":0,"pct":0}}
,"D:\\web\\clawtest\\src\\server\\model-hub\\Models\\xai\\index.ts": {"lines":{"total":135,"covered":2,"skipped":0,"pct":1.48},"functions":{"total":15,"covered":0,"skipped":0,"pct":0},"statements":{"total":148,"covered":2,"skipped":0,"pct":1.35},"branches":{"total":143,"covered":0,"skipped":0,"pct":0}}
,"D:\\web\\clawtest\\src\\server\\model-hub\\Models\\zai\\index.ts": {"lines":{"total":8,"covered":1,"skipped":0,"pct":12.5},"functions":{"total":3,"covered":0,"skipped":0,"pct":0},"statements":{"total":8,"covered":1,"skipped":0,"pct":12.5},"branches":{"total":7,"covered":0,"skipped":0,"pct":0}}
,"D:\\web\\clawtest\\src\\server\\model-hub\\repositories\\sqliteModelHubRepository.ts": {"lines":{"total":55,"covered":0,"skipped":0,"pct":0},"functions":{"total":19,"covered":0,"skipped":0,"pct":0},"statements":{"total":58,"covered":0,"skipped":0,"pct":0},"branches":{"total":29,"covered":0,"skipped":0,"pct":0}}
,"D:\\web\\clawtest\\src\\server\\stats\\openRouterPricing.ts": {"lines":{"total":65,"covered":0,"skipped":0,"pct":0},"functions":{"total":13,"covered":0,"skipped":0,"pct":0},"statements":{"total":78,"covered":0,"skipped":0,"pct":0},"branches":{"total":62,"covered":0,"skipped":0,"pct":0}}
,"D:\\web\\clawtest\\src\\server\\stats\\promptAudit.ts": {"lines":{"total":42,"covered":3,"skipped":0,"pct":7.14},"functions":{"total":7,"covered":0,"skipped":0,"pct":0},"statements":{"total":45,"covered":3,"skipped":0,"pct":6.66},"branches":{"total":24,"covered":0,"skipped":0,"pct":0}}
,"D:\\web\\clawtest\\src\\server\\stats\\promptDispatchDiagnostics.ts": {"lines":{"total":16,"covered":1,"skipped":0,"pct":6.25},"functions":{"total":6,"covered":0,"skipped":0,"pct":0},"statements":{"total":16,"covered":1,"skipped":0,"pct":6.25},"branches":{"total":6,"covered":0,"skipped":0,"pct":0}}
,"D:\\web\\clawtest\\src\\server\\stats\\promptDispatchRepository.ts": {"lines":{"total":88,"covered":0,"skipped":0,"pct":0},"functions":{"total":17,"covered":0,"skipped":0,"pct":0},"statements":{"total":91,"covered":0,"skipped":0,"pct":0},"branches":{"total":67,"covered":0,"skipped":0,"pct":0}}
,"D:\\web\\clawtest\\src\\server\\stats\\tokenUsageRepository.ts": {"lines":{"total":59,"covered":0,"skipped":0,"pct":0},"functions":{"total":12,"covered":0,"skipped":0,"pct":0},"statements":{"total":60,"covered":0,"skipped":0,"pct":0},"branches":{"total":26,"covered":0,"skipped":0,"pct":0}}
,"D:\\web\\clawtest\\src\\server\\stats\\xaiPricing.ts": {"lines":{"total":13,"covered":3,"skipped":0,"pct":23.07},"functions":{"total":3,"covered":0,"skipped":0,"pct":0},"statements":{"total":15,"covered":3,"skipped":0,"pct":20},"branches":{"total":10,"covered":0,"skipped":0,"pct":0}}
,"D:\\web\\clawtest\\src\\shared\\domain\\types.ts": {"lines":{"total":31,"covered":31,"skipped":0,"pct":100},"functions":{"total":2,"covered":2,"skipped":0,"pct":100},"statements":{"total":33,"covered":33,"skipped":0,"pct":100},"branches":{"total":4,"covered":4,"skipped":0,"pct":100}}
,"D:\\web\\clawtest\\src\\shared\\lib\\ids.ts": {"lines":{"total":2,"covered":2,"skipped":0,"pct":100},"functions":{"total":1,"covered":1,"skipped":0,"pct":100},"statements":{"total":2,"covered":2,"skipped":0,"pct":100},"branches":{"total":0,"covered":0,"skipped":0,"pct":100}}
,"D:\\web\\clawtest\\tests\\helpers\\sqliteTestArtifacts.ts": {"lines":{"total":10,"covered":9,"skipped":0,"pct":90},"functions":{"total":2,"covered":2,"skipped":0,"pct":100},"statements":{"total":11,"covered":9,"skipped":0,"pct":81.81},"branches":{"total":12,"covered":6,"skipped":0,"pct":50}}
}
