{"D:\\web\\clawtest\\src\\server\\knowledge\\answerSafetyPolicy.ts": {"path":"D:\\web\\clawtest\\src\\server\\knowledge\\answerSafetyPolicy.ts","statementMap":{"0":{"start":{"line":21,"column":2},"end":{"line":21,"column":null}},"1":{"start":{"line":21,"column":64},"end":{"line":21,"column":null}},"2":{"start":{"line":24,"column":2},"end":{"line":24,"column":null}},"3":{"start":{"line":24,"column":67},"end":{"line":24,"column":null}},"4":{"start":{"line":27,"column":2},"end":{"line":27,"column":null}},"5":{"start":{"line":27,"column":67},"end":{"line":27,"column":null}},"6":{"start":{"line":30,"column":2},"end":{"line":30,"column":null}},"7":{"start":{"line":30,"column":34},"end":{"line":30,"column":null}},"8":{"start":{"line":33,"column":2},"end":{"line":33,"column":null}},"9":{"start":{"line":41,"column":2},"end":{"line":62,"column":null}},"10":{"start":{"line":43,"column":6},"end":{"line":43,"column":null}},"11":{"start":{"line":45,"column":6},"end":{"line":46,"column":null}},"12":{"start":{"line":51,"column":6},"end":{"line":52,"column":null}},"13":{"start":{"line":57,"column":6},"end":{"line":58,"column":null}}},"fnMap":{"0":{"name":"assessAnswerSafety","decl":{"start":{"line":19,"column":16},"end":{"line":19,"column":35}},"loc":{"start":{"line":19,"column":84},"end":{"line":34,"column":null}},"line":19},"1":{"name":"buildSafetyInstruction","decl":{"start":{"line":40,"column":16},"end":{"line":40,"column":39}},"loc":{"start":{"line":40,"column":80},"end":{"line":63,"column":null}},"line":40}},"branchMap":{"0":{"loc":{"start":{"line":21,"column":2},"end":{"line":21,"column":null}},"type":"if","locations":[{"start":{"line":21,"column":2},"end":{"line":21,"column":null}},{"start":{},"end":{}}],"line":21},"1":{"loc":{"start":{"line":21,"column":6},"end":{"line":21,"column":64}},"type":"binary-expr","locations":[{"start":{"line":21,"column":6},"end":{"line":21,"column":36}},{"start":{"line":21,"column":36},"end":{"line":21,"column":64}}],"line":21},"2":{"loc":{"start":{"line":24,"column":2},"end":{"line":24,"column":null}},"type":"if","locations":[{"start":{"line":24,"column":2},"end":{"line":24,"column":null}},{"start":{},"end":{}}],"line":24},"3":{"loc":{"start":{"line":24,"column":6},"end":{"line":24,"column":67}},"type":"binary-expr","locations":[{"start":{"line":24,"column":6},"end":{"line":24,"column":36}},{"start":{"line":24,"column":36},"end":{"line":24,"column":67}}],"line":24},"4":{"loc":{"start":{"line":27,"column":2},"end":{"line":27,"column":null}},"type":"if","locations":[{"start":{"line":27,"column":2},"end":{"line":27,"column":null}},{"start":{},"end":{}}],"line":27},"5":{"loc":{"start":{"line":27,"column":6},"end":{"line":27,"column":67}},"type":"binary-expr","locations":[{"start":{"line":27,"column":6},"end":{"line":27,"column":36}},{"start":{"line":27,"column":36},"end":{"line":27,"column":67}}],"line":27},"6":{"loc":{"start":{"line":30,"column":2},"end":{"line":30,"column":null}},"type":"if","locations":[{"start":{"line":30,"column":2},"end":{"line":30,"column":null}},{"start":{},"end":{}}],"line":30},"7":{"loc":{"start":{"line":41,"column":2},"end":{"line":62,"column":null}},"type":"switch","locations":[{"start":{"line":42,"column":4},"end":{"line":43,"column":null}},{"start":{"line":44,"column":4},"end":{"line":46,"column":null}},{"start":{"line":50,"column":4},"end":{"line":52,"column":null}},{"start":{"line":56,"column":4},"end":{"line":58,"column":null}}],"line":41}},"s":{"0":10,"1":1,"2":9,"3":1,"4":8,"5":7,"6":1,"7":0,"8":1,"9":10,"10":2,"11":7,"12":0,"13":1},"f":{"0":10,"1":10},"b":{"0":[1,9],"1":[10,1],"2":[1,8],"3":[9,1],"4":[7,1],"5":[8,7],"6":[0,1],"7":[2,7,0,1]},"meta":{"lastBranch":8,"lastFunction":2,"lastStatement":14,"seen":{"f:19:16:19:35":0,"b:21:2:21:Infinity:undefined:undefined:undefined:undefined":0,"s:21:2:21:Infinity":0,"b:21:6:21:36:21:36:21:64":1,"s:21:64:21:Infinity":1,"b:24:2:24:Infinity:undefined:undefined:undefined:undefined":2,"s:24:2:24:Infinity":2,"b:24:6:24:36:24:36:24:67":3,"s:24:67:24:Infinity":3,"b:27:2:27:Infinity:undefined:undefined:undefined:undefined":4,"s:27:2:27:Infinity":4,"b:27:6:27:36:27:36:27:67":5,"s:27:67:27:Infinity":5,"b:30:2:30:Infinity:undefined:undefined:undefined:undefined":6,"s:30:2:30:Infinity":6,"s:30:34:30:Infinity":7,"s:33:2:33:Infinity":8,"f:40:16:40:39":1,"b:42:4:43:Infinity:44:4:46:Infinity:50:4:52:Infinity:56:4:58:Infinity":7,"s:41:2:62:Infinity":9,"s:43:6:43:Infinity":10,"s:45:6:46:Infinity":11,"s:51:6:52:Infinity":12,"s:57:6:58:Infinity":13}}}
,"D:\\web\\clawtest\\src\\server\\knowledge\\eventAnswerComputer.ts": {"path":"D:\\web\\clawtest\\src\\server\\knowledge\\eventAnswerComputer.ts","statementMap":{"0":{"start":{"line":22,"column":50},"end":{"line":31,"column":null}},"1":{"start":{"line":44,"column":39},"end":{"line":51,"column":null}},"2":{"start":{"line":53,"column":17},"end":{"line":53,"column":null}},"3":{"start":{"line":55,"column":2},"end":{"line":55,"column":null}},"4":{"start":{"line":55,"column":35},"end":{"line":55,"column":null}},"5":{"start":{"line":57,"column":22},"end":{"line":59,"column":null}},"6":{"start":{"line":61,"column":15},"end":{"line":61,"column":null}},"7":{"start":{"line":62,"column":18},"end":{"line":62,"column":null}},"8":{"start":{"line":64,"column":2},"end":{"line":64,"column":null}},"9":{"start":{"line":68,"column":2},"end":{"line":68,"column":null}},"10":{"start":{"line":68,"column":13},"end":{"line":68,"column":null}},"11":{"start":{"line":69,"column":2},"end":{"line":69,"column":null}}},"fnMap":{"0":{"name":"computeEventAnswer","decl":{"start":{"line":39,"column":16},"end":{"line":39,"column":null}},"loc":{"start":{"line":43,"column":17},"end":{"line":65,"column":null}},"line":43},"1":{"name":"capitalize","decl":{"start":{"line":67,"column":9},"end":{"line":67,"column":20}},"loc":{"start":{"line":67,"column":42},"end":{"line":70,"column":null}},"line":67}},"branchMap":{"0":{"loc":{"start":{"line":55,"column":2},"end":{"line":55,"column":null}},"type":"if","locations":[{"start":{"line":55,"column":2},"end":{"line":55,"column":null}},{"start":{},"end":{}}],"line":55},"1":{"loc":{"start":{"line":57,"column":22},"end":{"line":59,"column":null}},"type":"cond-expr","locations":[{"start":{"line":58,"column":6},"end":{"line":58,"column":null}},{"start":{"line":59,"column":6},"end":{"line":59,"column":null}}],"line":57},"2":{"loc":{"start":{"line":61,"column":15},"end":{"line":61,"column":null}},"type":"binary-expr","locations":[{"start":{"line":61,"column":15},"end":{"line":61,"column":65}},{"start":{"line":61,"column":65},"end":{"line":61,"column":null}}],"line":61},"3":{"loc":{"start":{"line":61,"column":33},"end":{"line":61,"column":60}},"type":"binary-expr","locations":[{"start":{"line":61,"column":33},"end":{"line":61,"column":58}},{"start":{"line":61,"column":58},"end":{"line":61,"column":60}}],"line":61},"4":{"loc":{"start":{"line":62,"column":18},"end":{"line":62,"column":null}},"type":"cond-expr","locations":[{"start":{"line":62,"column":48},"end":{"line":62,"column":56}},{"start":{"line":62,"column":56},"end":{"line":62,"column":null}}],"line":62},"5":{"loc":{"start":{"line":68,"column":2},"end":{"line":68,"column":null}},"type":"if","locations":[{"start":{"line":68,"column":2},"end":{"line":68,"column":null}},{"start":{},"end":{}}],"line":68}},"s":{"0":2,"1":1,"2":1,"3":1,"4":0,"5":1,"6":1,"7":1,"8":1,"9":1,"10":0,"11":1},"f":{"0":1,"1":1},"b":{"0":[0,1],"1":[1,0],"2":[1,0],"3":[1,0],"4":[0,1],"5":[0,1]},"meta":{"lastBranch":6,"lastFunction":2,"lastStatement":12,"seen":{"s:22:50:31:Infinity":0,"f:39:16:39:Infinity":0,"s:44:39:51:Infinity":1,"s:53:17:53:Infinity":2,"b:55:2:55:Infinity:undefined:undefined:undefined:undefined":0,"s:55:2:55:Infinity":3,"s:55:35:55:Infinity":4,"s:57:22:59:Infinity":5,"b:58:6:58:Infinity:59:6:59:Infinity":1,"s:61:15:61:Infinity":6,"b:61:15:61:65:61:65:61:Infinity":2,"b:61:33:61:58:61:58:61:60":3,"s:62:18:62:Infinity":7,"b:62:48:62:56:62:56:62:Infinity":4,"s:64:2:64:Infinity":8,"f:67:9:67:20":1,"b:68:2:68:Infinity:undefined:undefined:undefined:undefined":5,"s:68:2:68:Infinity":9,"s:68:13:68:Infinity":10,"s:69:2:69:Infinity":11}}}
,"D:\\web\\clawtest\\src\\server\\knowledge\\personaStrategies.ts": {"path":"D:\\web\\clawtest\\src\\server\\knowledge\\personaStrategies.ts","statementMap":{"0":{"start":{"line":27,"column":78},"end":{"line":98,"column":null}},"1":{"start":{"line":113,"column":19},"end":{"line":113,"column":null}},"2":{"start":{"line":114,"column":17},"end":{"line":114,"column":null}},"3":{"start":{"line":117,"column":2},"end":{"line":119,"column":null}},"4":{"start":{"line":118,"column":4},"end":{"line":118,"column":null}},"5":{"start":{"line":122,"column":2},"end":{"line":124,"column":null}},"6":{"start":{"line":123,"column":4},"end":{"line":123,"column":null}},"7":{"start":{"line":127,"column":2},"end":{"line":129,"column":null}},"8":{"start":{"line":128,"column":4},"end":{"line":128,"column":null}},"9":{"start":{"line":131,"column":2},"end":{"line":131,"column":null}}},"fnMap":{"0":{"name":"adjustScoreByStrategy","decl":{"start":{"line":108,"column":16},"end":{"line":108,"column":null}},"loc":{"start":{"line":112,"column":10},"end":{"line":132,"column":null}},"line":112}},"branchMap":{"0":{"loc":{"start":{"line":113,"column":19},"end":{"line":113,"column":null}},"type":"binary-expr","locations":[{"start":{"line":113,"column":19},"end":{"line":113,"column":54}},{"start":{"line":113,"column":54},"end":{"line":113,"column":null}}],"line":113},"1":{"loc":{"start":{"line":117,"column":2},"end":{"line":119,"column":null}},"type":"if","locations":[{"start":{"line":117,"column":2},"end":{"line":119,"column":null}},{"start":{},"end":{}}],"line":117},"2":{"loc":{"start":{"line":122,"column":2},"end":{"line":124,"column":null}},"type":"if","locations":[{"start":{"line":122,"column":2},"end":{"line":124,"column":null}},{"start":{},"end":{}}],"line":122},"3":{"loc":{"start":{"line":122,"column":6},"end":{"line":122,"column":64}},"type":"binary-expr","locations":[{"start":{"line":122,"column":6},"end":{"line":122,"column":34}},{"start":{"line":122,"column":34},"end":{"line":122,"column":64}}],"line":122},"4":{"loc":{"start":{"line":127,"column":2},"end":{"line":129,"column":null}},"type":"if","locations":[{"start":{"line":127,"column":2},"end":{"line":129,"column":null}},{"start":{},"end":{}}],"line":127},"5":{"loc":{"start":{"line":127,"column":6},"end":{"line":127,"column":82}},"type":"binary-expr","locations":[{"start":{"line":127,"column":6},"end":{"line":127,"column":47}},{"start":{"line":127,"column":47},"end":{"line":127,"column":82}}],"line":127}},"s":{"0":3,"1":2,"2":2,"3":2,"4":0,"5":2,"6":0,"7":2,"8":0,"9":2},"f":{"0":2},"b":{"0":[2,0],"1":[0,2],"2":[0,2],"3":[2,2],"4":[0,2],"5":[2,2]},"meta":{"lastBranch":6,"lastFunction":1,"lastStatement":10,"seen":{"s:27:78:98:Infinity":0,"f:108:16:108:Infinity":0,"s:113:19:113:Infinity":1,"b:113:19:113:54:113:54:113:Infinity":0,"s:114:17:114:Infinity":2,"b:117:2:119:Infinity:undefined:undefined:undefined:undefined":1,"s:117:2:119:Infinity":3,"s:118:4:118:Infinity":4,"b:122:2:124:Infinity:undefined:undefined:undefined:undefined":2,"s:122:2:124:Infinity":5,"b:122:6:122:34:122:34:122:64":3,"s:123:4:123:Infinity":6,"b:127:2:129:Infinity:undefined:undefined:undefined:undefined":4,"s:127:2:129:Infinity":7,"b:127:6:127:47:127:47:127:82":5,"s:128:4:128:Infinity":8,"s:131:2:131:Infinity":9}}}
,"D:\\web\\clawtest\\src\\server\\knowledge\\queryPlanner.ts": {"path":"D:\\web\\clawtest\\src\\server\\knowledge\\queryPlanner.ts","statementMap":{"0":{"start":{"line":39,"column":2},"end":{"line":39,"column":null}},"1":{"start":{"line":43,"column":2},"end":{"line":43,"column":null}},"2":{"start":{"line":47,"column":2},"end":{"line":49,"column":null}},"3":{"start":{"line":53,"column":17},"end":{"line":53,"column":null}},"4":{"start":{"line":54,"column":2},"end":{"line":54,"column":null}},"5":{"start":{"line":55,"column":2},"end":{"line":55,"column":null}},"6":{"start":{"line":59,"column":17},"end":{"line":59,"column":null}},"7":{"start":{"line":60,"column":2},"end":{"line":60,"column":null}},"8":{"start":{"line":61,"column":2},"end":{"line":61,"column":null}},"9":{"start":{"line":65,"column":22},"end":{"line":65,"column":null}},"10":{"start":{"line":66,"column":2},"end":{"line":73,"column":null}},"11":{"start":{"line":67,"column":19},"end":{"line":67,"column":null}},"12":{"start":{"line":68,"column":17},"end":{"line":68,"column":null}},"13":{"start":{"line":69,"column":4},"end":{"line":72,"column":null}},"14":{"start":{"line":75,"column":2},"end":{"line":81,"column":null}},"15":{"start":{"line":76,"column":16},"end":{"line":76,"column":null}},"16":{"start":{"line":77,"column":4},"end":{"line":80,"column":null}},"17":{"start":{"line":83,"column":2},"end":{"line":89,"column":null}},"18":{"start":{"line":84,"column":16},"end":{"line":84,"column":null}},"19":{"start":{"line":85,"column":4},"end":{"line":88,"column":null}},"20":{"start":{"line":91,"column":2},"end":{"line":99,"column":null}},"21":{"start":{"line":92,"column":14},"end":{"line":92,"column":null}},"22":{"start":{"line":93,"column":14},"end":{"line":93,"column":null}},"23":{"start":{"line":94,"column":14},"end":{"line":94,"column":null}},"24":{"start":{"line":95,"column":4},"end":{"line":98,"column":null}},"25":{"start":{"line":101,"column":2},"end":{"line":101,"column":null}},"26":{"start":{"line":105,"column":16},"end":{"line":105,"column":null}},"27":{"start":{"line":106,"column":2},"end":{"line":106,"column":null}},"28":{"start":{"line":106,"column":19},"end":{"line":106,"column":null}},"29":{"start":{"line":107,"column":2},"end":{"line":107,"column":null}},"30":{"start":{"line":111,"column":18},"end":{"line":111,"column":null}},"31":{"start":{"line":112,"column":2},"end":{"line":112,"column":null}},"32":{"start":{"line":112,"column":40},"end":{"line":112,"column":null}},"33":{"start":{"line":115,"column":28},"end":{"line":126,"column":null}},"34":{"start":{"line":127,"column":2},"end":{"line":135,"column":null}},"35":{"start":{"line":128,"column":19},"end":{"line":128,"column":null}},"36":{"start":{"line":129,"column":15},"end":{"line":129,"column":null}},"37":{"start":{"line":130,"column":4},"end":{"line":130,"column":null}},"38":{"start":{"line":130,"column":16},"end":{"line":130,"column":null}},"39":{"start":{"line":131,"column":20},"end":{"line":131,"column":null}},"40":{"start":{"line":132,"column":4},"end":{"line":132,"column":null}},"41":{"start":{"line":133,"column":23},"end":{"line":133,"column":null}},"42":{"start":{"line":134,"column":4},"end":{"line":134,"column":null}},"43":{"start":{"line":134,"column":25},"end":{"line":134,"column":null}},"44":{"start":{"line":137,"column":21},"end":{"line":137,"column":null}},"45":{"start":{"line":138,"column":27},"end":{"line":141,"column":null}},"46":{"start":{"line":142,"column":22},"end":{"line":142,"column":null}},"47":{"start":{"line":143,"column":20},"end":{"line":143,"column":null}},"48":{"start":{"line":144,"column":32},"end":{"line":144,"column":null}},"49":{"start":{"line":146,"column":2},"end":{"line":153,"column":null}},"50":{"start":{"line":147,"column":4},"end":{"line":147,"column":null}},"51":{"start":{"line":147,"column":59},"end":{"line":147,"column":null}},"52":{"start":{"line":151,"column":30},"end":{"line":151,"column":null}},"53":{"start":{"line":152,"column":4},"end":{"line":152,"column":null}},"54":{"start":{"line":152,"column":42},"end":{"line":152,"column":null}},"55":{"start":{"line":155,"column":2},"end":{"line":155,"column":null}},"56":{"start":{"line":159,"column":18},"end":{"line":159,"column":null}},"57":{"start":{"line":160,"column":2},"end":{"line":162,"column":null}},"58":{"start":{"line":161,"column":4},"end":{"line":161,"column":null}},"59":{"start":{"line":163,"column":2},"end":{"line":165,"column":null}},"60":{"start":{"line":164,"column":4},"end":{"line":164,"column":null}},"61":{"start":{"line":166,"column":2},"end":{"line":168,"column":null}},"62":{"start":{"line":167,"column":4},"end":{"line":167,"column":null}},"63":{"start":{"line":169,"column":2},"end":{"line":169,"column":null}},"64":{"start":{"line":173,"column":18},"end":{"line":173,"column":null}},"65":{"start":{"line":174,"column":2},"end":{"line":174,"column":null}},"66":{"start":{"line":174,"column":39},"end":{"line":174,"column":null}},"67":{"start":{"line":175,"column":2},"end":{"line":177,"column":null}},"68":{"start":{"line":176,"column":4},"end":{"line":176,"column":null}},"69":{"start":{"line":178,"column":2},"end":{"line":180,"column":null}},"70":{"start":{"line":179,"column":4},"end":{"line":179,"column":null}},"71":{"start":{"line":181,"column":2},"end":{"line":181,"column":null}},"72":{"start":{"line":184,"column":75},"end":{"line":193,"column":null}},"73":{"start":{"line":199,"column":18},"end":{"line":199,"column":null}},"74":{"start":{"line":202,"column":2},"end":{"line":207,"column":null}},"75":{"start":{"line":203,"column":4},"end":{"line":206,"column":null}},"76":{"start":{"line":204,"column":6},"end":{"line":204,"column":null}},"77":{"start":{"line":205,"column":6},"end":{"line":205,"column":null}},"78":{"start":{"line":209,"column":2},"end":{"line":209,"column":null}},"79":{"start":{"line":209,"column":34},"end":{"line":209,"column":null}},"80":{"start":{"line":211,"column":2},"end":{"line":214,"column":null}},"81":{"start":{"line":218,"column":21},"end":{"line":218,"column":null}},"82":{"start":{"line":219,"column":17},"end":{"line":219,"column":null}},"83":{"start":{"line":220,"column":22},"end":{"line":220,"column":null}},"84":{"start":{"line":222,"column":4},"end":{"line":222,"column":null}},"85":{"start":{"line":224,"column":2},"end":{"line":231,"column":null}}},"fnMap":{"0":{"name":"toIsoUtc","decl":{"start":{"line":31,"column":9},"end":{"line":31,"column":null}},"loc":{"start":{"line":38,"column":10},"end":{"line":40,"column":null}},"line":38},"1":{"name":"startOfUtcDay","decl":{"start":{"line":42,"column":9},"end":{"line":42,"column":23}},"loc":{"start":{"line":42,"column":43},"end":{"line":44,"column":null}},"line":42},"2":{"name":"endOfUtcDay","decl":{"start":{"line":46,"column":9},"end":{"line":46,"column":21}},"loc":{"start":{"line":46,"column":41},"end":{"line":50,"column":null}},"line":46},"3":{"name":"subtractMonthsUtc","decl":{"start":{"line":52,"column":9},"end":{"line":52,"column":27}},"loc":{"start":{"line":52,"column":61},"end":{"line":56,"column":null}},"line":52},"4":{"name":"shiftDaysUtc","decl":{"start":{"line":58,"column":9},"end":{"line":58,"column":22}},"loc":{"start":{"line":58,"column":54},"end":{"line":62,"column":null}},"line":58},"5":{"name":"parseTimeRange","decl":{"start":{"line":64,"column":9},"end":{"line":64,"column":24}},"loc":{"start":{"line":64,"column":77},"end":{"line":102,"column":null}},"line":64},"6":{"name":"parseCounterpart","decl":{"start":{"line":104,"column":9},"end":{"line":104,"column":26}},"loc":{"start":{"line":104,"column":56},"end":{"line":108,"column":null}},"line":104},"7":{"name":"parseTopic","decl":{"start":{"line":110,"column":9},"end":{"line":110,"column":20}},"loc":{"start":{"line":110,"column":50},"end":{"line":156,"column":null}},"line":110},"8":{"name":"resolveIntent","decl":{"start":{"line":158,"column":9},"end":{"line":158,"column":23}},"loc":{"start":{"line":158,"column":60},"end":{"line":170,"column":null}},"line":158},"9":{"name":"resolveDetailDepth","decl":{"start":{"line":172,"column":9},"end":{"line":172,"column":28}},"loc":{"start":{"line":172,"column":95},"end":{"line":182,"column":null}},"line":172},"10":{"name":"resolveEventFilter","decl":{"start":{"line":195,"column":9},"end":{"line":195,"column":null}},"loc":{"start":{"line":198,"column":41},"end":{"line":215,"column":null}},"line":198},"11":{"name":"planKnowledgeQuery","decl":{"start":{"line":217,"column":16},"end":{"line":217,"column":35}},"loc":{"start":{"line":217,"column":88},"end":{"line":232,"column":null}},"line":217}},"branchMap":{"0":{"loc":{"start":{"line":36,"column":2},"end":{"line":36,"column":null}},"type":"default-arg","locations":[{"start":{"line":36,"column":12},"end":{"line":36,"column":null}}],"line":36},"1":{"loc":{"start":{"line":37,"column":2},"end":{"line":37,"column":null}},"type":"default-arg","locations":[{"start":{"line":37,"column":12},"end":{"line":37,"column":null}}],"line":37},"2":{"loc":{"start":{"line":66,"column":2},"end":{"line":73,"column":null}},"type":"if","locations":[{"start":{"line":66,"column":2},"end":{"line":73,"column":null}},{"start":{},"end":{}}],"line":66},"3":{"loc":{"start":{"line":75,"column":2},"end":{"line":81,"column":null}},"type":"if","locations":[{"start":{"line":75,"column":2},"end":{"line":81,"column":null}},{"start":{},"end":{}}],"line":75},"4":{"loc":{"start":{"line":83,"column":2},"end":{"line":89,"column":null}},"type":"if","locations":[{"start":{"line":83,"column":2},"end":{"line":89,"column":null}},{"start":{},"end":{}}],"line":83},"5":{"loc":{"start":{"line":91,"column":2},"end":{"line":99,"column":null}},"type":"if","locations":[{"start":{"line":91,"column":2},"end":{"line":99,"column":null}},{"start":{},"end":{}}],"line":91},"6":{"loc":{"start":{"line":91,"column":6},"end":{"line":91,"column":61}},"type":"binary-expr","locations":[{"start":{"line":91,"column":6},"end":{"line":91,"column":34}},{"start":{"line":91,"column":34},"end":{"line":91,"column":61}}],"line":91},"7":{"loc":{"start":{"line":106,"column":2},"end":{"line":106,"column":null}},"type":"if","locations":[{"start":{"line":106,"column":2},"end":{"line":106,"column":null}},{"start":{},"end":{}}],"line":106},"8":{"loc":{"start":{"line":112,"column":2},"end":{"line":112,"column":null}},"type":"if","locations":[{"start":{"line":112,"column":2},"end":{"line":112,"column":null}},{"start":{},"end":{}}],"line":112},"9":{"loc":{"start":{"line":130,"column":4},"end":{"line":130,"column":null}},"type":"if","locations":[{"start":{"line":130,"column":4},"end":{"line":130,"column":null}},{"start":{},"end":{}}],"line":130},"10":{"loc":{"start":{"line":134,"column":4},"end":{"line":134,"column":null}},"type":"if","locations":[{"start":{"line":134,"column":4},"end":{"line":134,"column":null}},{"start":{},"end":{}}],"line":134},"11":{"loc":{"start":{"line":143,"column":20},"end":{"line":143,"column":null}},"type":"binary-expr","locations":[{"start":{"line":143,"column":20},"end":{"line":143,"column":69}},{"start":{"line":143,"column":69},"end":{"line":143,"column":null}}],"line":143},"12":{"loc":{"start":{"line":147,"column":4},"end":{"line":147,"column":null}},"type":"if","locations":[{"start":{"line":147,"column":4},"end":{"line":147,"column":null}},{"start":{},"end":{}}],"line":147},"13":{"loc":{"start":{"line":151,"column":30},"end":{"line":151,"column":null}},"type":"binary-expr","locations":[{"start":{"line":151,"column":30},"end":{"line":151,"column":62}},{"start":{"line":151,"column":62},"end":{"line":151,"column":null}}],"line":151},"14":{"loc":{"start":{"line":152,"column":4},"end":{"line":152,"column":null}},"type":"if","locations":[{"start":{"line":152,"column":4},"end":{"line":152,"column":null}},{"start":{},"end":{}}],"line":152},"15":{"loc":{"start":{"line":152,"column":8},"end":{"line":152,"column":42}},"type":"binary-expr","locations":[{"start":{"line":152,"column":8},"end":{"line":152,"column":23}},{"start":{"line":152,"column":23},"end":{"line":152,"column":42}}],"line":152},"16":{"loc":{"start":{"line":160,"column":2},"end":{"line":162,"column":null}},"type":"if","locations":[{"start":{"line":160,"column":2},"end":{"line":162,"column":null}},{"start":{},"end":{}}],"line":160},"17":{"loc":{"start":{"line":163,"column":2},"end":{"line":165,"column":null}},"type":"if","locations":[{"start":{"line":163,"column":2},"end":{"line":165,"column":null}},{"start":{},"end":{}}],"line":163},"18":{"loc":{"start":{"line":166,"column":2},"end":{"line":168,"column":null}},"type":"if","locations":[{"start":{"line":166,"column":2},"end":{"line":168,"column":null}},{"start":{},"end":{}}],"line":166},"19":{"loc":{"start":{"line":174,"column":2},"end":{"line":174,"column":null}},"type":"if","locations":[{"start":{"line":174,"column":2},"end":{"line":174,"column":null}},{"start":{},"end":{}}],"line":174},"20":{"loc":{"start":{"line":175,"column":2},"end":{"line":177,"column":null}},"type":"if","locations":[{"start":{"line":175,"column":2},"end":{"line":177,"column":null}},{"start":{},"end":{}}],"line":175},"21":{"loc":{"start":{"line":178,"column":2},"end":{"line":180,"column":null}},"type":"if","locations":[{"start":{"line":178,"column":2},"end":{"line":180,"column":null}},{"start":{},"end":{}}],"line":178},"22":{"loc":{"start":{"line":203,"column":4},"end":{"line":206,"column":null}},"type":"if","locations":[{"start":{"line":203,"column":4},"end":{"line":206,"column":null}},{"start":{},"end":{}}],"line":203},"23":{"loc":{"start":{"line":209,"column":2},"end":{"line":209,"column":null}},"type":"if","locations":[{"start":{"line":209,"column":2},"end":{"line":209,"column":null}},{"start":{},"end":{}}],"line":209},"24":{"loc":{"start":{"line":209,"column":6},"end":{"line":209,"column":34}},"type":"binary-expr","locations":[{"start":{"line":209,"column":6},"end":{"line":209,"column":20}},{"start":{"line":209,"column":20},"end":{"line":209,"column":34}}],"line":209},"25":{"loc":{"start":{"line":213,"column":23},"end":{"line":213,"column":null}},"type":"binary-expr","locations":[{"start":{"line":213,"column":23},"end":{"line":213,"column":38}},{"start":{"line":213,"column":38},"end":{"line":213,"column":null}}],"line":213},"26":{"loc":{"start":{"line":217,"column":50},"end":{"line":217,"column":88}},"type":"default-arg","locations":[{"start":{"line":217,"column":56},"end":{"line":217,"column":88}}],"line":217},"27":{"loc":{"start":{"line":218,"column":28},"end":{"line":218,"column":39}},"type":"binary-expr","locations":[{"start":{"line":218,"column":28},"end":{"line":218,"column":37}},{"start":{"line":218,"column":37},"end":{"line":218,"column":39}}],"line":218},"28":{"loc":{"start":{"line":222,"column":4},"end":{"line":222,"column":null}},"type":"cond-expr","locations":[{"start":{"line":222,"column":32},"end":{"line":222,"column":78}},{"start":{"line":222,"column":78},"end":{"line":222,"column":null}}],"line":222}},"s":{"0":5,"1":1,"2":1,"3":2,"4":2,"5":2,"6":1,"7":1,"8":1,"9":17,"10":17,"11":2,"12":2,"13":2,"14":15,"15":0,"16":0,"17":15,"18":1,"19":1,"20":14,"21":2,"22":2,"23":2,"24":2,"25":12,"26":17,"27":17,"28":13,"29":4,"30":17,"31":17,"32":2,"33":15,"34":15,"35":147,"36":147,"37":147,"38":146,"39":1,"40":1,"41":1,"42":1,"43":1,"44":14,"45":14,"46":14,"47":14,"48":17,"49":17,"50":69,"51":63,"52":6,"53":69,"54":3,"55":11,"56":17,"57":17,"58":2,"59":15,"60":2,"61":13,"62":1,"63":12,"64":17,"65":17,"66":2,"67":15,"68":0,"69":15,"70":11,"71":4,"72":3,"73":2,"74":2,"75":2,"76":2,"77":2,"78":2,"79":0,"80":2,"81":17,"82":17,"83":17,"84":17,"85":17},"f":{"0":5,"1":1,"2":1,"3":2,"4":1,"5":17,"6":17,"7":17,"8":17,"9":17,"10":2,"11":17},"b":{"0":[5],"1":[5],"2":[2,15],"3":[0,15],"4":[1,14],"5":[2,12],"6":[14,2],"7":[13,4],"8":[2,15],"9":[146,1],"10":[1,0],"11":[14,0],"12":[63,6],"13":[6,3],"14":[3,66],"15":[69,6],"16":[2,15],"17":[2,13],"18":[1,12],"19":[2,15],"20":[0,15],"21":[11,4],"22":[2,0],"23":[0,2],"24":[2,0],"25":[2,0],"26":[17],"27":[17,0],"28":[2,15]},"meta":{"lastBranch":29,"lastFunction":12,"lastStatement":86,"seen":{"f:31:9:31:Infinity":0,"b:36:12:36:Infinity":0,"b:37:12:37:Infinity":1,"s:39:2:39:Infinity":0,"f:42:9:42:23":1,"s:43:2:43:Infinity":1,"f:46:9:46:21":2,"s:47:2:49:Infinity":2,"f:52:9:52:27":3,"s:53:17:53:Infinity":3,"s:54:2:54:Infinity":4,"s:55:2:55:Infinity":5,"f:58:9:58:22":4,"s:59:17:59:Infinity":6,"s:60:2:60:Infinity":7,"s:61:2:61:Infinity":8,"f:64:9:64:24":5,"s:65:22:65:Infinity":9,"b:66:2:73:Infinity:undefined:undefined:undefined:undefined":2,"s:66:2:73:Infinity":10,"s:67:19:67:Infinity":11,"s:68:17:68:Infinity":12,"s:69:4:72:Infinity":13,"b:75:2:81:Infinity:undefined:undefined:undefined:undefined":3,"s:75:2:81:Infinity":14,"s:76:16:76:Infinity":15,"s:77:4:80:Infinity":16,"b:83:2:89:Infinity:undefined:undefined:undefined:undefined":4,"s:83:2:89:Infinity":17,"s:84:16:84:Infinity":18,"s:85:4:88:Infinity":19,"b:91:2:99:Infinity:undefined:undefined:undefined:undefined":5,"s:91:2:99:Infinity":20,"b:91:6:91:34:91:34:91:61":6,"s:92:14:92:Infinity":21,"s:93:14:93:Infinity":22,"s:94:14:94:Infinity":23,"s:95:4:98:Infinity":24,"s:101:2:101:Infinity":25,"f:104:9:104:26":6,"s:105:16:105:Infinity":26,"b:106:2:106:Infinity:undefined:undefined:undefined:undefined":7,"s:106:2:106:Infinity":27,"s:106:19:106:Infinity":28,"s:107:2:107:Infinity":29,"f:110:9:110:20":7,"s:111:18:111:Infinity":30,"b:112:2:112:Infinity:undefined:undefined:undefined:undefined":8,"s:112:2:112:Infinity":31,"s:112:40:112:Infinity":32,"s:115:28:126:Infinity":33,"s:127:2:135:Infinity":34,"s:128:19:128:Infinity":35,"s:129:15:129:Infinity":36,"b:130:4:130:Infinity:undefined:undefined:undefined:undefined":9,"s:130:4:130:Infinity":37,"s:130:16:130:Infinity":38,"s:131:20:131:Infinity":39,"s:132:4:132:Infinity":40,"s:133:23:133:Infinity":41,"b:134:4:134:Infinity:undefined:undefined:undefined:undefined":10,"s:134:4:134:Infinity":42,"s:134:25:134:Infinity":43,"s:137:21:137:Infinity":44,"s:138:27:141:Infinity":45,"s:142:22:142:Infinity":46,"s:143:20:143:Infinity":47,"b:143:20:143:69:143:69:143:Infinity":11,"s:144:32:144:Infinity":48,"s:146:2:153:Infinity":49,"b:147:4:147:Infinity:undefined:undefined:undefined:undefined":12,"s:147:4:147:Infinity":50,"s:147:59:147:Infinity":51,"s:151:30:151:Infinity":52,"b:151:30:151:62:151:62:151:Infinity":13,"b:152:4:152:Infinity:undefined:undefined:undefined:undefined":14,"s:152:4:152:Infinity":53,"b:152:8:152:23:152:23:152:42":15,"s:152:42:152:Infinity":54,"s:155:2:155:Infinity":55,"f:158:9:158:23":8,"s:159:18:159:Infinity":56,"b:160:2:162:Infinity:undefined:undefined:undefined:undefined":16,"s:160:2:162:Infinity":57,"s:161:4:161:Infinity":58,"b:163:2:165:Infinity:undefined:undefined:undefined:undefined":17,"s:163:2:165:Infinity":59,"s:164:4:164:Infinity":60,"b:166:2:168:Infinity:undefined:undefined:undefined:undefined":18,"s:166:2:168:Infinity":61,"s:167:4:167:Infinity":62,"s:169:2:169:Infinity":63,"f:172:9:172:28":9,"s:173:18:173:Infinity":64,"b:174:2:174:Infinity:undefined:undefined:undefined:undefined":19,"s:174:2:174:Infinity":65,"s:174:39:174:Infinity":66,"b:175:2:177:Infinity:undefined:undefined:undefined:undefined":20,"s:175:2:177:Infinity":67,"s:176:4:176:Infinity":68,"b:178:2:180:Infinity:undefined:undefined:undefined:undefined":21,"s:178:2:180:Infinity":69,"s:179:4:179:Infinity":70,"s:181:2:181:Infinity":71,"s:184:75:193:Infinity":72,"f:195:9:195:Infinity":10,"s:199:18:199:Infinity":73,"s:202:2:207:Infinity":74,"b:203:4:206:Infinity:undefined:undefined:undefined:undefined":22,"s:203:4:206:Infinity":75,"s:204:6:204:Infinity":76,"s:205:6:205:Infinity":77,"b:209:2:209:Infinity:undefined:undefined:undefined:undefined":23,"s:209:2:209:Infinity":78,"b:209:6:209:20:209:20:209:34":24,"s:209:34:209:Infinity":79,"s:211:2:214:Infinity":80,"b:213:23:213:38:213:38:213:Infinity":25,"f:217:16:217:35":11,"b:217:56:217:88":26,"s:218:21:218:Infinity":81,"b:218:28:218:37:218:37:218:39":27,"s:219:17:219:Infinity":82,"s:220:22:220:Infinity":83,"s:222:4:222:Infinity":84,"b:222:32:222:78:222:78:222:Infinity":28,"s:224:2:231:Infinity":85}}}
,"D:\\web\\clawtest\\src\\server\\knowledge\\recallBudgetCalculator.ts": {"path":"D:\\web\\clawtest\\src\\server\\knowledge\\recallBudgetCalculator.ts","statementMap":{"0":{"start":{"line":35,"column":62},"end":{"line":68,"column":null}},"1":{"start":{"line":74,"column":2},"end":{"line":75,"column":null}},"2":{"start":{"line":75,"column":4},"end":{"line":75,"column":null}},"3":{"start":{"line":77,"column":2},"end":{"line":77,"column":null}},"4":{"start":{"line":77,"column":82},"end":{"line":77,"column":null}},"5":{"start":{"line":79,"column":2},"end":{"line":80,"column":null}},"6":{"start":{"line":80,"column":4},"end":{"line":80,"column":null}},"7":{"start":{"line":82,"column":2},"end":{"line":82,"column":null}},"8":{"start":{"line":89,"column":17},"end":{"line":89,"column":null}},"9":{"start":{"line":92,"column":22},"end":{"line":92,"column":null}},"10":{"start":{"line":93,"column":30},"end":{"line":93,"column":null}},"11":{"start":{"line":95,"column":20},"end":{"line":95,"column":null}},"12":{"start":{"line":96,"column":17},"end":{"line":96,"column":null}},"13":{"start":{"line":97,"column":15},"end":{"line":97,"column":null}},"14":{"start":{"line":98,"column":25},"end":{"line":98,"column":null}},"15":{"start":{"line":99,"column":18},"end":{"line":99,"column":null}},"16":{"start":{"line":101,"column":16},"end":{"line":101,"column":null}},"17":{"start":{"line":103,"column":2},"end":{"line":111,"column":null}}},"fnMap":{"0":{"name":"detectQueryComplexity","decl":{"start":{"line":73,"column":16},"end":{"line":73,"column":38}},"loc":{"start":{"line":73,"column":70},"end":{"line":83,"column":null}},"line":73},"1":{"name":"calculateRecallBudget","decl":{"start":{"line":88,"column":16},"end":{"line":88,"column":38}},"loc":{"start":{"line":88,"column":82},"end":{"line":112,"column":null}},"line":88}},"branchMap":{"0":{"loc":{"start":{"line":74,"column":2},"end":{"line":75,"column":null}},"type":"if","locations":[{"start":{"line":74,"column":2},"end":{"line":75,"column":null}},{"start":{},"end":{}}],"line":74},"1":{"loc":{"start":{"line":77,"column":2},"end":{"line":77,"column":null}},"type":"if","locations":[{"start":{"line":77,"column":2},"end":{"line":77,"column":null}},{"start":{},"end":{}}],"line":77},"2":{"loc":{"start":{"line":79,"column":2},"end":{"line":80,"column":null}},"type":"if","locations":[{"start":{"line":79,"column":2},"end":{"line":80,"column":null}},{"start":{},"end":{}}],"line":79},"3":{"loc":{"start":{"line":89,"column":17},"end":{"line":89,"column":null}},"type":"binary-expr","locations":[{"start":{"line":89,"column":17},"end":{"line":89,"column":60}},{"start":{"line":89,"column":60},"end":{"line":89,"column":null}}],"line":89}},"s":{"0":2,"1":10,"2":1,"3":9,"4":1,"5":8,"6":1,"7":7,"8":10,"9":10,"10":10,"11":10,"12":10,"13":10,"14":10,"15":10,"16":10,"17":10},"f":{"0":10,"1":10},"b":{"0":[1,9],"1":[1,8],"2":[1,7],"3":[10,0]},"meta":{"lastBranch":4,"lastFunction":2,"lastStatement":18,"seen":{"s:35:62:68:Infinity":0,"f:73:16:73:38":0,"b:74:2:75:Infinity:undefined:undefined:undefined:undefined":0,"s:74:2:75:Infinity":1,"s:75:4:75:Infinity":2,"b:77:2:77:Infinity:undefined:undefined:undefined:undefined":1,"s:77:2:77:Infinity":3,"s:77:82:77:Infinity":4,"b:79:2:80:Infinity:undefined:undefined:undefined:undefined":2,"s:79:2:80:Infinity":5,"s:80:4:80:Infinity":6,"s:82:2:82:Infinity":7,"f:88:16:88:38":1,"s:89:17:89:Infinity":8,"b:89:17:89:60:89:60:89:Infinity":3,"s:92:22:92:Infinity":9,"s:93:30:93:Infinity":10,"s:95:20:95:Infinity":11,"s:96:17:96:Infinity":12,"s:97:15:97:Infinity":13,"s:98:25:98:Infinity":14,"s:99:18:99:Infinity":15,"s:101:16:101:Infinity":16,"s:103:2:111:Infinity":17}}}
,"D:\\web\\clawtest\\src\\server\\knowledge\\recallScoring.ts": {"path":"D:\\web\\clawtest\\src\\server\\knowledge\\recallScoring.ts","statementMap":{"0":{"start":{"line":22,"column":2},"end":{"line":22,"column":null}},"1":{"start":{"line":37,"column":2},"end":{"line":37,"column":null}},"2":{"start":{"line":37,"column":27},"end":{"line":37,"column":null}},"3":{"start":{"line":39,"column":26},"end":{"line":39,"column":null}},"4":{"start":{"line":42,"column":2},"end":{"line":50,"column":null}},"5":{"start":{"line":43,"column":4},"end":{"line":43,"column":null}},"6":{"start":{"line":44,"column":2},"end":{"line":50,"column":null}},"7":{"start":{"line":45,"column":4},"end":{"line":45,"column":null}},"8":{"start":{"line":46,"column":2},"end":{"line":50,"column":null}},"9":{"start":{"line":47,"column":4},"end":{"line":47,"column":null}},"10":{"start":{"line":49,"column":4},"end":{"line":49,"column":null}},"11":{"start":{"line":52,"column":22},"end":{"line":52,"column":null}},"12":{"start":{"line":53,"column":2},"end":{"line":57,"column":null}},"13":{"start":{"line":54,"column":4},"end":{"line":54,"column":null}},"14":{"start":{"line":55,"column":2},"end":{"line":57,"column":null}},"15":{"start":{"line":56,"column":4},"end":{"line":56,"column":null}},"16":{"start":{"line":59,"column":2},"end":{"line":59,"column":null}}},"fnMap":{"0":{"name":"isDuplicateContent","decl":{"start":{"line":21,"column":16},"end":{"line":21,"column":35}},"loc":{"start":{"line":21,"column":89},"end":{"line":23,"column":null}},"line":21},"1":{"name":"adjustRecallScore","decl":{"start":{"line":36,"column":16},"end":{"line":36,"column":34}},"loc":{"start":{"line":36,"column":67},"end":{"line":60,"column":null}},"line":36}},"branchMap":{"0":{"loc":{"start":{"line":37,"column":2},"end":{"line":37,"column":null}},"type":"if","locations":[{"start":{"line":37,"column":2},"end":{"line":37,"column":null}},{"start":{},"end":{}}],"line":37},"1":{"loc":{"start":{"line":42,"column":2},"end":{"line":50,"column":null}},"type":"if","locations":[{"start":{"line":42,"column":2},"end":{"line":50,"column":null}},{"start":{"line":44,"column":2},"end":{"line":50,"column":null}}],"line":42},"2":{"loc":{"start":{"line":44,"column":2},"end":{"line":50,"column":null}},"type":"if","locations":[{"start":{"line":44,"column":2},"end":{"line":50,"column":null}},{"start":{"line":46,"column":2},"end":{"line":50,"column":null}}],"line":44},"3":{"loc":{"start":{"line":46,"column":2},"end":{"line":50,"column":null}},"type":"if","locations":[{"start":{"line":46,"column":2},"end":{"line":50,"column":null}},{"start":{"line":48,"column":9},"end":{"line":50,"column":null}}],"line":46},"4":{"loc":{"start":{"line":53,"column":2},"end":{"line":57,"column":null}},"type":"if","locations":[{"start":{"line":53,"column":2},"end":{"line":57,"column":null}},{"start":{"line":55,"column":2},"end":{"line":57,"column":null}}],"line":53},"5":{"loc":{"start":{"line":55,"column":2},"end":{"line":57,"column":null}},"type":"if","locations":[{"start":{"line":55,"column":2},"end":{"line":57,"column":null}},{"start":{},"end":{}}],"line":55}},"s":{"0":0,"1":8,"2":0,"3":8,"4":8,"5":1,"6":7,"7":3,"8":4,"9":2,"10":2,"11":8,"12":8,"13":0,"14":8,"15":0,"16":8},"f":{"0":0,"1":8},"b":{"0":[0,8],"1":[1,7],"2":[3,4],"3":[2,2],"4":[0,8],"5":[0,8]},"meta":{"lastBranch":6,"lastFunction":2,"lastStatement":17,"seen":{"f:21:16:21:35":0,"s:22:2:22:Infinity":0,"f:36:16:36:34":1,"b:37:2:37:Infinity:undefined:undefined:undefined:undefined":0,"s:37:2:37:Infinity":1,"s:37:27:37:Infinity":2,"s:39:26:39:Infinity":3,"b:42:2:50:Infinity:44:2:50:Infinity":1,"s:42:2:50:Infinity":4,"s:43:4:43:Infinity":5,"b:44:2:50:Infinity:46:2:50:Infinity":2,"s:44:2:50:Infinity":6,"s:45:4:45:Infinity":7,"b:46:2:50:Infinity:48:9:50:Infinity":3,"s:46:2:50:Infinity":8,"s:47:4:47:Infinity":9,"s:49:4:49:Infinity":10,"s:52:22:52:Infinity":11,"b:53:2:57:Infinity:55:2:57:Infinity":4,"s:53:2:57:Infinity":12,"s:54:4:54:Infinity":13,"b:55:2:57:Infinity:undefined:undefined:undefined:undefined":5,"s:55:2:57:Infinity":14,"s:56:4:56:Infinity":15,"s:59:2:59:Infinity":16}}}
,"D:\\web\\clawtest\\src\\server\\knowledge\\retrievalService.ts": {"path":"D:\\web\\clawtest\\src\\server\\knowledge\\retrievalService.ts","statementMap":{},"fnMap":{},"branchMap":{},"s":{},"f":{},"b":{},"meta":{"lastBranch":0,"lastFunction":0,"lastStatement":0,"seen":{}}}
,"D:\\web\\clawtest\\src\\server\\knowledge\\tokenBudget.ts": {"path":"D:\\web\\clawtest\\src\\server\\knowledge\\tokenBudget.ts","statementMap":{"0":{"start":{"line":2,"column":16},"end":{"line":2,"column":null}},"1":{"start":{"line":3,"column":2},"end":{"line":3,"column":null}},"2":{"start":{"line":3,"column":18},"end":{"line":3,"column":null}},"3":{"start":{"line":4,"column":2},"end":{"line":4,"column":null}},"4":{"start":{"line":8,"column":21},"end":{"line":8,"column":null}},"5":{"start":{"line":9,"column":2},"end":{"line":9,"column":null}},"6":{"start":{"line":9,"column":19},"end":{"line":9,"column":null}},"7":{"start":{"line":10,"column":2},"end":{"line":10,"column":null}},"8":{"start":{"line":10,"column":22},"end":{"line":10,"column":null}},"9":{"start":{"line":12,"column":16},"end":{"line":12,"column":null}},"10":{"start":{"line":13,"column":27},"end":{"line":13,"column":null}},"11":{"start":{"line":15,"column":2},"end":{"line":19,"column":null}},"12":{"start":{"line":16,"column":17},"end":{"line":16,"column":null}},"13":{"start":{"line":17,"column":4},"end":{"line":17,"column":null}},"14":{"start":{"line":17,"column":46},"end":{"line":17,"column":null}},"15":{"start":{"line":18,"column":4},"end":{"line":18,"column":null}},"16":{"start":{"line":21,"column":16},"end":{"line":21,"column":null}},"17":{"start":{"line":22,"column":2},"end":{"line":24,"column":null}},"18":{"start":{"line":23,"column":4},"end":{"line":23,"column":null}},"19":{"start":{"line":26,"column":2},"end":{"line":26,"column":null}},"20":{"start":{"line":34,"column":24},"end":{"line":34,"column":null}},"21":{"start":{"line":35,"column":17},"end":{"line":35,"column":null}},"22":{"start":{"line":37,"column":20},"end":{"line":37,"column":null}},"23":{"start":{"line":38,"column":2},"end":{"line":40,"column":null}},"24":{"start":{"line":39,"column":4},"end":{"line":39,"column":null}},"25":{"start":{"line":41,"column":2},"end":{"line":41,"column":null}},"26":{"start":{"line":41,"column":24},"end":{"line":41,"column":null}},"27":{"start":{"line":43,"column":2},"end":{"line":47,"column":null}},"28":{"start":{"line":44,"column":26},"end":{"line":44,"column":null}},"29":{"start":{"line":45,"column":19},"end":{"line":45,"column":null}},"30":{"start":{"line":46,"column":4},"end":{"line":46,"column":null}},"31":{"start":{"line":49,"column":2},"end":{"line":49,"column":null}}},"fnMap":{"0":{"name":"estimateTokenCount","decl":{"start":{"line":1,"column":16},"end":{"line":1,"column":35}},"loc":{"start":{"line":1,"column":57},"end":{"line":5,"column":null}},"line":1},"1":{"name":"trimToTokenBudget","decl":{"start":{"line":7,"column":16},"end":{"line":7,"column":34}},"loc":{"start":{"line":7,"column":75},"end":{"line":27,"column":null}},"line":7},"2":{"name":"enforceSectionBudgets","decl":{"start":{"line":29,"column":16},"end":{"line":29,"column":null}},"loc":{"start":{"line":33,"column":5},"end":{"line":50,"column":null}},"line":33}},"branchMap":{"0":{"loc":{"start":{"line":2,"column":41},"end":{"line":2,"column":51}},"type":"binary-expr","locations":[{"start":{"line":2,"column":41},"end":{"line":2,"column":49}},{"start":{"line":2,"column":49},"end":{"line":2,"column":51}}],"line":2},"1":{"loc":{"start":{"line":3,"column":2},"end":{"line":3,"column":null}},"type":"if","locations":[{"start":{"line":3,"column":2},"end":{"line":3,"column":null}},{"start":{},"end":{}}],"line":3},"2":{"loc":{"start":{"line":8,"column":28},"end":{"line":8,"column":38}},"type":"binary-expr","locations":[{"start":{"line":8,"column":28},"end":{"line":8,"column":36}},{"start":{"line":8,"column":36},"end":{"line":8,"column":38}}],"line":8},"3":{"loc":{"start":{"line":9,"column":2},"end":{"line":9,"column":null}},"type":"if","locations":[{"start":{"line":9,"column":2},"end":{"line":9,"column":null}},{"start":{},"end":{}}],"line":9},"4":{"loc":{"start":{"line":10,"column":2},"end":{"line":10,"column":null}},"type":"if","locations":[{"start":{"line":10,"column":2},"end":{"line":10,"column":null}},{"start":{},"end":{}}],"line":10},"5":{"loc":{"start":{"line":16,"column":17},"end":{"line":16,"column":null}},"type":"cond-expr","locations":[{"start":{"line":16,"column":39},"end":{"line":16,"column":46}},{"start":{"line":16,"column":46},"end":{"line":16,"column":null}}],"line":16},"6":{"loc":{"start":{"line":17,"column":4},"end":{"line":17,"column":null}},"type":"if","locations":[{"start":{"line":17,"column":4},"end":{"line":17,"column":null}},{"start":{},"end":{}}],"line":17},"7":{"loc":{"start":{"line":22,"column":9},"end":{"line":22,"column":61}},"type":"binary-expr","locations":[{"start":{"line":22,"column":9},"end":{"line":22,"column":20}},{"start":{"line":22,"column":20},"end":{"line":22,"column":61}}],"line":22},"8":{"loc":{"start":{"line":39,"column":38},"end":{"line":39,"column":55}},"type":"binary-expr","locations":[{"start":{"line":39,"column":38},"end":{"line":39,"column":54}},{"start":{"line":39,"column":54},"end":{"line":39,"column":55}}],"line":39},"9":{"loc":{"start":{"line":41,"column":2},"end":{"line":41,"column":null}},"type":"if","locations":[{"start":{"line":41,"column":2},"end":{"line":41,"column":null}},{"start":{},"end":{}}],"line":41},"10":{"loc":{"start":{"line":44,"column":45},"end":{"line":44,"column":62}},"type":"binary-expr","locations":[{"start":{"line":44,"column":45},"end":{"line":44,"column":61}},{"start":{"line":44,"column":61},"end":{"line":44,"column":62}}],"line":44}},"s":{"0":505,"1":505,"2":0,"3":505,"4":40,"5":40,"6":0,"7":40,"8":0,"9":40,"10":40,"11":40,"12":445,"13":445,"14":2,"15":443,"16":40,"17":40,"18":0,"19":40,"20":10,"21":10,"22":10,"23":10,"24":40,"25":10,"26":0,"27":10,"28":40,"29":40,"30":40,"31":10},"f":{"0":505,"1":40,"2":10},"b":{"0":[505,0],"1":[0,505],"2":[40,0],"3":[0,40],"4":[0,40],"5":[40,405],"6":[2,443],"7":[40,40],"8":[40,0],"9":[0,10],"10":[40,0]},"meta":{"lastBranch":11,"lastFunction":3,"lastStatement":32,"seen":{"f:1:16:1:35":0,"s:2:16:2:Infinity":0,"b:2:41:2:49:2:49:2:51":0,"b:3:2:3:Infinity:undefined:undefined:undefined:undefined":1,"s:3:2:3:Infinity":1,"s:3:18:3:Infinity":2,"s:4:2:4:Infinity":3,"f:7:16:7:34":1,"s:8:21:8:Infinity":4,"b:8:28:8:36:8:36:8:38":2,"b:9:2:9:Infinity:undefined:undefined:undefined:undefined":3,"s:9:2:9:Infinity":5,"s:9:19:9:Infinity":6,"b:10:2:10:Infinity:undefined:undefined:undefined:undefined":4,"s:10:2:10:Infinity":7,"s:10:22:10:Infinity":8,"s:12:16:12:Infinity":9,"s:13:27:13:Infinity":10,"s:15:2:19:Infinity":11,"s:16:17:16:Infinity":12,"b:16:39:16:46:16:46:16:Infinity":5,"b:17:4:17:Infinity:undefined:undefined:undefined:undefined":6,"s:17:4:17:Infinity":13,"s:17:46:17:Infinity":14,"s:18:4:18:Infinity":15,"s:21:16:21:Infinity":16,"s:22:2:24:Infinity":17,"b:22:9:22:20:22:20:22:61":7,"s:23:4:23:Infinity":18,"s:26:2:26:Infinity":19,"f:29:16:29:Infinity":2,"s:34:24:34:Infinity":20,"s:35:17:35:Infinity":21,"s:37:20:37:Infinity":22,"s:38:2:40:Infinity":23,"s:39:4:39:Infinity":24,"b:39:38:39:54:39:54:39:55":8,"b:41:2:41:Infinity:undefined:undefined:undefined:undefined":9,"s:41:2:41:Infinity":25,"s:41:24:41:Infinity":26,"s:43:2:47:Infinity":27,"s:44:26:44:Infinity":28,"b:44:45:44:61:44:61:44:62":10,"s:45:19:45:Infinity":29,"s:46:4:46:Infinity":30,"s:49:2:49:Infinity":31}}}
,"D:\\web\\clawtest\\src\\server\\knowledge\\retrieval\\index.ts": {"path":"D:\\web\\clawtest\\src\\server\\knowledge\\retrieval\\index.ts","statementMap":{},"fnMap":{},"branchMap":{},"s":{},"f":{},"b":{},"meta":{"lastBranch":0,"lastFunction":0,"lastStatement":0,"seen":{}}}
,"D:\\web\\clawtest\\src\\server\\knowledge\\retrieval\\formatters\\answerDraftBuilder.ts": {"path":"D:\\web\\clawtest\\src\\server\\knowledge\\retrieval\\formatters\\answerDraftBuilder.ts","statementMap":{"0":{"start":{"line":31,"column":6},"end":{"line":31,"column":null}},"1":{"start":{"line":33,"column":2},"end":{"line":53,"column":null}},"2":{"start":{"line":34,"column":10},"end":{"line":50,"column":null}},"3":{"start":{"line":38,"column":27},"end":{"line":41,"column":null}},"4":{"start":{"line":43,"column":29},"end":{"line":48,"column":null}},"5":{"start":{"line":52,"column":4},"end":{"line":52,"column":null}},"6":{"start":{"line":52,"column":83},"end":{"line":52,"column":95}},"7":{"start":{"line":55,"column":24},"end":{"line":55,"column":null}},"8":{"start":{"line":56,"column":2},"end":{"line":62,"column":null}},"9":{"start":{"line":70,"column":2},"end":{"line":72,"column":null}},"10":{"start":{"line":71,"column":4},"end":{"line":71,"column":null}},"11":{"start":{"line":73,"column":2},"end":{"line":76,"column":null}},"12":{"start":{"line":74,"column":43},"end":{"line":74,"column":79}},"13":{"start":{"line":75,"column":39},"end":{"line":75,"column":75}},"14":{"start":{"line":88,"column":24},"end":{"line":88,"column":null}},"15":{"start":{"line":89,"column":8},"end":{"line":93,"column":null}},"16":{"start":{"line":90,"column":35},"end":{"line":90,"column":48}},"17":{"start":{"line":91,"column":35},"end":{"line":91,"column":54}},"18":{"start":{"line":95,"column":8},"end":{"line":98,"column":null}},"19":{"start":{"line":96,"column":35},"end":{"line":96,"column":49}},"20":{"start":{"line":97,"column":35},"end":{"line":97,"column":50}},"21":{"start":{"line":100,"column":8},"end":{"line":102,"column":null}},"22":{"start":{"line":104,"column":2},"end":{"line":104,"column":null}}},"fnMap":{"0":{"name":"buildAnswerDraft","decl":{"start":{"line":19,"column":16},"end":{"line":19,"column":33}},"loc":{"start":{"line":19,"column":68},"end":{"line":63,"column":null}},"line":19},"1":{"name":"(anonymous_1)","decl":{"start":{"line":38,"column":26},"end":{"line":38,"column":27}},"loc":{"start":{"line":38,"column":27},"end":{"line":41,"column":null}},"line":38},"2":{"name":"(anonymous_2)","decl":{"start":{"line":43,"column":28},"end":{"line":43,"column":29}},"loc":{"start":{"line":43,"column":29},"end":{"line":48,"column":null}},"line":43},"3":{"name":"(anonymous_3)","decl":{"start":{"line":52,"column":72},"end":{"line":52,"column":73}},"loc":{"start":{"line":52,"column":83},"end":{"line":52,"column":95}},"line":52},"4":{"name":"filterListsForRulesIntent","decl":{"start":{"line":65,"column":16},"end":{"line":65,"column":null}},"loc":{"start":{"line":69,"column":52},"end":{"line":77,"column":null}},"line":69},"5":{"name":"(anonymous_5)","decl":{"start":{"line":74,"column":42},"end":{"line":74,"column":43}},"loc":{"start":{"line":74,"column":43},"end":{"line":74,"column":79}},"line":74},"6":{"name":"(anonymous_6)","decl":{"start":{"line":75,"column":38},"end":{"line":75,"column":39}},"loc":{"start":{"line":75,"column":39},"end":{"line":75,"column":75}},"line":75},"7":{"name":"extractCounterpartAndLists","decl":{"start":{"line":79,"column":16},"end":{"line":79,"column":null}},"loc":{"start":{"line":87,"column":2},"end":{"line":105,"column":null}},"line":87},"8":{"name":"(anonymous_8)","decl":{"start":{"line":90,"column":26},"end":{"line":90,"column":27}},"loc":{"start":{"line":90,"column":35},"end":{"line":90,"column":48}},"line":90},"9":{"name":"(anonymous_9)","decl":{"start":{"line":91,"column":26},"end":{"line":91,"column":27}},"loc":{"start":{"line":91,"column":35},"end":{"line":91,"column":54}},"line":91},"10":{"name":"(anonymous_10)","decl":{"start":{"line":96,"column":26},"end":{"line":96,"column":27}},"loc":{"start":{"line":96,"column":35},"end":{"line":96,"column":49}},"line":96},"11":{"name":"(anonymous_11)","decl":{"start":{"line":97,"column":26},"end":{"line":97,"column":27}},"loc":{"start":{"line":97,"column":35},"end":{"line":97,"column":50}},"line":97}},"branchMap":{"0":{"loc":{"start":{"line":33,"column":2},"end":{"line":53,"column":null}},"type":"if","locations":[{"start":{"line":33,"column":2},"end":{"line":53,"column":null}},{"start":{},"end":{}}],"line":33},"1":{"loc":{"start":{"line":37,"column":10},"end":{"line":37,"column":null}},"type":"binary-expr","locations":[{"start":{"line":37,"column":10},"end":{"line":37,"column":36}},{"start":{"line":37,"column":36},"end":{"line":37,"column":null}}],"line":37},"2":{"loc":{"start":{"line":40,"column":13},"end":{"line":40,"column":33}},"type":"binary-expr","locations":[{"start":{"line":40,"column":13},"end":{"line":40,"column":31}},{"start":{"line":40,"column":31},"end":{"line":40,"column":33}}],"line":40},"3":{"loc":{"start":{"line":40,"column":38},"end":{"line":40,"column":59}},"type":"binary-expr","locations":[{"start":{"line":40,"column":38},"end":{"line":40,"column":57}},{"start":{"line":40,"column":57},"end":{"line":40,"column":59}}],"line":40},"4":{"loc":{"start":{"line":40,"column":65},"end":{"line":40,"column":86}},"type":"binary-expr","locations":[{"start":{"line":40,"column":65},"end":{"line":40,"column":82}},{"start":{"line":40,"column":82},"end":{"line":40,"column":86}}],"line":40},"5":{"loc":{"start":{"line":57,"column":8},"end":{"line":57,"column":null}},"type":"cond-expr","locations":[{"start":{"line":57,"column":29},"end":{"line":57,"column":52}},{"start":{"line":57,"column":52},"end":{"line":57,"column":null}}],"line":57},"6":{"loc":{"start":{"line":58,"column":8},"end":{"line":58,"column":null}},"type":"cond-expr","locations":[{"start":{"line":58,"column":31},"end":{"line":58,"column":79}},{"start":{"line":58,"column":79},"end":{"line":58,"column":null}}],"line":58},"7":{"loc":{"start":{"line":59,"column":4},"end":{"line":59,"column":null}},"type":"cond-expr","locations":[{"start":{"line":59,"column":18},"end":{"line":59,"column":59}},{"start":{"line":59,"column":59},"end":{"line":59,"column":null}}],"line":59},"8":{"loc":{"start":{"line":60,"column":4},"end":{"line":60,"column":null}},"type":"binary-expr","locations":[{"start":{"line":60,"column":4},"end":{"line":60,"column":29}},{"start":{"line":60,"column":29},"end":{"line":60,"column":null}}],"line":60},"9":{"loc":{"start":{"line":61,"column":4},"end":{"line":61,"column":null}},"type":"binary-expr","locations":[{"start":{"line":61,"column":4},"end":{"line":61,"column":23}},{"start":{"line":61,"column":23},"end":{"line":61,"column":null}}],"line":61},"10":{"loc":{"start":{"line":70,"column":2},"end":{"line":72,"column":null}},"type":"if","locations":[{"start":{"line":70,"column":2},"end":{"line":72,"column":null}},{"start":{},"end":{}}],"line":70},"11":{"loc":{"start":{"line":92,"column":8},"end":{"line":92,"column":null}},"type":"binary-expr","locations":[{"start":{"line":92,"column":8},"end":{"line":92,"column":32}},{"start":{"line":92,"column":32},"end":{"line":92,"column":null}}],"line":92},"12":{"loc":{"start":{"line":101,"column":4},"end":{"line":101,"column":null}},"type":"binary-expr","locations":[{"start":{"line":101,"column":4},"end":{"line":101,"column":34}},{"start":{"line":101,"column":34},"end":{"line":101,"column":64}},{"start":{"line":101,"column":64},"end":{"line":101,"column":null}}],"line":101}},"s":{"0":10,"1":10,"2":2,"3":0,"4":1,"5":2,"6":6,"7":8,"8":8,"9":10,"10":8,"11":2,"12":5,"13":1,"14":10,"15":10,"16":5,"17":5,"18":10,"19":5,"20":5,"21":10,"22":10},"f":{"0":10,"1":0,"2":1,"3":6,"4":10,"5":5,"6":1,"7":10,"8":5,"9":5,"10":5,"11":5},"b":{"0":[2,8],"1":[2,0],"2":[0,0],"3":[0,0],"4":[0,0],"5":[1,7],"6":[1,7],"7":[4,4],"8":[10,1],"9":[10,5],"10":[8,2],"11":[10,3],"12":[10,8,7]},"meta":{"lastBranch":13,"lastFunction":12,"lastStatement":23,"seen":{"f:19:16:19:33":0,"s:31:6:31:Infinity":0,"b:33:2:53:Infinity:undefined:undefined:undefined:undefined":0,"s:33:2:53:Infinity":1,"s:34:10:50:Infinity":2,"b:37:10:37:36:37:36:37:Infinity":1,"f:38:26:38:27":1,"s:38:27:41:Infinity":3,"b:40:13:40:31:40:31:40:33":2,"b:40:38:40:57:40:57:40:59":3,"b:40:65:40:82:40:82:40:86":4,"f:43:28:43:29":2,"s:43:29:48:Infinity":4,"s:52:4:52:Infinity":5,"f:52:72:52:73":3,"s:52:83:52:95":6,"s:55:24:55:Infinity":7,"s:56:2:62:Infinity":8,"b:57:29:57:52:57:52:57:Infinity":5,"b:58:31:58:79:58:79:58:Infinity":6,"b:59:18:59:59:59:59:59:Infinity":7,"b:60:4:60:29:60:29:60:Infinity":8,"b:61:4:61:23:61:23:61:Infinity":9,"f:65:16:65:Infinity":4,"b:70:2:72:Infinity:undefined:undefined:undefined:undefined":10,"s:70:2:72:Infinity":9,"s:71:4:71:Infinity":10,"s:73:2:76:Infinity":11,"f:74:42:74:43":5,"s:74:43:74:79":12,"f:75:38:75:39":6,"s:75:39:75:75":13,"f:79:16:79:Infinity":7,"s:88:24:88:Infinity":14,"s:89:8:93:Infinity":15,"f:90:26:90:27":8,"s:90:35:90:48":16,"f:91:26:91:27":9,"s:91:35:91:54":17,"b:92:8:92:32:92:32:92:Infinity":11,"s:95:8:98:Infinity":18,"f:96:26:96:27":10,"s:96:35:96:49":19,"f:97:26:97:27":11,"s:97:35:97:50":20,"s:100:8:102:Infinity":21,"b:101:4:101:34:101:34:101:64:101:64:101:Infinity":12,"s:104:2:104:Infinity":22}}}
,"D:\\web\\clawtest\\src\\server\\knowledge\\retrieval\\formatters\\budgetCalculator.ts": {"path":"D:\\web\\clawtest\\src\\server\\knowledge\\retrieval\\formatters\\budgetCalculator.ts","statementMap":{"0":{"start":{"line":35,"column":4},"end":{"line":35,"column":null}},"1":{"start":{"line":38,"column":8},"end":{"line":38,"column":null}},"2":{"start":{"line":39,"column":8},"end":{"line":43,"column":null}},"3":{"start":{"line":46,"column":24},"end":{"line":46,"column":null}},"4":{"start":{"line":47,"column":29},"end":{"line":50,"column":null}},"5":{"start":{"line":52,"column":8},"end":{"line":57,"column":null}},"6":{"start":{"line":60,"column":49},"end":{"line":66,"column":null}},"7":{"start":{"line":67,"column":8},"end":{"line":67,"column":null}},"8":{"start":{"line":68,"column":8},"end":{"line":68,"column":null}},"9":{"start":{"line":70,"column":20},"end":{"line":76,"column":null}},"10":{"start":{"line":78,"column":2},"end":{"line":80,"column":null}},"11":{"start":{"line":79,"column":4},"end":{"line":79,"column":null}},"12":{"start":{"line":82,"column":8},"end":{"line":82,"column":null}},"13":{"start":{"line":84,"column":2},"end":{"line":90,"column":null}}},"fnMap":{"0":{"name":"calculateAndApplyBudget","decl":{"start":{"line":30,"column":16},"end":{"line":30,"column":null}},"loc":{"start":{"line":33,"column":16},"end":{"line":91,"column":null}},"line":33}},"branchMap":{"0":{"loc":{"start":{"line":63,"column":6},"end":{"line":63,"column":null}},"type":"cond-expr","locations":[{"start":{"line":63,"column":52},"end":{"line":63,"column":58}},{"start":{"line":63,"column":58},"end":{"line":63,"column":null}}],"line":63},"1":{"loc":{"start":{"line":63,"column":58},"end":{"line":63,"column":null}},"type":"cond-expr","locations":[{"start":{"line":63,"column":84},"end":{"line":63,"column":90}},{"start":{"line":63,"column":90},"end":{"line":63,"column":null}}],"line":63},"2":{"loc":{"start":{"line":71,"column":8},"end":{"line":71,"column":null}},"type":"cond-expr","locations":[{"start":{"line":71,"column":28},"end":{"line":71,"column":50}},{"start":{"line":71,"column":50},"end":{"line":71,"column":null}}],"line":71},"3":{"loc":{"start":{"line":78,"column":2},"end":{"line":80,"column":null}},"type":"if","locations":[{"start":{"line":78,"column":2},"end":{"line":80,"column":null}},{"start":{},"end":{}}],"line":78}},"s":{"0":10,"1":10,"2":10,"3":10,"4":10,"5":10,"6":10,"7":10,"8":10,"9":10,"10":10,"11":0,"12":10,"13":10},"f":{"0":10},"b":{"0":[8,2],"1":[0,2],"2":[8,2],"3":[0,10]},"meta":{"lastBranch":4,"lastFunction":1,"lastStatement":14,"seen":{"f:30:16:30:Infinity":0,"s:35:4:35:Infinity":0,"s:38:8:38:Infinity":1,"s:39:8:43:Infinity":2,"s:46:24:46:Infinity":3,"s:47:29:50:Infinity":4,"s:52:8:57:Infinity":5,"s:60:49:66:Infinity":6,"b:63:52:63:58:63:58:63:Infinity":0,"b:63:84:63:90:63:90:63:Infinity":1,"s:67:8:67:Infinity":7,"s:68:8:68:Infinity":8,"s:70:20:76:Infinity":9,"b:71:28:71:50:71:50:71:Infinity":2,"b:78:2:80:Infinity:undefined:undefined:undefined:undefined":3,"s:78:2:80:Infinity":10,"s:79:4:79:Infinity":11,"s:82:8:82:Infinity":12,"s:84:2:90:Infinity":13}}}
,"D:\\web\\clawtest\\src\\server\\knowledge\\retrieval\\formatters\\contextFormatter.ts": {"path":"D:\\web\\clawtest\\src\\server\\knowledge\\retrieval\\formatters\\contextFormatter.ts","statementMap":{"0":{"start":{"line":7,"column":21},"end":{"line":9,"column":null}},"1":{"start":{"line":10,"column":2},"end":{"line":10,"column":null}},"2":{"start":{"line":10,"column":37},"end":{"line":10,"column":null}},"3":{"start":{"line":11,"column":2},"end":{"line":11,"column":null}},"4":{"start":{"line":18,"column":8},"end":{"line":18,"column":null}},"5":{"start":{"line":19,"column":2},"end":{"line":34,"column":null}},"6":{"start":{"line":20,"column":10},"end":{"line":26,"column":null}},"7":{"start":{"line":21,"column":32},"end":{"line":22,"column":null}},"8":{"start":{"line":26,"column":22},"end":{"line":26,"column":45}},"9":{"start":{"line":27,"column":4},"end":{"line":27,"column":null}},"10":{"start":{"line":27,"column":30},"end":{"line":27,"column":null}},"11":{"start":{"line":29,"column":10},"end":{"line":31,"column":null}},"12":{"start":{"line":30,"column":17},"end":{"line":30,"column":null}},"13":{"start":{"line":32,"column":4},"end":{"line":32,"column":null}},"14":{"start":{"line":32,"column":34},"end":{"line":32,"column":null}},"15":{"start":{"line":33,"column":4},"end":{"line":33,"column":null}},"16":{"start":{"line":36,"column":16},"end":{"line":40,"column":null}},"17":{"start":{"line":37,"column":20},"end":{"line":37,"column":71}},"18":{"start":{"line":38,"column":23},"end":{"line":38,"column":39}},"19":{"start":{"line":40,"column":20},"end":{"line":40,"column":43}},"20":{"start":{"line":42,"column":2},"end":{"line":42,"column":null}},"21":{"start":{"line":42,"column":24},"end":{"line":42,"column":null}},"22":{"start":{"line":43,"column":2},"end":{"line":43,"column":null}},"23":{"start":{"line":51,"column":26},"end":{"line":51,"column":null}},"24":{"start":{"line":52,"column":21},"end":{"line":52,"column":null}},"25":{"start":{"line":53,"column":2},"end":{"line":55,"column":null}},"26":{"start":{"line":54,"column":4},"end":{"line":54,"column":null}},"27":{"start":{"line":54,"column":14},"end":{"line":54,"column":null}},"28":{"start":{"line":56,"column":2},"end":{"line":59,"column":null}},"29":{"start":{"line":57,"column":17},"end":{"line":57,"column":null}},"30":{"start":{"line":58,"column":4},"end":{"line":58,"column":null}},"31":{"start":{"line":60,"column":2},"end":{"line":60,"column":null}}},"fnMap":{"0":{"name":"truncateText","decl":{"start":{"line":6,"column":9},"end":{"line":6,"column":22}},"loc":{"start":{"line":6,"column":63},"end":{"line":12,"column":null}},"line":6},"1":{"name":"buildSemanticContextForQuery","decl":{"start":{"line":14,"column":16},"end":{"line":14,"column":null}},"loc":{"start":{"line":17,"column":10},"end":{"line":44,"column":null}},"line":17},"2":{"name":"(anonymous_2)","decl":{"start":{"line":21,"column":31},"end":{"line":21,"column":32}},"loc":{"start":{"line":21,"column":32},"end":{"line":22,"column":null}},"line":21},"3":{"name":"(anonymous_3)","decl":{"start":{"line":26,"column":11},"end":{"line":26,"column":12}},"loc":{"start":{"line":26,"column":22},"end":{"line":26,"column":45}},"line":26},"4":{"name":"(anonymous_4)","decl":{"start":{"line":30,"column":6},"end":{"line":30,"column":7}},"loc":{"start":{"line":30,"column":17},"end":{"line":30,"column":null}},"line":30},"5":{"name":"(anonymous_5)","decl":{"start":{"line":37,"column":9},"end":{"line":37,"column":10}},"loc":{"start":{"line":37,"column":20},"end":{"line":37,"column":71}},"line":37},"6":{"name":"(anonymous_6)","decl":{"start":{"line":38,"column":12},"end":{"line":38,"column":13}},"loc":{"start":{"line":38,"column":23},"end":{"line":38,"column":39}},"line":38},"7":{"name":"(anonymous_7)","decl":{"start":{"line":40,"column":9},"end":{"line":40,"column":10}},"loc":{"start":{"line":40,"column":20},"end":{"line":40,"column":43}},"line":40},"8":{"name":"formatProjectGraph","decl":{"start":{"line":46,"column":16},"end":{"line":46,"column":null}},"loc":{"start":{"line":50,"column":10},"end":{"line":61,"column":null}},"line":50}},"branchMap":{"0":{"loc":{"start":{"line":7,"column":28},"end":{"line":7,"column":39}},"type":"binary-expr","locations":[{"start":{"line":7,"column":28},"end":{"line":7,"column":37}},{"start":{"line":7,"column":37},"end":{"line":7,"column":39}}],"line":7},"1":{"loc":{"start":{"line":10,"column":2},"end":{"line":10,"column":null}},"type":"if","locations":[{"start":{"line":10,"column":2},"end":{"line":10,"column":null}},{"start":{},"end":{}}],"line":10},"2":{"loc":{"start":{"line":19,"column":2},"end":{"line":34,"column":null}},"type":"if","locations":[{"start":{"line":19,"column":2},"end":{"line":34,"column":null}},{"start":{},"end":{}}],"line":19},"3":{"loc":{"start":{"line":22,"column":36},"end":{"line":22,"column":60}},"type":"binary-expr","locations":[{"start":{"line":22,"column":36},"end":{"line":22,"column":58}},{"start":{"line":22,"column":58},"end":{"line":22,"column":60}}],"line":22},"4":{"loc":{"start":{"line":27,"column":4},"end":{"line":27,"column":null}},"type":"if","locations":[{"start":{"line":27,"column":4},"end":{"line":27,"column":null}},{"start":{},"end":{}}],"line":27},"5":{"loc":{"start":{"line":29,"column":47},"end":{"line":29,"column":71}},"type":"binary-expr","locations":[{"start":{"line":29,"column":47},"end":{"line":29,"column":67}},{"start":{"line":29,"column":67},"end":{"line":29,"column":71}}],"line":29},"6":{"loc":{"start":{"line":32,"column":4},"end":{"line":32,"column":null}},"type":"if","locations":[{"start":{"line":32,"column":4},"end":{"line":32,"column":null}},{"start":{},"end":{}}],"line":32},"7":{"loc":{"start":{"line":37,"column":40},"end":{"line":37,"column":64}},"type":"binary-expr","locations":[{"start":{"line":37,"column":40},"end":{"line":37,"column":62}},{"start":{"line":37,"column":62},"end":{"line":37,"column":64}}],"line":37},"8":{"loc":{"start":{"line":42,"column":2},"end":{"line":42,"column":null}},"type":"if","locations":[{"start":{"line":42,"column":2},"end":{"line":42,"column":null}},{"start":{},"end":{}}],"line":42},"9":{"loc":{"start":{"line":43,"column":22},"end":{"line":43,"column":46}},"type":"binary-expr","locations":[{"start":{"line":43,"column":22},"end":{"line":43,"column":42}},{"start":{"line":43,"column":42},"end":{"line":43,"column":46}}],"line":43},"10":{"loc":{"start":{"line":54,"column":4},"end":{"line":54,"column":null}},"type":"if","locations":[{"start":{"line":54,"column":4},"end":{"line":54,"column":null}},{"start":{},"end":{}}],"line":54},"11":{"loc":{"start":{"line":57,"column":17},"end":{"line":57,"column":null}},"type":"binary-expr","locations":[{"start":{"line":57,"column":17},"end":{"line":57,"column":55}},{"start":{"line":57,"column":55},"end":{"line":57,"column":null}}],"line":57}},"s":{"0":9,"1":9,"2":8,"3":1,"4":12,"5":12,"6":3,"7":2,"8":2,"9":3,"10":1,"11":2,"12":0,"13":3,"14":0,"15":2,"16":9,"17":1,"18":1,"19":1,"20":9,"21":1,"22":8,"23":1,"24":1,"25":1,"26":2,"27":2,"28":1,"29":2,"30":2,"31":1},"f":{"0":9,"1":12,"2":2,"3":2,"4":0,"5":1,"6":1,"7":1,"8":1},"b":{"0":[9,6],"1":[8,1],"2":[3,9],"3":[2,0],"4":[1,2],"5":[2,2],"6":[0,3],"7":[1,0],"8":[1,8],"9":[8,6],"10":[2,0],"11":[2,0]},"meta":{"lastBranch":12,"lastFunction":9,"lastStatement":32,"seen":{"f:6:9:6:22":0,"s:7:21:9:Infinity":0,"b:7:28:7:37:7:37:7:39":0,"b:10:2:10:Infinity:undefined:undefined:undefined:undefined":1,"s:10:2:10:Infinity":1,"s:10:37:10:Infinity":2,"s:11:2:11:Infinity":3,"f:14:16:14:Infinity":1,"s:18:8:18:Infinity":4,"b:19:2:34:Infinity:undefined:undefined:undefined:undefined":2,"s:19:2:34:Infinity":5,"s:20:10:26:Infinity":6,"f:21:31:21:32":2,"s:21:32:22:Infinity":7,"b:22:36:22:58:22:58:22:60":3,"f:26:11:26:12":3,"s:26:22:26:45":8,"b:27:4:27:Infinity:undefined:undefined:undefined:undefined":4,"s:27:4:27:Infinity":9,"s:27:30:27:Infinity":10,"s:29:10:31:Infinity":11,"b:29:47:29:67:29:67:29:71":5,"f:30:6:30:7":4,"s:30:17:30:Infinity":12,"b:32:4:32:Infinity:undefined:undefined:undefined:undefined":6,"s:32:4:32:Infinity":13,"s:32:34:32:Infinity":14,"s:33:4:33:Infinity":15,"s:36:16:40:Infinity":16,"f:37:9:37:10":5,"s:37:20:37:71":17,"b:37:40:37:62:37:62:37:64":7,"f:38:12:38:13":6,"s:38:23:38:39":18,"f:40:9:40:10":7,"s:40:20:40:43":19,"b:42:2:42:Infinity:undefined:undefined:undefined:undefined":8,"s:42:2:42:Infinity":20,"s:42:24:42:Infinity":21,"s:43:2:43:Infinity":22,"b:43:22:43:42:43:42:43:46":9,"f:46:16:46:Infinity":8,"s:51:26:51:Infinity":23,"s:52:21:52:Infinity":24,"s:53:2:55:Infinity":25,"b:54:4:54:Infinity:undefined:undefined:undefined:undefined":10,"s:54:4:54:Infinity":26,"s:54:14:54:Infinity":27,"s:56:2:59:Infinity":28,"s:57:17:57:Infinity":29,"b:57:17:57:55:57:55:57:Infinity":11,"s:58:4:58:Infinity":30,"s:60:2:60:Infinity":31}}}
,"D:\\web\\clawtest\\src\\server\\knowledge\\retrieval\\formatters\\displayUtils.ts": {"path":"D:\\web\\clawtest\\src\\server\\knowledge\\retrieval\\formatters\\displayUtils.ts","statementMap":{"0":{"start":{"line":5,"column":21},"end":{"line":5,"column":null}},"1":{"start":{"line":6,"column":2},"end":{"line":6,"column":null}},"2":{"start":{"line":6,"column":19},"end":{"line":6,"column":null}},"3":{"start":{"line":7,"column":2},"end":{"line":7,"column":null}},"4":{"start":{"line":14,"column":21},"end":{"line":14,"column":null}},"5":{"start":{"line":15,"column":2},"end":{"line":15,"column":null}},"6":{"start":{"line":15,"column":18},"end":{"line":15,"column":null}},"7":{"start":{"line":16,"column":23},"end":{"line":16,"column":null}},"8":{"start":{"line":17,"column":2},"end":{"line":17,"column":null}},"9":{"start":{"line":17,"column":20},"end":{"line":17,"column":null}},"10":{"start":{"line":18,"column":2},"end":{"line":18,"column":null}},"11":{"start":{"line":22,"column":8},"end":{"line":22,"column":null}},"12":{"start":{"line":23,"column":8},"end":{"line":23,"column":null}},"13":{"start":{"line":24,"column":2},"end":{"line":24,"column":null}}},"fnMap":{"0":{"name":"toDisplayName","decl":{"start":{"line":4,"column":16},"end":{"line":4,"column":30}},"loc":{"start":{"line":4,"column":79},"end":{"line":8,"column":null}},"line":4},"1":{"name":"selectConversationId","decl":{"start":{"line":10,"column":16},"end":{"line":10,"column":null}},"loc":{"start":{"line":13,"column":17},"end":{"line":19,"column":null}},"line":13},"2":{"name":"isCounterpartMatch","decl":{"start":{"line":21,"column":16},"end":{"line":21,"column":35}},"loc":{"start":{"line":21,"column":99},"end":{"line":25,"column":null}},"line":21}},"branchMap":{"0":{"loc":{"start":{"line":5,"column":28},"end":{"line":5,"column":39}},"type":"binary-expr","locations":[{"start":{"line":5,"column":28},"end":{"line":5,"column":37}},{"start":{"line":5,"column":37},"end":{"line":5,"column":39}}],"line":5},"1":{"loc":{"start":{"line":6,"column":2},"end":{"line":6,"column":null}},"type":"if","locations":[{"start":{"line":6,"column":2},"end":{"line":6,"column":null}},{"start":{},"end":{}}],"line":6},"2":{"loc":{"start":{"line":14,"column":28},"end":{"line":14,"column":63}},"type":"binary-expr","locations":[{"start":{"line":14,"column":28},"end":{"line":14,"column":61}},{"start":{"line":14,"column":61},"end":{"line":14,"column":63}}],"line":14},"3":{"loc":{"start":{"line":15,"column":2},"end":{"line":15,"column":null}},"type":"if","locations":[{"start":{"line":15,"column":2},"end":{"line":15,"column":null}},{"start":{},"end":{}}],"line":15},"4":{"loc":{"start":{"line":16,"column":30},"end":{"line":16,"column":63}},"type":"binary-expr","locations":[{"start":{"line":16,"column":30},"end":{"line":16,"column":61}},{"start":{"line":16,"column":61},"end":{"line":16,"column":63}}],"line":16},"5":{"loc":{"start":{"line":17,"column":2},"end":{"line":17,"column":null}},"type":"if","locations":[{"start":{"line":17,"column":2},"end":{"line":17,"column":null}},{"start":{},"end":{}}],"line":17},"6":{"loc":{"start":{"line":22,"column":42},"end":{"line":22,"column":53}},"type":"binary-expr","locations":[{"start":{"line":22,"column":42},"end":{"line":22,"column":51}},{"start":{"line":22,"column":51},"end":{"line":22,"column":53}}],"line":22},"7":{"loc":{"start":{"line":24,"column":17},"end":{"line":24,"column":48}},"type":"binary-expr","locations":[{"start":{"line":24,"column":17},"end":{"line":24,"column":25}},{"start":{"line":24,"column":25},"end":{"line":24,"column":34}},{"start":{"line":24,"column":34},"end":{"line":24,"column":48}}],"line":24}},"s":{"0":10,"1":10,"2":6,"3":4,"4":10,"5":10,"6":5,"7":5,"8":10,"9":3,"10":2,"11":4,"12":4,"13":4},"f":{"0":10,"1":10,"2":4},"b":{"0":[10,6],"1":[6,4],"2":[10,5],"3":[5,5],"4":[5,2],"5":[3,7],"6":[4,0],"7":[4,4,4]},"meta":{"lastBranch":8,"lastFunction":3,"lastStatement":14,"seen":{"f:4:16:4:30":0,"s:5:21:5:Infinity":0,"b:5:28:5:37:5:37:5:39":0,"b:6:2:6:Infinity:undefined:undefined:undefined:undefined":1,"s:6:2:6:Infinity":1,"s:6:19:6:Infinity":2,"s:7:2:7:Infinity":3,"f:10:16:10:Infinity":1,"s:14:21:14:Infinity":4,"b:14:28:14:61:14:61:14:63":2,"b:15:2:15:Infinity:undefined:undefined:undefined:undefined":3,"s:15:2:15:Infinity":5,"s:15:18:15:Infinity":6,"s:16:23:16:Infinity":7,"b:16:30:16:61:16:61:16:63":4,"b:17:2:17:Infinity:undefined:undefined:undefined:undefined":5,"s:17:2:17:Infinity":8,"s:17:20:17:Infinity":9,"s:18:2:18:Infinity":10,"f:21:16:21:35":2,"s:22:8:22:Infinity":11,"b:22:42:22:51:22:51:22:53":6,"s:23:8:23:Infinity":12,"s:24:2:24:Infinity":13,"b:24:17:24:25:24:25:24:34:24:34:24:48":7}}}
,"D:\\web\\clawtest\\src\\server\\knowledge\\retrieval\\formatters\\evidenceBuilder.ts": {"path":"D:\\web\\clawtest\\src\\server\\knowledge\\retrieval\\formatters\\evidenceBuilder.ts","statementMap":{"0":{"start":{"line":19,"column":20},"end":{"line":19,"column":null}},"1":{"start":{"line":20,"column":31},"end":{"line":20,"column":null}},"2":{"start":{"line":22,"column":15},"end":{"line":31,"column":null}},"3":{"start":{"line":23,"column":35},"end":{"line":23,"column":55}},"4":{"start":{"line":24,"column":33},"end":{"line":24,"column":53}},"5":{"start":{"line":27,"column":19},"end":{"line":30,"column":6}},"6":{"start":{"line":31,"column":21},"end":{"line":31,"column":56}},"7":{"start":{"line":33,"column":8},"end":{"line":39,"column":null}},"8":{"start":{"line":33,"column":54},"end":{"line":33,"column":79}},"9":{"start":{"line":34,"column":18},"end":{"line":34,"column":null}},"10":{"start":{"line":35,"column":4},"end":{"line":38,"column":null}},"11":{"start":{"line":41,"column":16},"end":{"line":41,"column":null}},"12":{"start":{"line":42,"column":2},"end":{"line":46,"column":null}},"13":{"start":{"line":43,"column":16},"end":{"line":43,"column":null}},"14":{"start":{"line":44,"column":4},"end":{"line":44,"column":null}},"15":{"start":{"line":44,"column":43},"end":{"line":44,"column":null}},"16":{"start":{"line":45,"column":4},"end":{"line":45,"column":null}},"17":{"start":{"line":48,"column":34},"end":{"line":48,"column":null}},"18":{"start":{"line":49,"column":31},"end":{"line":49,"column":null}},"19":{"start":{"line":50,"column":2},"end":{"line":56,"column":null}},"20":{"start":{"line":51,"column":20},"end":{"line":51,"column":null}},"21":{"start":{"line":52,"column":17},"end":{"line":52,"column":null}},"22":{"start":{"line":53,"column":17},"end":{"line":53,"column":null}},"23":{"start":{"line":54,"column":4},"end":{"line":54,"column":null}},"24":{"start":{"line":55,"column":4},"end":{"line":55,"column":null}},"25":{"start":{"line":58,"column":2},"end":{"line":65,"column":null}},"26":{"start":{"line":59,"column":4},"end":{"line":64,"column":null}},"27":{"start":{"line":60,"column":18},"end":{"line":60,"column":null}},"28":{"start":{"line":61,"column":6},"end":{"line":61,"column":null}},"29":{"start":{"line":61,"column":45},"end":{"line":61,"column":null}},"30":{"start":{"line":62,"column":6},"end":{"line":62,"column":null}},"31":{"start":{"line":63,"column":6},"end":{"line":63,"column":null}},"32":{"start":{"line":67,"column":2},"end":{"line":70,"column":null}}},"fnMap":{"0":{"name":"buildEvidence","decl":{"start":{"line":10,"column":16},"end":{"line":10,"column":null}},"loc":{"start":{"line":18,"column":50},"end":{"line":71,"column":null}},"line":18},"1":{"name":"(anonymous_1)","decl":{"start":{"line":23,"column":26},"end":{"line":23,"column":27}},"loc":{"start":{"line":23,"column":35},"end":{"line":23,"column":55}},"line":23},"2":{"name":"(anonymous_2)","decl":{"start":{"line":24,"column":24},"end":{"line":24,"column":25}},"loc":{"start":{"line":24,"column":33},"end":{"line":24,"column":53}},"line":24},"3":{"name":"(anonymous_3)","decl":{"start":{"line":27,"column":9},"end":{"line":27,"column":10}},"loc":{"start":{"line":27,"column":19},"end":{"line":30,"column":6}},"line":27},"4":{"name":"(anonymous_4)","decl":{"start":{"line":31,"column":12},"end":{"line":31,"column":13}},"loc":{"start":{"line":31,"column":21},"end":{"line":31,"column":56}},"line":31},"5":{"name":"(anonymous_5)","decl":{"start":{"line":33,"column":45},"end":{"line":33,"column":46}},"loc":{"start":{"line":33,"column":54},"end":{"line":33,"column":79}},"line":33},"6":{"name":"(anonymous_6)","decl":{"start":{"line":33,"column":86},"end":{"line":33,"column":87}},"loc":{"start":{"line":33,"column":97},"end":{"line":39,"column":3}},"line":33}},"branchMap":{"0":{"loc":{"start":{"line":14,"column":2},"end":{"line":17,"column":null}},"type":"default-arg","locations":[{"start":{"line":17,"column":6},"end":{"line":17,"column":null}}],"line":14},"1":{"loc":{"start":{"line":19,"column":20},"end":{"line":19,"column":null}},"type":"binary-expr","locations":[{"start":{"line":19,"column":20},"end":{"line":19,"column":41}},{"start":{"line":19,"column":41},"end":{"line":19,"column":null}}],"line":19},"2":{"loc":{"start":{"line":20,"column":31},"end":{"line":20,"column":null}},"type":"binary-expr","locations":[{"start":{"line":20,"column":31},"end":{"line":20,"column":63}},{"start":{"line":20,"column":63},"end":{"line":20,"column":null}}],"line":20},"3":{"loc":{"start":{"line":23,"column":35},"end":{"line":23,"column":55}},"type":"binary-expr","locations":[{"start":{"line":23,"column":35},"end":{"line":23,"column":53}},{"start":{"line":23,"column":53},"end":{"line":23,"column":55}}],"line":23},"4":{"loc":{"start":{"line":24,"column":33},"end":{"line":24,"column":53}},"type":"binary-expr","locations":[{"start":{"line":24,"column":33},"end":{"line":24,"column":51}},{"start":{"line":24,"column":51},"end":{"line":24,"column":53}}],"line":24},"5":{"loc":{"start":{"line":28,"column":29},"end":{"line":28,"column":41}},"type":"binary-expr","locations":[{"start":{"line":28,"column":29},"end":{"line":28,"column":40}},{"start":{"line":28,"column":40},"end":{"line":28,"column":41}}],"line":28},"6":{"loc":{"start":{"line":29,"column":20},"end":{"line":29,"column":35}},"type":"binary-expr","locations":[{"start":{"line":29,"column":20},"end":{"line":29,"column":33}},{"start":{"line":29,"column":33},"end":{"line":29,"column":35}}],"line":29},"7":{"loc":{"start":{"line":31,"column":21},"end":{"line":31,"column":56}},"type":"binary-expr","locations":[{"start":{"line":31,"column":21},"end":{"line":31,"column":36}},{"start":{"line":31,"column":36},"end":{"line":31,"column":56}}],"line":31},"8":{"loc":{"start":{"line":43,"column":34},"end":{"line":43,"column":50}},"type":"binary-expr","locations":[{"start":{"line":43,"column":34},"end":{"line":43,"column":49}},{"start":{"line":43,"column":49},"end":{"line":43,"column":50}}],"line":43},"9":{"loc":{"start":{"line":44,"column":4},"end":{"line":44,"column":null}},"type":"if","locations":[{"start":{"line":44,"column":4},"end":{"line":44,"column":null}},{"start":{},"end":{}}],"line":44},"10":{"loc":{"start":{"line":44,"column":8},"end":{"line":44,"column":43}},"type":"binary-expr","locations":[{"start":{"line":44,"column":8},"end":{"line":44,"column":33}},{"start":{"line":44,"column":33},"end":{"line":44,"column":43}}],"line":44},"11":{"loc":{"start":{"line":52,"column":17},"end":{"line":52,"column":null}},"type":"cond-expr","locations":[{"start":{"line":52,"column":27},"end":{"line":52,"column":66}},{"start":{"line":52,"column":66},"end":{"line":52,"column":null}}],"line":52},"12":{"loc":{"start":{"line":52,"column":34},"end":{"line":52,"column":55}},"type":"binary-expr","locations":[{"start":{"line":52,"column":34},"end":{"line":52,"column":53}},{"start":{"line":52,"column":53},"end":{"line":52,"column":55}}],"line":52},"13":{"loc":{"start":{"line":53,"column":39},"end":{"line":53,"column":56}},"type":"binary-expr","locations":[{"start":{"line":53,"column":39},"end":{"line":53,"column":47}},{"start":{"line":53,"column":47},"end":{"line":53,"column":56}}],"line":53},"14":{"loc":{"start":{"line":58,"column":2},"end":{"line":65,"column":null}},"type":"if","locations":[{"start":{"line":58,"column":2},"end":{"line":65,"column":null}},{"start":{},"end":{}}],"line":58},"15":{"loc":{"start":{"line":58,"column":6},"end":{"line":58,"column":58}},"type":"binary-expr","locations":[{"start":{"line":58,"column":6},"end":{"line":58,"column":30}},{"start":{"lin
[...]
,"D:\\web\\clawtest\\tests\\unit\\knowledge\\retrieval-service\\retrieval-service.rules.cases.ts": {"path":"D:\\web\\clawtest\\tests\\unit\\knowledge\\retrieval-service\\retrieval-service.rules.cases.ts","statementMap":{"0":{"start":{"line":5,"column":0},"end":{"line":343,"column":null}},"1":{"start":{"line":6,"column":2},"end":{"line":111,"column":null}},"2":{"start":{"line":7,"column":20},"end":{"line":99,"column":null}},"3":{"start":{"line":10,"column":39},"end":{"line":45,"column":9}},"4":{"start":{"line":46,"column":34},"end":{"line":79,"column":9}},"5":{"start":{"line":80,"column":43},"end":{"line":91,"column":10}},"6":{"start":{"line":94,"column":43},"end":{"line":94,"column":72}},"7":{"start":{"line":97,"column":34},"end":{"line":97,"column":79}},"8":{"start":{"line":101,"column":19},"end":{"line":106,"column":null}},"9":{"start":{"line":108,"column":4},"end":{"line":108,"column":null}},"10":{"start":{"line":109,"column":4},"end":{"line":109,"column":null}},"11":{"start":{"line":110,"column":4},"end":{"line":110,"column":null}},"12":{"start":{"line":113,"column":2},"end":{"line":200,"column":null}},"13":{"start":{"line":114,"column":20},"end":{"line":187,"column":null}},"14":{"start":{"line":117,"column":39},"end":{"line":135,"column":9}},"15":{"start":{"line":136,"column":34},"end":{"line":153,"column":9}},"16":{"start":{"line":154,"column":43},"end":{"line":165,"column":10}},"17":{"start":{"line":168,"column":43},"end":{"line":182,"column":10}},"18":{"start":{"line":185,"column":34},"end":{"line":185,"column":76}},"19":{"start":{"line":189,"column":19},"end":{"line":194,"column":null}},"20":{"start":{"line":196,"column":4},"end":{"line":196,"column":null}},"21":{"start":{"line":197,"column":4},"end":{"line":197,"column":null}},"22":{"start":{"line":198,"column":4},"end":{"line":198,"column":null}},"23":{"start":{"line":199,"column":4},"end":{"line":199,"column":null}},"24":{"start":{"line":202,"column":2},"end":{"line":283,"column":null}},"25":{"start":{"line":203,"column":20},"end":{"line":270,"column":null}},"26":{"start":{"line":206,"column":39},"end":{"line":206,"column":41}},"27":{"start":{"line":207,"column":34},"end":{"line":207,"column":36}},"28":{"start":{"line":208,"column":34},"end":{"line":223,"column":9}},"29":{"start":{"line":224,"column":32},"end":{"line":247,"column":9}},"30":{"start":{"line":248,"column":43},"end":{"line":259,"column":10}},"31":{"start":{"line":262,"column":43},"end":{"line":262,"column":72}},"32":{"start":{"line":265,"column":34},"end":{"line":268,"column":9}},"33":{"start":{"line":272,"column":19},"end":{"line":277,"column":null}},"34":{"start":{"line":279,"column":4},"end":{"line":279,"column":null}},"35":{"start":{"line":280,"column":4},"end":{"line":280,"column":null}},"36":{"start":{"line":281,"column":4},"end":{"line":281,"column":null}},"37":{"start":{"line":282,"column":4},"end":{"line":282,"column":null}},"38":{"start":{"line":285,"column":2},"end":{"line":342,"column":null}},"39":{"start":{"line":286,"column":20},"end":{"line":330,"column":null}},"40":{"start":{"line":289,"column":39},"end":{"line":307,"column":9}},"41":{"start":{"line":308,"column":34},"end":{"line":308,"column":36}},"42":{"start":{"line":309,"column":34},"end":{"line":309,"column":36}},"43":{"start":{"line":310,"column":32},"end":{"line":310,"column":34}},"44":{"start":{"line":311,"column":43},"end":{"line":322,"column":10}},"45":{"start":{"line":325,"column":43},"end":{"line":325,"column":72}},"46":{"start":{"line":328,"column":34},"end":{"line":328,"column":59}},"47":{"start":{"line":332,"column":19},"end":{"line":337,"column":null}},"48":{"start":{"line":339,"column":4},"end":{"line":339,"column":null}},"49":{"start":{"line":340,"column":4},"end":{"line":340,"column":null}},"50":{"start":{"line":341,"column":4},"end":{"line":341,"column":null}}},"fnMap":{"0":{"name":"(anonymous_0)","decl":{"start":{"line":5,"column":38},"end":{"line":5,"column":44}},"loc":{"start":{"line":5,"column":44},"end":{"line":343,"column":1}},"line":5},"1":{"name":"(anonymous_1)","decl":{"start":{"line":6,"column":84},"end":{"line":6,"column":96}},"loc":{"start":{"line":6,"column":96},"end":{"line":111,"column":3}},"line":6},"2":{"name":"(anonymous_2)","decl":{"start":{"line":10,"column":33},"end":{"line":10,"column":39}},"loc":{"start":{"line":10,"column":39},"end":{"line":45,"column":9}},"line":10},"3":{"name":"(anonymous_3)","decl":{"start":{"line":46,"column":28},"end":{"line":46,"column":34}},"loc":{"start":{"line":46,"column":34},"end":{"line":79,"column":9}},"line":46},"4":{"name":"(anonymous_4)","decl":{"start":{"line":80,"column":36},"end":{"line":80,"column":43}},"loc":{"start":{"line":80,"column":43},"end":{"line":91,"column":10}},"line":80},"5":{"name":"(anonymous_5)","decl":{"start":{"line":94,"column":30},"end":{"line":94,"column":43}},"loc":{"start":{"line":94,"column":43},"end":{"line":94,"column":72}},"line":94},"6":{"name":"(anonymous_6)","decl":{"start":{"line":97,"column":28},"end":{"line":97,"column":34}},"loc":{"start":{"line":97,"column":34},"end":{"line":97,"column":79}},"line":97},"7":{"name":"(anonymous_7)","decl":{"start":{"line":113,"column":83},"end":{"line":113,"column":95}},"loc":{"start":{"line":113,"column":95},"end":{"line":200,"column":3}},"line":113},"8":{"name":"(anonymous_8)","decl":{"start":{"line":117,"column":33},"end":{"line":117,"column":39}},"loc":{"start":{"line":117,"column":39},"end":{"line":135,"column":9}},"line":117},"9":{"name":"(anonymous_9)","decl":{"start":{"line":136,"column":28},"end":{"line":136,"column":34}},"loc":{"start":{"line":136,"column":34},"end":{"line":153,"column":9}},"line":136},"10":{"name":"(anonymous_10)","decl":{"start":{"line":154,"column":36},"end":{"line":154,"column":43}},"loc":{"start":{"line":154,"column":43},"end":{"line":165,"column":10}},"line":154},"11":{"name":"(anonymous_11)","decl":{"start":{"line":168,"column":30},"end":{"line":168,"column":43}},"loc":{"start":{"line":168,"column":43},"end":{"line":182,"column":10}},"line":168},"12":{"name":"(anonymous_12)","decl":{"start":{"line":185,"column":28},"end":{"line":185,"column":34}},"loc":{"start":{"line":185,"column":34},"end":{"line":185,"column":76}},"line":185},"13":{"name":"(anonymous_13)","decl":{"start":{"line":202,"column":80},"end":{"line":202,"column":92}},"loc":{"start":{"line":202,"column":92},"end":{"line":283,"column":3}},"line":202},"14":{"name":"(anonymous_14)","decl":{"start":{"line":206,"column":33},"end":{"line":206,"column":39}},"loc":{"start":{"line":206,"column":39},"end":{"line":206,"column":41}},"line":206},"15":{"name":"(anonymous_15)","decl":{"start":{"line":207,"column":28},"end":{"line":207,"column":34}},"loc":{"start":{"line":207,"column":34},"end":{"line":207,"column":36}},"line":207},"16":{"name":"(anonymous_16)","decl":{"start":{"line":208,"column":28},"end":{"line":208,"column":34}},"loc":{"start":{"line":208,"column":34},"end":{"line":223,"column":9}},"line":208},"17":{"name":"(anonymous_17)","decl":{"start":{"line":224,"column":26},"end":{"line":224,"column":32}},"loc":{"start":{"line":224,"column":32},"end":{"line":247,"column":9}},"line":224},"18":{"name":"(anonymous_18)","decl":{"start":{"line":248,"column":36},"end":{"line":248,"column":43}},"loc":{"start":{"line":248,"column":43},"end":{"line":259,"column":10}},"line":248},"19":{"name":"(anonymous_19)","decl":{"start":{"line":262,"column":30},"end":{"line":262,"column":43}},"loc":{"start":{"line":262,"column":43},"end":{"line":262,"column":72}},"line":262},"20":{"name":"(anonymous_20)","decl":{"start":{"line":265,"column":28},"end":{"line":265,"column":34}},"loc":{"start":{"line":265,"column":34},"end":{"line":268,"column":9}},"line":265},"21":{"name":"(anonymous_21)","decl":{"start":{"line":285,"column":71},"end":{"line":285,"column":83}},"loc":{"start":{"line":285,"column":83},"end":{"line":342,"column":3}},"line":285},"22":{"name":"(anonymous_22)","decl":{"start":{"line":289,"column":33},"end":{"line":289,"column":39}},"loc":{"start":{"line":289,"column":39},"end":{"line":307,"column":9}},"line":289},"23":{"name":"(anonymous_23)","decl":{"start":{"line":308,"column":28},"end":{"line":308,"column":34}},"loc":{"start":{"line":308,"column":34},"end":{"line":308,"column":36}},"line":308},"24":{"name":"(anonymous_24)","decl":{"start":{"line":309,"column":28},"end":{"line":309,"column":34}},"loc":{"start":{"line":309,"column":34},"end":{"line":309,"column":36}},"line":309},"25":{"name":"(anonymous_25)","decl":{"start":{"line":310,"column":26},"end":{"line":310,"column":32}},"loc":{"start":{"line":310,"column":32},"end":{"line":310,"column":34}},"line":310},"26":{"name":"(anonymous_26)","decl":{"start":{"line":311,"column":36},"end":{"line":311,"column":43}},"loc":{"start":{"line":311,"column":43},"end":{"line":322,"column":10}},"line":311},"27":{"name":"(anonymous_27)","decl":{"start":{"line":325,"column":30},"end":{"line":325,"column":43}},"loc":{"start":{"line":325,"column":43},"end":{"line":325,"column":72}},"line":325},"28":{"name":"(anonymous_28)","decl":{"start":{"line":328,"column":28},"end":{"line":328,"column":34}},"loc":{"start":{"line":328,"column":34},"end":{"line":328,"column":59}},"line":328}},"branchMap":{},"s":{"0":1,"1":1,"2":1,"3":1,"4":1,"5":1,"6":1,"7":1,"8":1,"9":1,"10":1,"11":1,"12":1,"13":1,"14":1,"15":1,"16":1,"17":1,"18":1,"19":1,"20":1,"21":1,"22":1,"23":1,"24":1,"25":1,"26":1,"27":1,"28":1,"29":1,"30":1,"31":1,"32":1,"33":1,"34":1,"35":1,"36":1,"37":1,"38":1,"39":1,"40":1,"41":1,"42":1,"43":1,"44":1,"45":1,"46":0,"47":1,"48":1,"49":1,"50":1},"f":{"0":1,"1":1,"2":1,"3":1,"4":1,"5":1,"6":1,"7":1,"8":1,"9":1,"10":1,"11":1,"12":1,"13":1,"14":1,"15":1,"16":1,"17":1,"18":1,"19":1,"20":1,"21":1,"22":1,"23":1,"24":1,"25":1,"26":1,"27":1,"28":0},"b":{},"meta":{"lastBranch":0,"lastFunction":29,"lastStatement":51,"seen":{"s:5:0:343:Infinity":0,"f:5:38:5:44":0,"s:6:2:111:Infinity":1,"f:6:84:6:96":1,"s:7:20:99:Infinity":2,"f:10:33:10:39":2,"s:10:39:45:9":3,"f:46:28:46:34":3,"s:46:34:79:9":4,"f:80:36:80:43":4,"s:80:43:91:10":5,"f:94:30:94:43":5,"s:94:43:94:72":6,"f:97:28:97:34":6,"s:97:34:97:79":7,"s:101:19:106:Infinity":8,"s:108:4:108:Infinity":9,"s:109:4:109:Infinity":10,"s:110:4:110:Infinity":11,"s:113:2:200:Infinity":12,"f:113:83:113:95":7,"s:114:20:187:Infinity":13,"f:117:33:117:39":8,"s:117:39:135:9":14,"f:136:28:136:34":9,"s:136:34:153:9":15,"f:154:36:154:43":10,"s:154:43:165:10":16,"f:168:30:168:43":11,"s:168:43:182:10":17,"f:185:28:185:34":12,"s:185:34:185:76":18,"s:189:19:194:Infinity":19,"s:196:4:196:Infinity":20,"s:197:4:197:Infinity":21,"s:198:4:198:Infinity":22,"s:199:4:199:Infinity":23,"s:202:2:283:Infinity":24,"f:202:80:202:92":13,"s:203:20:270:Infinity":25,"f:206:33:206:39":14,"s:206:39:206:41":26,"f:207:28:207:34":15,"s:207:34:207:36":27,"f:208:28:208:34":16,"s:208:34:223:9":28,"f:224:26:224:32":17,"s:224:32:247:9":29,"f:248:36:248:43":18,"s:248:43:259:10":30,"f:262:30:262:43":19,"s:262:43:262:72":31,"f:265:28:265:34":20,"s:265:34:268:9":32,"s:272:19:277:Infinity":33,"s:279:4:279:Infinity":34,"s:280:4:280:Infinity":35,"s:281:4:281:Infinity":36,"s:282:4:282:Infinity":37,"s:285:2:342:Infinity":38,"f:285:71:285:83":21,"s:286:20:330:Infinity":39,"f:289:33:289:39":22,"s:289:39:307:9":40,"f:308:28:308:34":23,"s:308:34:308:36":41,"f:309:28:309:34":24,"s:309:34:309:36":42,"f:310:26:310:32":25,"s:310:32:310:34":43,"f:311:36:311:43":26,"s:311:43:322:10":44,"f:325:30:325:43":27,"s:325:43:325:72":45,"f:328:28:328:34":28,"s:328:34:328:59":46,"s:332:19:337:Infinity":47,"s:339:4:339:Infinity":48,"s:340:4:340:Infinity":49,"s:341:4:341:Infinity":50}}}
,"D:\\web\\clawtest\\tests\\unit\\knowledge\\retrieval-service\\retrieval-service.trigger.cases.ts": {"path":"D:\\web\\clawtest\\tests\\unit\\knowledge\\retrieval-service\\retrieval-service.trigger.cases.ts","statementMap":{"0":{"start":{"line":4,"column":0},"end":{"line":103,"column":null}},"1":{"start":{"line":5,"column":2},"end":{"line":48,"column":null}},"2":{"start":{"line":6,"column":20},"end":{"line":39,"column":null}},"3":{"start":{"line":9,"column":39},"end":{"line":27,"column":9}},"4":{"start":{"line":28,"column":34},"end":{"line":28,"column":36}},"5":{"start":{"line":30,"column":10},"end":{"line":30,"column":null}},"6":{"start":{"line":34,"column":43},"end":{"line":34,"column":72}},"7":{"start":{"line":37,"column":34},"end":{"line":37,"column":36}},"8":{"start":{"line":41,"column":25},"end":{"line":45,"column":null}},"9":{"start":{"line":47,"column":4},"end":{"line":47,"column":null}},"10":{"start":{"line":50,"column":2},"end":{"line":75,"column":null}},"11":{"start":{"line":51,"column":20},"end":{"line":66,"column":null}},"12":{"start":{"line":54,"column":39},"end":{"line":54,"column":41}},"13":{"start":{"line":55,"column":34},"end":{"line":55,"column":36}},"14":{"start":{"line":57,"column":10},"end":{"line":57,"column":null}},"15":{"start":{"line":61,"column":43},"end":{"line":61,"column":72}},"16":{"start":{"line":64,"column":34},"end":{"line":64,"column":36}},"17":{"start":{"line":68,"column":25},"end":{"line":72,"column":null}},"18":{"start":{"line":74,"column":4},"end":{"line":74,"column":null}},"19":{"start":{"line":77,"column":2},"end":{"line":102,"column":null}},"20":{"start":{"line":78,"column":20},"end":{"line":93,"column":null}},"21":{"start":{"line":81,"column":39},"end":{"line":81,"column":41}},"22":{"start":{"line":82,"column":34},"end":{"line":82,"column":36}},"23":{"start":{"line":84,"column":10},"end":{"line":84,"column":null}},"24":{"start":{"line":88,"column":43},"end":{"line":88,"column":72}},"25":{"start":{"line":91,"column":34},"end":{"line":91,"column":36}},"26":{"start":{"line":95,"column":25},"end":{"line":99,"column":null}},"27":{"start":{"line":101,"column":4},"end":{"line":101,"column":null}}},"fnMap":{"0":{"name":"(anonymous_0)","decl":{"start":{"line":4,"column":38},"end":{"line":4,"column":44}},"loc":{"start":{"line":4,"column":44},"end":{"line":103,"column":1}},"line":4},"1":{"name":"(anonymous_1)","decl":{"start":{"line":5,"column":73},"end":{"line":5,"column":85}},"loc":{"start":{"line":5,"column":85},"end":{"line":48,"column":3}},"line":5},"2":{"name":"(anonymous_2)","decl":{"start":{"line":9,"column":33},"end":{"line":9,"column":39}},"loc":{"start":{"line":9,"column":39},"end":{"line":27,"column":9}},"line":9},"3":{"name":"(anonymous_3)","decl":{"start":{"line":28,"column":28},"end":{"line":28,"column":34}},"loc":{"start":{"line":28,"column":34},"end":{"line":28,"column":36}},"line":28},"4":{"name":"(anonymous_4)","decl":{"start":{"line":29,"column":36},"end":{"line":29,"column":42}},"loc":{"start":{"line":29,"column":42},"end":{"line":31,"column":9}},"line":29},"5":{"name":"(anonymous_5)","decl":{"start":{"line":34,"column":30},"end":{"line":34,"column":43}},"loc":{"start":{"line":34,"column":43},"end":{"line":34,"column":72}},"line":34},"6":{"name":"(anonymous_6)","decl":{"start":{"line":37,"column":28},"end":{"line":37,"column":34}},"loc":{"start":{"line":37,"column":34},"end":{"line":37,"column":36}},"line":37},"7":{"name":"(anonymous_7)","decl":{"start":{"line":50,"column":78},"end":{"line":50,"column":90}},"loc":{"start":{"line":50,"column":90},"end":{"line":75,"column":3}},"line":50},"8":{"name":"(anonymous_8)","decl":{"start":{"line":54,"column":33},"end":{"line":54,"column":39}},"loc":{"start":{"line":54,"column":39},"end":{"line":54,"column":41}},"line":54},"9":{"name":"(anonymous_9)","decl":{"start":{"line":55,"column":28},"end":{"line":55,"column":34}},"loc":{"start":{"line":55,"column":34},"end":{"line":55,"column":36}},"line":55},"10":{"name":"(anonymous_10)","decl":{"start":{"line":56,"column":36},"end":{"line":56,"column":42}},"loc":{"start":{"line":56,"column":42},"end":{"line":58,"column":9}},"line":56},"11":{"name":"(anonymous_11)","decl":{"start":{"line":61,"column":30},"end":{"line":61,"column":43}},"loc":{"start":{"line":61,"column":43},"end":{"line":61,"column":72}},"line":61},"12":{"name":"(anonymous_12)","decl":{"start":{"line":64,"column":28},"end":{"line":64,"column":34}},"loc":{"start":{"line":64,"column":34},"end":{"line":64,"column":36}},"line":64},"13":{"name":"(anonymous_13)","decl":{"start":{"line":77,"column":81},"end":{"line":77,"column":93}},"loc":{"start":{"line":77,"column":93},"end":{"line":102,"column":3}},"line":77},"14":{"name":"(anonymous_14)","decl":{"start":{"line":81,"column":33},"end":{"line":81,"column":39}},"loc":{"start":{"line":81,"column":39},"end":{"line":81,"column":41}},"line":81},"15":{"name":"(anonymous_15)","decl":{"start":{"line":82,"column":28},"end":{"line":82,"column":34}},"loc":{"start":{"line":82,"column":34},"end":{"line":82,"column":36}},"line":82},"16":{"name":"(anonymous_16)","decl":{"start":{"line":83,"column":36},"end":{"line":83,"column":42}},"loc":{"start":{"line":83,"column":42},"end":{"line":85,"column":9}},"line":83},"17":{"name":"(anonymous_17)","decl":{"start":{"line":88,"column":30},"end":{"line":88,"column":43}},"loc":{"start":{"line":88,"column":43},"end":{"line":88,"column":72}},"line":88},"18":{"name":"(anonymous_18)","decl":{"start":{"line":91,"column":28},"end":{"line":91,"column":34}},"loc":{"start":{"line":91,"column":34},"end":{"line":91,"column":36}},"line":91}},"branchMap":{},"s":{"0":1,"1":1,"2":1,"3":1,"4":1,"5":0,"6":0,"7":0,"8":1,"9":1,"10":1,"11":1,"12":1,"13":1,"14":0,"15":0,"16":0,"17":1,"18":1,"19":1,"20":1,"21":1,"22":1,"23":0,"24":0,"25":0,"26":1,"27":1},"f":{"0":1,"1":1,"2":1,"3":1,"4":0,"5":0,"6":0,"7":1,"8":1,"9":1,"10":0,"11":0,"12":0,"13":1,"14":1,"15":1,"16":0,"17":0,"18":0},"b":{},"meta":{"lastBranch":0,"lastFunction":19,"lastStatement":28,"seen":{"s:4:0:103:Infinity":0,"f:4:38:4:44":0,"s:5:2:48:Infinity":1,"f:5:73:5:85":1,"s:6:20:39:Infinity":2,"f:9:33:9:39":2,"s:9:39:27:9":3,"f:28:28:28:34":3,"s:28:34:28:36":4,"f:29:36:29:42":4,"s:30:10:30:Infinity":5,"f:34:30:34:43":5,"s:34:43:34:72":6,"f:37:28:37:34":6,"s:37:34:37:36":7,"s:41:25:45:Infinity":8,"s:47:4:47:Infinity":9,"s:50:2:75:Infinity":10,"f:50:78:50:90":7,"s:51:20:66:Infinity":11,"f:54:33:54:39":8,"s:54:39:54:41":12,"f:55:28:55:34":9,"s:55:34:55:36":13,"f:56:36:56:42":10,"s:57:10:57:Infinity":14,"f:61:30:61:43":11,"s:61:43:61:72":15,"f:64:28:64:34":12,"s:64:34:64:36":16,"s:68:25:72:Infinity":17,"s:74:4:74:Infinity":18,"s:77:2:102:Infinity":19,"f:77:81:77:93":13,"s:78:20:93:Infinity":20,"f:81:33:81:39":14,"s:81:39:81:41":21,"f:82:28:82:34":15,"s:82:34:82:36":22,"f:83:36:83:42":16,"s:84:10:84:Infinity":23,"f:88:30:88:43":17,"s:88:43:88:72":24,"f:91:28:91:34":18,"s:91:34:91:36":25,"s:95:25:99:Infinity":26,"s:101:4:101:Infinity":27}}}
}
